Atmosphère Crash Report (v1.7):
Result:                          0x4A8 (2168-0002)

Process Info:
    Process Name:                hbloader
    Program ID:                  0100b6200d8d2000
    Process ID:                  000000000000008c
    Process Flags:               00000077
    User Exception Address:      000000261d1b7000
Exception Info:
    Type:                        Data Abort
    Address:                     0000000000000000
Crashed Thread Info:
    Thread ID:                   000000000000025d
    Stack Region:                00000057fc29b000-00000057fc39b000
    Registers:
        X[00]:                   0000000000000000
        X[01]:                   0000000000000001
        X[02]:                   00000002e2f8db60
        X[03]:                   00000008b6503c80 (SwitchPalace + 0x84c80)
        X[04]:                   0000000000000000
        X[05]:                   0000000000000000
        X[06]:                   00000002e2fad870
        X[07]:                   0000000000000000
        X[08]:                   0000000000000000
        X[09]:                   0000000000000000
        X[10]:                   0000000000000000
        X[11]:                   0000000000000000
        X[12]:                   0000000000000000
        X[13]:                   0000000000000000
        X[14]:                   0000000000000000
        X[15]:                   0000000000000000
        X[16]:                   00000008b6503c80 (SwitchPalace + 0x84c80)
        X[17]:                   0000000000000000
        X[18]:                   0000000000000000
        X[19]:                   0000000000000001
        X[20]:                   0000000000000001
        X[21]:                   00000002e2f53380
        X[22]:                   0000000000000001
        X[23]:                   00000008b66e8450
        X[24]:                   0000000001ef94ed
        X[25]:                   0000000001ed4afd
        X[26]:                   00000008b66e8368
        X[27]:                   000000005ce00d18
        X[28]:                   00000008b66e8250
        FP:                      00000057fc39a970
        LR:                      00000008b6503ca0 (SwitchPalace + 0x84ca0)
        SP:                      00000057fc39a970
        PC:                      00000008b6503cc0 (SwitchPalace + 0x84cc0)
    Stack Trace:
        ReturnAddress[00]:       00000008b64fbba4 (SwitchPalace + 0x7cba4)
        ReturnAddress[01]:       00000008b65000d8 (SwitchPalace + 0x810d8)
        ReturnAddress[02]:       00000008b650184c (SwitchPalace + 0x8284c)
        ReturnAddress[03]:       00000008b65020dc (SwitchPalace + 0x830dc)
        ReturnAddress[04]:       00000008b649cca4 (SwitchPalace + 0x1dca4)
        ReturnAddress[05]:       00000008b649ca60 (SwitchPalace + 0x1da60)
        ReturnAddress[06]:       0000000000000006
        ReturnAddress[07]:       0000000000000009
    Stack Dump:                               00 01 02 03 04 05 06 07 08 09 0a 0b 0c 0d 0e 0f
                                 0057fc39a970 b0 a9 39 fc 57 00 00 00 a4 bb 4f b6 08 00 00 00
                                 0057fc39a980 01 00 00 00 00 00 00 00 00 00 00 00 00 00 00 00
                                 0057fc39a990 60 db f8 e2 02 00 00 00 00 1b e9 e2 02 00 00 00
                                 0057fc39a9a0 60 db f8 e2 02 00 00 00 d0 1b e9 e2 01 00 00 00
                                 0057fc39a9b0 70 ab 39 fc 57 00 00 00 d8 00 50 b6 08 00 00 00
                                 0057fc39a9c0 13 00 00 00 00 00 00 00 00 00 00 00 00 00 00 00
                                 0057fc39a9d0 5d c4 eb 01 00 00 00 00 00 1b e9 e2 02 00 00 00
                                 0057fc39a9e0 30 84 6e b6 08 00 00 00 ed 94 ef 01 00 00 00 00
                                 0057fc39a9f0 fd 4a ed 01 00 00 00 00 68 83 6e b6 08 00 00 00
                                 0057fc39aa00 3f 00 00 00 00 00 00 00 84 f6 56 b6 08 00 00 00
                                 0057fc39aa10 30 aa 39 fc 57 00 00 00 84 f6 56 b6 08 00 00 00
                                 0057fc39aa20 78 83 6e b6 08 00 00 00 01 00 00 00 00 00 00 00
                                 0057fc39aa30 70 ab 39 fc 57 00 00 00 08 fa 4f b6 08 00 00 00
                                 0057fc39aa40 38 83 6e b6 08 00 00 00 40 af 39 fc 57 00 00 00
                                 0057fc39aa50 b0 af 39 fc 57 00 00 00 00 1b e9 e2 02 00 00 00
                                 0057fc39aa60 00 e0 27 00 00 00 00 00 00 f0 47 b6 08 00 00 00
    TLS Address:                 000000261d1b7200
    TLS Dump:                                 00 01 02 03 04 05 06 07 08 09 0a 0b 0c 0d 0e 0f
                                 00261d1b7200 00 00 01 00 08 00 00 00 00 00 00 00 00 00 00 00
                                 00261d1b7210 53 46 43 4f 00 00 00 00 00 00 00 00 77 08 ab b6
                                 00261d1b7220 00 00 00 00 00 00 00 00 00 00 00 00 00 00 00 00
                                 00261d1b7230 53 46 43 49 00 00 00 00 03 00 00 00 00 00 00 00
                                 00261d1b7240 00 00 00 00 07 00 00 00 00 00 00 00 00 00 00 00
                                 00261d1b7250 04 00 73 01 00 00 18 c0 00 00 00 00 00 00 00 00
                                 00261d1b7260 00 00 00 00 18 00 00 00 88 ab 39 fc 57 00 18 00
                                 00261d1b7270 12 00 00 00 00 00 00 00 8c 00 00 00 00 00 00 00
                                 00261d1b7280 00 00 00 00 00 00 00 00 00 00 00 00 00 00 00 00
                                 00261d1b7290 00 00 00 00 00 00 00 00 00 00 00 00 00 00 00 00
                                 00261d1b72a0 00 00 00 00 00 00 00 00 00 00 00 00 00 00 00 00
                                 00261d1b72b0 00 00 00 00 00 00 00 00 00 00 00 00 00 00 00 00
                                 00261d1b72c0 00 00 00 00 00 00 00 00 00 00 00 00 00 00 00 00
                                 00261d1b72d0 00 00 00 00 00 00 00 00 00 00 00 00 00 00 00 00
                                 00261d1b72e0 00 00 00 00 00 00 00 00 00 00 00 00 00 00 00 00
                                 00261d1b72f0 00 00 00 00 00 00 00 00 00 00 00 00 00 00 00 00
Module Info:
    Number of Modules:           01
    Module 00:
        Address:                 00000008b647f000-00000008b666c000
        Name:                    SwitchPalace
        Module Id:               EF7A803AE807EBECB500FE3CA642763F6760B3D2000000000000000000000000
Thread Report:
Number of Threads:               02
Threads[00]:
    Thread ID:                   000000000000025d
    Stack Region:                00000057fc29b000-00000057fc39b000
    Registers:
        X[00]:                   0000000000000000
        X[01]:                   0000000000000001
        X[02]:                   00000002e2f8db60
        X[03]:                   00000008b6503c80 (SwitchPalace + 0x84c80)
        X[04]:                   0000000000000000
        X[05]:                   0000000000000000
        X[06]:                   00000002e2fad870
        X[07]:                   0000000000000000
        X[08]:                   0000000000000000
        X[09]:                   0000000000000000
        X[10]:                   0000000000000000
        X[11]:                   0000000000000000
        X[12]:                   0000000000000000
        X[13]:                   0000000000000000
        X[14]:                   0000000000000000
        X[15]:                   0000000000000000
        X[16]:                   00000008b6503c80 (SwitchPalace + 0x84c80)
        X[17]:                   0000000000000000
        X[18]:                   0000000000000000
        X[19]:                   0000000000000001
        X[20]:                   0000000000000001
        X[21]:                   00000002e2f53380
        X[22]:                   0000000000000001
        X[23]:                   00000008b66e8450
        X[24]:                   0000000001ef94ed
        X[25]:                   0000000001ed4afd
        X[26]:                   00000008b66e8368
        X[27]:                   000000005ce00d18
        X[28]:                   00000008b66e8250
        FP:                      00000057fc39a970
        LR:                      00000008b6503ca0 (SwitchPalace + 0x84ca0)
        SP:                      00000057fc39a970
        PC:                      00000008b6503cc0 (SwitchPalace + 0x84cc0)
    Stack Trace:
        ReturnAddress[00]:       00000008b64fbba4 (SwitchPalace + 0x7cba4)
        ReturnAddress[01]:       00000008b65000d8 (SwitchPalace + 0x810d8)
        ReturnAddress[02]:       00000008b650184c (SwitchPalace + 0x8284c)
        ReturnAddress[03]:       00000008b65020dc (SwitchPalace + 0x830dc)
        ReturnAddress[04]:       00000008b649cca4 (SwitchPalace + 0x1dca4)
        ReturnAddress[05]:       00000008b649ca60 (SwitchPalace + 0x1da60)
        ReturnAddress[06]:       0000000000000006
        ReturnAddress[07]:       0000000000000009
    Stack Dump:                               00 01 02 03 04 05 06 07 08 09 0a 0b 0c 0d 0e 0f
                                 0057fc39a970 b0 a9 39 fc 57 00 00 00 a4 bb 4f b6 08 00 00 00
                                 0057fc39a980 01 00 00 00 00 00 00 00 00 00 00 00 00 00 00 00
                                 0057fc39a990 60 db f8 e2 02 00 00 00 00 1b e9 e2 02 00 00 00
                                 0057fc39a9a0 60 db f8 e2 02 00 00 00 d0 1b e9 e2 01 00 00 00
                                 0057fc39a9b0 70 ab 39 fc 57 00 00 00 d8 00 50 b6 08 00 00 00
                                 0057fc39a9c0 13 00 00 00 00 00 00 00 00 00 00 00 00 00 00 00
                                 0057fc39a9d0 5d c4 eb 01 00 00 00 00 00 1b e9 e2 02 00 00 00
                                 0057fc39a9e0 30 84 6e b6 08 00 00 00 ed 94 ef 01 00 00 00 00
                                 0057fc39a9f0 fd 4a ed 01 00 00 00 00 68 83 6e b6 08 00 00 00
                                 0057fc39aa00 3f 00 00 00 00 00 00 00 84 f6 56 b6 08 00 00 00
                                 0057fc39aa10 30 aa 39 fc 57 00 00 00 84 f6 56 b6 08 00 00 00
                                 0057fc39aa20 78 83 6e b6 08 00 00 00 01 00 00 00 00 00 00 00
                                 0057fc39aa30 70 ab 39 fc 57 00 00 00 08 fa 4f b6 08 00 00 00
                                 0057fc39aa40 38 83 6e b6 08 00 00 00 40 af 39 fc 57 00 00 00
                                 0057fc39aa50 b0 af 39 fc 57 00 00 00 00 1b e9 e2 02 00 00 00
                                 0057fc39aa60 00 e0 27 00 00 00 00 00 00 f0 47 b6 08 00 00 00
    TLS Address:                 000000261d1b7200
    TLS Dump:                                 00 01 02 03 04 05 06 07 08 09 0a 0b 0c 0d 0e 0f
                                 00261d1b7200 00 00 01 00 08 00 00 00 00 00 00 00 00 00 00 00
                                 00261d1b7210 53 46 43 4f 00 00 00 00 00 00 00 00 77 08 ab b6
                                 00261d1b7220 00 00 00 00 00 00 00 00 00 00 00 00 00 00 00 00
                                 00261d1b7230 53 46 43 49 00 00 00 00 03 00 00 00 00 00 00 00
                                 00261d1b7240 00 00 00 00 07 00 00 00 00 00 00 00 00 00 00 00
                                 00261d1b7250 04 00 73 01 00 00 18 c0 00 00 00 00 00 00 00 00
                                 00261d1b7260 00 00 00 00 18 00 00 00 88 ab 39 fc 57 00 18 00
                                 00261d1b7270 12 00 00 00 00 00 00 00 8c 00 00 00 00 00 00 00
                                 00261d1b7280 00 00 00 00 00 00 00 00 00 00 00 00 00 00 00 00
                                 00261d1b7290 00 00 00 00 00 00 00 00 00 00 00 00 00 00 00 00
                                 00261d1b72a0 00 00 00 00 00 00 00 00 00 00 00 00 00 00 00 00
                                 00261d1b72b0 00 00 00 00 00 00 00 00 00 00 00 00 00 00 00 00
                                 00261d1b72c0 00 00 00 00 00 00 00 00 00 00 00 00 00 00 00 00
                                 00261d1b72d0 00 00 00 00 00 00 00 00 00 00 00 00 00 00 00 00
                                 00261d1b72e0 00 00 00 00 00 00 00 00 00 00 00 00 00 00 00 00
                                 00261d1b72f0 00 00 00 00 00 00 00 00 00 00 00 00 00 00 00 00
Threads[01]:
    Thread ID:                   000000000000027a
    Stack Region:                0000005805e8b000-0000005805eac000
    Registers:
        X[00]:                   000000001dcd6500
        X[01]:                   000000001dcd6500
        X[02]:                   0000000000000000
        X[03]:                   00000008b65d78c0 (SwitchPalace + 0x1588c0)
        X[04]:                   0000000000000000
        X[05]:                   0000000000000000
        X[06]:                   0000000000000000
        X[07]:                   0000000000000000
        X[08]:                   0000000000000000
        X[09]:                   0000000000000000
        X[10]:                   0000000000000000
        X[11]:                   0000000000000000
        X[12]:                   0000000000000000
        X[13]:                   0000000000000000
        X[14]:                   0000000000000000
        X[15]:                   0000000000000000
        X[16]:                   0000000000000000
        X[17]:                   0000000000000000
        X[18]:                   0000000000000000
        X[19]:                   0000000000000000
        X[20]:                   0000000000000000
        X[21]:                   0000000000000000
        X[22]:                   0000000000000000
        X[23]:                   0000000000000000
        X[24]:                   0000000000000000
        X[25]:                   0000000000000000
        X[26]:                   0000000000000000
        X[27]:                   0000000000000000
        X[28]:                   0000000000000000
        FP:                      0000005805eaae70
        LR:                      00000008b65d78dc (SwitchPalace + 0x1588dc)
        SP:                      0000005805eaae70
        PC:                      00000008b65d1444 (SwitchPalace + 0x152444)
    Stack Trace:
        ReturnAddress[00]:       00000008b651ad20 (SwitchPalace + 0x9bd20)
        ReturnAddress[01]:       00000008b662195c (SwitchPalace + 0x1a295c)
        ReturnAddress[02]:       00000008b65d7274 (SwitchPalace + 0x158274)
        ReturnAddress[03]:       00000008b65da758 (SwitchPalace + 0x15b758)
        ReturnAddress[04]:       0000000000000000
    Stack Dump:                               00 01 02 03 04 05 06 07 08 09 0a 0b 0c 0d 0e 0f
                                 005805eaae70 90 ae ea 05 58 00 00 00 20 ad 51 b6 08 00 00 00
                                 005805eaae80 00 00 00 00 00 00 00 00 08 ad 51 b6 08 00 00 00
                                 005805eaae90 50 af ea 05 58 00 00 00 5c 19 62 b6 08 00 00 00
                                 005805eaaea0 d0 f0 88 e1 02 00 00 00 80 75 1b 1d 26 00 00 00
                                 005805eaaeb0 40 19 62 b6 08 00 00 00 d0 f0 88 e1 02 00 00 00
                                 005805eaaec0 00 00 00 00 00 00 00 00 00 00 00 00 00 00 00 00
                                 005805eaaed0 00 00 00 00 00 00 00 00 00 00 00 00 00 00 00 00
                                 005805eaaee0 00 00 00 00 00 00 00 00 00 00 00 00 00 00 00 00
                                 005805eaaef0 22 22 22 ff 22 22 22 ff 22 22 22 ff 23 23 23 48
                                 005805eaaf00 00 00 00 00 00 00 00 00 00 65 cd 1d 00 00 00 00
                                 005805eaaf10 00 00 00 00 25 25 25 53 22 22 22 ff 22 22 22 ff
                                 005805eaaf20 00 00 00 00 00 00 00 00 22 22 22 ff 00 00 00 00
                                 005805eaaf30 00 00 00 00 00 00 00 00 00 00 00 00 00 00 00 00
                                 005805eaaf40 00 00 00 00 00 00 00 00 00 00 00 00 00 00 00 00
                                 005805eaaf50 70 af ea 05 58 00 00 00 74 72 5d b6 08 00 00 00
                                 005805eaaf60 f0 ad 39 fc 57 00 00 00 80 75 1b 1d 26 00 00 00
    TLS Address:                 000000261d1b7400
    TLS Dump:                                 00 01 02 03 04 05 06 07 08 09 0a 0b 0c 0d 0e 0f
                                 00261d1b7400 00 00 00 00 00 00 00 00 00 00 00 00 00 00 00 00
                                 00261d1b7410 00 00 00 00 00 00 00 00 00 00 00 00 00 00 00 00
                                 00261d1b7420 00 00 00 00 00 00 00 00 00 00 00 00 00 00 00 00
                                 00261d1b7430 00 00 00 00 00 00 00 00 00 00 00 00 00 00 00 00
                                 00261d1b7440 00 00 00 00 00 00 00 00 00 00 00 00 00 00 00 00
                                 00261d1b7450 00 00 00 00 00 00 00 00 00 00 00 00 00 00 00 00
                                 00261d1b7460 00 00 00 00 00 00 00 00 00 00 00 00 00 00 00 00
                                 00261d1b7470 00 00 00 00 00 00 00 00 00 00 00 00 00 00 00 00
                                 00261d1b7480 00 00 00 00 00 00 00 00 00 00 00 00 00 00 00 00
                                 00261d1b7490 00 00 00 00 00 00 00 00 00 00 00 00 00 00 00 00
                                 00261d1b74a0 00 00 00 00 00 00 00 00 00 00 00 00 00 00 00 00
                                 00261d1b74b0 00 00 00 00 00 00 00 00 00 00 00 00 00 00 00 00
                                 00261d1b74c0 00 00 00 00 00 00 00 00 00 00 00 00 00 00 00 00
                                 00261d1b74d0 00 00 00 00 00 00 00 00 00 00 00 00 00 00 00 00
                                 00261d1b74e0 00 00 00 00 00 00 00 00 00 00 00 00 00 00 00 00
                                 00261d1b74f0 00 00 00 00 00 00 00 00 00 00 00 00 00 00 00 00
