Atmosphère Crash Report (v1.7):
Result:                          0x4A8 (2168-0002)

Process Info:
    Process Name:                hbloader
    Program ID:                  010000000000100d
    Process ID:                  000000000000008b
    Process Flags:               000000b7
    User Exception Address:      0000002403df2000
Exception Info:
    Type:                        Data Abort
    Address:                     000000117bacb3b8
    Fault Address:               0000000000000000
Crashed Thread Info:
    Thread ID:                   0000000000000269
    Stack Region:                00000037de786000-00000037de886000
    Registers:
        X[00]:                   000000737c4444a0
        X[01]:                   0000000000012c51
        X[02]:                   000000117ba9b3a0
        X[03]:                   000000117bacb3b0
        X[04]:                   0000000000076000
        X[05]:                   0000000000011c60
        X[06]:                   000000117ba9b3a0
        X[07]:                   000000737c45e000
        X[08]:                   000000737c443c88
        X[09]:                   000000737c443c78
        X[10]:                   0000002662e1bde9
        X[11]:                   0000000000000000
        X[12]:                   0000000000000000
        X[13]:                   0000000000000000
        X[14]:                   0000000000000000
        X[15]:                   0000000000000000
        X[16]:                   0000000000000000
        X[17]:                   0000000000000000
        X[18]:                   0000000000000000
        X[19]:                   000000737c4444a0
        X[20]:                   00000037de885970
        X[21]:                   000000737c43b118
        X[22]:                   0000000000000000
        X[23]:                   0000000000000000
        X[24]:                   000000737c43b0e0
        X[25]:                   0000000000000000
        X[26]:                   000000737c43b0e0
        X[27]:                   000000117ba6b3a0
        X[28]:                   00000037de886000
        FP:                      00000037de885800
        LR:                      000000737c396d7c (nx-hbmenu + 0x196d7c)
        SP:                      00000037de885800
        PC:                      000000737c396f38 (nx-hbmenu + 0x196f38)
    Stack Trace:
        ReturnAddress[00]:       000000737c395f5c (nx-hbmenu + 0x195f5c)
        ReturnAddress[01]:       000000737c2008d0 (nx-hbmenu + 0x8d0)
        ReturnAddress[02]:       000000737c200af8 (nx-hbmenu + 0xaf8)
        ReturnAddress[03]:       000000737c200e3c (nx-hbmenu + 0xe3c)
        ReturnAddress[04]:       000000737c2003b8 (nx-hbmenu + 0x3b8)
        ReturnAddress[05]:       000000737c200140 (nx-hbmenu + 0x140)
        ReturnAddress[06]:       0000000000000000
    Stack Dump:                               00 01 02 03 04 05 06 07 08 09 0a 0b 0c 0d 0e 0f
                                 0037de885800 70 58 88 de 37 00 00 00 5c 5f 39 7c 73 00 00 00
                                 0037de885810 78 59 88 de 37 00 00 00 90 66 6f 6c 64 65 72 5f
                                 0037de885820 69 63 6f 6e 2e 62 69 6e 00 10 03 00 00 00 00 00
                                 0037de885830 78 3c 44 7c 73 00 00 00 10 00 03 00 00 00 00 00
                                 0037de885840 a0 b3 a9 7b 11 00 00 00 88 3c 44 7c 73 00 00 00
                                 0037de885850 60 1c 01 00 00 00 00 00 00 00 00 00 00 00 00 00
                                 0037de885860 90 58 88 de 37 00 00 00 d0 08 20 7c 73 00 00 00
                                 0037de885870 90 58 88 de 37 00 00 00 d0 08 20 7c 73 00 00 00
                                 0037de885880 23 b1 43 7c 73 00 00 00 01 00 00 00 00 00 00 00
                                 0037de885890 00 59 88 de 37 00 00 00 f8 0a 20 7c 73 00 00 00
                                 0037de8858a0 23 b1 43 7c 73 00 00 00 18 b1 43 7c 73 00 00 00
                                 0037de8858b0 02 00 00 00 00 00 00 00 00 a0 43 7c 73 00 00 00
                                 0037de8858c0 70 0c 01 00 00 00 00 00 00 22 df 03 24 00 00 00
                                 0037de8858d0 00 59 88 de 37 00 00 00 00 00 03 00 00 00 00 00
                                 0037de8858e0 5a de 18 69 00 00 00 00 5a de 18 69 00 00 00 00
                                 0037de8858f0 ff ff ff ff ff ff ff ff 00 00 00 00 01 00 00 00
    TLS Address:                 0000002403df2200
    TLS Dump:                                 00 01 02 03 04 05 06 07 08 09 0a 0b 0c 0d 0e 0f
                                 002403df2200 00 00 00 00 0e 00 00 00 00 00 00 00 00 00 00 00
                                 002403df2210 00 00 00 00 00 00 00 00 00 00 00 00 00 00 00 00
                                 002403df2220 53 46 43 4f 00 00 00 00 00 00 00 00 a1 6d 71 f3
                                 002403df2230 02 00 00 00 00 00 00 00 00 00 00 00 00 00 00 00
                                 002403df2240 00 00 00 00 00 00 00 00 81 21 25 00 00 00 00 00
                                 002403df2250 02 00 00 00 00 00 00 00 00 00 00 00 00 00 00 00
                                 002403df2260 00 00 00 00 00 00 00 00 00 00 00 00 00 00 00 00
                                 002403df2270 13 00 00 00 00 00 00 00 8b 00 00 00 00 00 00 00
                                 002403df2280 00 00 00 00 00 00 00 00 00 00 00 00 00 00 00 00
                                 002403df2290 00 00 00 00 00 00 00 00 00 00 00 00 00 00 00 00
                                 002403df22a0 00 00 00 00 00 00 00 00 00 00 00 00 00 00 00 00
                                 002403df22b0 00 00 00 00 00 00 00 00 00 00 00 00 00 00 00 00
                                 002403df22c0 00 00 00 00 00 00 00 00 00 00 00 00 00 00 00 00
                                 002403df22d0 00 00 00 00 00 00 00 00 00 00 00 00 00 00 00 00
                                 002403df22e0 00 00 00 00 00 00 00 00 00 00 00 00 00 00 00 00
                                 002403df22f0 00 00 00 00 00 00 00 00 00 00 00 00 00 00 00 00
Module Info:
    Number of Modules:           01
    Module 00:
        Address:                 000000737c200000-000000737c3b0000
        Name:                    nx-hbmenu
        Module Id:               D9CBE9217B0F61043FCDC695A397E1CBB1F3DF69000000000000000000000000
Thread Report:
Number of Threads:               02
Threads[00]:
    Thread ID:                   0000000000000269
    Stack Region:                00000037de786000-00000037de886000
    Registers:
        X[00]:                   000000737c4444a0
        X[01]:                   0000000000012c51
        X[02]:                   000000117ba9b3a0
        X[03]:                   000000117bacb3b0
        X[04]:                   0000000000076000
        X[05]:                   0000000000011c60
        X[06]:                   000000117ba9b3a0
        X[07]:                   000000737c45e000
        X[08]:                   000000737c443c88
        X[09]:                   000000737c443c78
        X[10]:                   0000002662e1bde9
        X[11]:                   0000000000000000
        X[12]:                   0000000000000000
        X[13]:                   0000000000000000
        X[14]:                   0000000000000000
        X[15]:                   0000000000000000
        X[16]:                   0000000000000000
        X[17]:                   0000000000000000
        X[18]:                   0000000000000000
        X[19]:                   000000737c4444a0
        X[20]:                   00000037de885970
        X[21]:                   000000737c43b118
        X[22]:                   0000000000000000
        X[23]:                   0000000000000000
        X[24]:                   000000737c43b0e0
        X[25]:                   0000000000000000
        X[26]:                   000000737c43b0e0
        X[27]:                   000000117ba6b3a0
        X[28]:                   00000037de886000
        FP:                      00000037de885800
        LR:                      000000737c396d7c (nx-hbmenu + 0x196d7c)
        SP:                      00000037de885800
        PC:                      000000737c396f38 (nx-hbmenu + 0x196f38)
    Stack Trace:
        ReturnAddress[00]:       000000737c395f5c (nx-hbmenu + 0x195f5c)
        ReturnAddress[01]:       000000737c2008d0 (nx-hbmenu + 0x8d0)
        ReturnAddress[02]:       000000737c200af8 (nx-hbmenu + 0xaf8)
        ReturnAddress[03]:       000000737c200e3c (nx-hbmenu + 0xe3c)
        ReturnAddress[04]:       000000737c2003b8 (nx-hbmenu + 0x3b8)
        ReturnAddress[05]:       000000737c200140 (nx-hbmenu + 0x140)
        ReturnAddress[06]:       0000000000000000
    Stack Dump:                               00 01 02 03 04 05 06 07 08 09 0a 0b 0c 0d 0e 0f
                                 0037de885800 70 58 88 de 37 00 00 00 5c 5f 39 7c 73 00 00 00
                                 0037de885810 78 59 88 de 37 00 00 00 90 66 6f 6c 64 65 72 5f
                                 0037de885820 69 63 6f 6e 2e 62 69 6e 00 10 03 00 00 00 00 00
                                 0037de885830 78 3c 44 7c 73 00 00 00 10 00 03 00 00 00 00 00
                                 0037de885840 a0 b3 a9 7b 11 00 00 00 88 3c 44 7c 73 00 00 00
                                 0037de885850 60 1c 01 00 00 00 00 00 00 00 00 00 00 00 00 00
                                 0037de885860 90 58 88 de 37 00 00 00 d0 08 20 7c 73 00 00 00
                                 0037de885870 90 58 88 de 37 00 00 00 d0 08 20 7c 73 00 00 00
                                 0037de885880 23 b1 43 7c 73 00 00 00 01 00 00 00 00 00 00 00
                                 0037de885890 00 59 88 de 37 00 00 00 f8 0a 20 7c 73 00 00 00
                                 0037de8858a0 23 b1 43 7c 73 00 00 00 18 b1 43 7c 73 00 00 00
                                 0037de8858b0 02 00 00 00 00 00 00 00 00 a0 43 7c 73 00 00 00
                                 0037de8858c0 70 0c 01 00 00 00 00 00 00 22 df 03 24 00 00 00
                                 0037de8858d0 00 59 88 de 37 00 00 00 00 00 03 00 00 00 00 00
                                 0037de8858e0 5a de 18 69 00 00 00 00 5a de 18 69 00 00 00 00
                                 0037de8858f0 ff ff ff ff ff ff ff ff 00 00 00 00 01 00 00 00
    TLS Address:                 0000002403df2200
    TLS Dump:                                 00 01 02 03 04 05 06 07 08 09 0a 0b 0c 0d 0e 0f
                                 002403df2200 00 00 00 00 0e 00 00 00 00 00 00 00 00 00 00 00
                                 002403df2210 00 00 00 00 00 00 00 00 00 00 00 00 00 00 00 00
                                 002403df2220 53 46 43 4f 00 00 00 00 00 00 00 00 a1 6d 71 f3
                                 002403df2230 02 00 00 00 00 00 00 00 00 00 00 00 00 00 00 00
                                 002403df2240 00 00 00 00 00 00 00 00 81 21 25 00 00 00 00 00
                                 002403df2250 02 00 00 00 00 00 00 00 00 00 00 00 00 00 00 00
                                 002403df2260 00 00 00 00 00 00 00 00 00 00 00 00 00 00 00 00
                                 002403df2270 13 00 00 00 00 00 00 00 8b 00 00 00 00 00 00 00
                                 002403df2280 00 00 00 00 00 00 00 00 00 00 00 00 00 00 00 00
                                 002403df2290 00 00 00 00 00 00 00 00 00 00 00 00 00 00 00 00
                                 002403df22a0 00 00 00 00 00 00 00 00 00 00 00 00 00 00 00 00
                                 002403df22b0 00 00 00 00 00 00 00 00 00 00 00 00 00 00 00 00
                                 002403df22c0 00 00 00 00 00 00 00 00 00 00 00 00 00 00 00 00
                                 002403df22d0 00 00 00 00 00 00 00 00 00 00 00 00 00 00 00 00
                                 002403df22e0 00 00 00 00 00 00 00 00 00 00 00 00 00 00 00 00
                                 002403df22f0 00 00 00 00 00 00 00 00 00 00 00 00 00 00 00 00
Threads[01]:
    Thread ID:                   0000000000000271
    Stack Region:                00000037e8593000-00000037e85b4000
    Registers:
        X[00]:                   000000001dcd6500
        X[01]:                   000000001dcd6500
        X[02]:                   0000000000000000
        X[03]:                   00000008e890b020
        X[04]:                   0000000000000000
        X[05]:                   0000000000000000
        X[06]:                   0000000000000000
        X[07]:                   0000000000000000
        X[08]:                   0000000000000000
        X[09]:                   0000000000000000
        X[10]:                   0000000000000000
        X[11]:                   0000000000000000
        X[12]:                   0000000000000000
        X[13]:                   0000000000000000
        X[14]:                   0000000000000000
        X[15]:                   0000000000000000
        X[16]:                   0000000000000000
        X[17]:                   0000000000000000
        X[18]:                   0000000000000000
        X[19]:                   0000000000000000
        X[20]:                   0000000000000000
        X[21]:                   0000000000000000
        X[22]:                   0000000000000000
        X[23]:                   0000000000000000
        X[24]:                   0000000000000000
        X[25]:                   0000000000000000
        X[26]:                   0000000000000000
        X[27]:                   0000000000000000
        X[28]:                   0000000000000000
        FP:                      00000037e85b2e90
        LR:                      00000008e890b03c
        SP:                      00000037e85b2e90
        PC:                      00000008e8904ba4
    Stack Trace:
        ReturnAddress[00]:       00000008e884e4a0
        ReturnAddress[01]:       00000008e890a9d4
        ReturnAddress[02]:       00000008e890deb8
        ReturnAddress[03]:       0000000000000000
    Stack Dump:                               00 01 02 03 04 05 06 07 08 09 0a 0b 0c 0d 0e 0f
                                 0037e85b2e90 b0 2e 5b e8 37 00 00 00 a0 e4 84 e8 08 00 00 00
                                 0037e85b2ea0 00 00 00 00 00 00 00 00 88 e4 84 e8 08 00 00 00
                                 0037e85b2eb0 70 2f 5b e8 37 00 00 00 d4 a9 90 e8 08 00 00 00
                                 0037e85b2ec0 50 5e 88 de 37 00 00 00 80 25 df 03 24 00 00 00
                                 0037e85b2ed0 a0 e1 84 e8 08 00 00 00 00 00 00 00 00 00 00 00
                                 0037e85b2ee0 00 00 00 00 00 00 00 00 00 00 00 00 00 00 00 00
                                 0037e85b2ef0 00 00 00 00 00 00 00 00 00 00 00 00 00 00 00 00
                                 0037e85b2f00 00 00 00 00 00 00 00 00 00 00 00 00 00 00 00 00
                                 0037e85b2f10 32 3b 46 32 3b 46 32 3b 46 32 3b 46 32 3b 46 32
                                 0037e85b2f20 00 00 00 00 00 00 00 00 00 65 cd 1d 00 00 00 00
                                 0037e85b2f30 46 32 3b 46 32 3b 46 32 3b 46 32 3b 46 32 3b 46
                                 0037e85b2f40 00 00 00 00 00 00 00 00 46 32 3b 46 32 3b 46 32
                                 0037e85b2f50 3b 46 32 3b 46 32 3b 46 32 3b 46 32 3b 46 32 3b
                                 0037e85b2f60 70 2f 5b e8 37 00 00 00 cc a9 90 e8 08 00 00 00
                                 0037e85b2f70 a0 2f 5b e8 37 00 00 00 b8 de 90 e8 08 00 00 00
                                 0037e85b2f80 d0 2f 5b e8 37 00 00 00 80 25 df 03 24 00 00 00
    TLS Address:                 0000002403df2400
    TLS Dump:                                 00 01 02 03 04 05 06 07 08 09 0a 0b 0c 0d 0e 0f
                                 002403df2400 00 00 00 00 00 00 00 00 00 00 00 00 00 00 00 00
                                 002403df2410 00 00 00 00 00 00 00 00 00 00 00 00 00 00 00 00
                                 002403df2420 00 00 00 00 00 00 00 00 00 00 00 00 00 00 00 00
                                 002403df2430 00 00 00 00 00 00 00 00 00 00 00 00 00 00 00 00
                                 002403df2440 00 00 00 00 00 00 00 00 00 00 00 00 00 00 00 00
                                 002403df2450 00 00 00 00 00 00 00 00 00 00 00 00 00 00 00 00
                                 002403df2460 00 00 00 00 00 00 00 00 00 00 00 00 00 00 00 00
                                 002403df2470 00 00 00 00 00 00 00 00 00 00 00 00 00 00 00 00
                                 002403df2480 00 00 00 00 00 00 00 00 00 00 00 00 00 00 00 00
                                 002403df2490 00 00 00 00 00 00 00 00 00 00 00 00 00 00 00 00
                                 002403df24a0 00 00 00 00 00 00 00 00 00 00 00 00 00 00 00 00
                                 002403df24b0 00 00 00 00 00 00 00 00 00 00 00 00 00 00 00 00
                                 002403df24c0 00 00 00 00 00 00 00 00 00 00 00 00 00 00 00 00
                                 002403df24d0 00 00 00 00 00 00 00 00 00 00 00 00 00 00 00 00
                                 002403df24e0 00 00 00 00 00 00 00 00 00 00 00 00 00 00 00 00
                                 002403df24f0 00 00 00 00 00 00 00 00 00 00 00 00 00 00 00 00
