Atmosphère Crash Report (v1.7):
Result:                          0x2A8 (2168-0001)

Process Info:
    Process Name:                hbloader
    Program ID:                  0100b6200d8d2000
    Process ID:                  000000000000008c
    Process Flags:               00000077
    User Exception Address:      00000037b39fa000
Exception Info:
    Type:                        Instruction Abort
    Address:                     000000393c731ba8
Crashed Thread Info:
    Thread ID:                   000000000000027a
    Stack Region:                000000163caeb000-000000163cb0c000
    Registers:
        X[00]:                   0000000000000000
        X[01]:                   0000000000000000
        X[02]:                   0000000000000000
        X[03]:                   0000000000000000
        X[04]:                   0000000000000000
        X[05]:                   0000000000000000
        X[06]:                   0000000000000000
        X[07]:                   0000000000000000
        X[08]:                   0000000000000000
        X[09]:                   0000000000000000
        X[10]:                   0000000000000000
        X[11]:                   0000000000000000
        X[12]:                   0000000000000000
        X[13]:                   0000000000000000
        X[14]:                   0000000000000000
        X[15]:                   0000000000000000
        X[16]:                   0000000000000000
        X[17]:                   0000000000000000
        X[18]:                   3fc62421d20c4633
        X[19]:                   0000000000000000
        X[20]:                   000000163cb0af50
        X[21]:                   000000393c67b1a0
        X[22]:                   000000393c8464c0
        X[23]:                   000000393c849b50
        X[24]:                   000000393c842328
        X[25]:                   0000000000000000
        X[26]:                   0000000000000000
        X[27]:                   0000000000000000
        X[28]:                   0000000000000000
        FP:                      000000163cb0ae90
        LR:                      000000393c73803c
        SP:                      000000163cb0ae90
        PC:                      000000393c731ba8
    Stack Trace:
        ReturnAddress[00]:       000000393c67b4a0
        ReturnAddress[01]:       000000393c7379d4
        ReturnAddress[02]:       000000393c73aeb8
        ReturnAddress[03]:       0000000000000000
    Stack Dump:                               00 01 02 03 04 05 06 07 08 09 0a 0b 0c 0d 0e 0f
                                 00163cb0ae90 b0 ae b0 3c 16 00 00 00 a0 b4 67 3c 39 00 00 00
                                 00163cb0aea0 00 00 00 00 00 00 00 00 88 b4 67 3c 39 00 00 00
                                 00163cb0aeb0 70 af b0 3c 16 00 00 00 d4 79 73 3c 39 00 00 00
                                 00163cb0aec0 50 5e 30 7b 16 00 00 00 80 a5 9f b3 37 00 00 00
                                 00163cb0aed0 a0 b1 67 3c 39 00 00 00 00 00 00 00 00 00 00 00
                                 00163cb0aee0 00 00 00 00 00 00 00 00 00 00 00 00 00 00 00 00
                                 00163cb0aef0 00 00 00 00 00 00 00 00 00 00 00 00 00 00 00 00
                                 00163cb0af00 00 00 00 00 00 00 00 00 00 00 00 00 00 00 00 00
                                 00163cb0af10 32 3b 46 32 3b 46 32 3b 46 32 3b 46 32 3b 46 32
                                 00163cb0af20 00 00 00 00 00 00 00 00 00 65 cd 1d 00 00 00 00
                                 00163cb0af30 46 32 3b 46 32 3b 46 32 3b 46 32 3b 46 32 3b 46
                                 00163cb0af40 00 00 00 00 00 00 00 00 46 32 3b 46 32 3b 46 32
                                 00163cb0af50 3b 46 32 3b 46 32 3b 46 32 3b 46 32 3b 46 32 3b
                                 00163cb0af60 70 af b0 3c 16 00 00 00 cc 79 73 3c 39 00 00 00
                                 00163cb0af70 a0 af b0 3c 16 00 00 00 b8 ae 73 3c 39 00 00 00
                                 00163cb0af80 d0 af b0 3c 16 00 00 00 80 a5 9f b3 37 00 00 00
    TLS Address:                 00000037b39fa400
    TLS Dump:                                 00 01 02 03 04 05 06 07 08 09 0a 0b 0c 0d 0e 0f
                                 0037b39fa400 00 00 00 00 00 00 00 00 00 00 00 00 00 00 00 00
                                 0037b39fa410 00 00 00 00 00 00 00 00 00 00 00 00 00 00 00 00
                                 0037b39fa420 00 00 00 00 00 00 00 00 00 00 00 00 00 00 00 00
                                 0037b39fa430 00 00 00 00 00 00 00 00 00 00 00 00 00 00 00 00
                                 0037b39fa440 00 00 00 00 00 00 00 00 00 00 00 00 00 00 00 00
                                 0037b39fa450 00 00 00 00 00 00 00 00 00 00 00 00 00 00 00 00
                                 0037b39fa460 00 00 00 00 00 00 00 00 00 00 00 00 00 00 00 00
                                 0037b39fa470 00 00 00 00 00 00 00 00 00 00 00 00 00 00 00 00
                                 0037b39fa480 00 00 00 00 00 00 00 00 00 00 00 00 00 00 00 00
                                 0037b39fa490 00 00 00 00 00 00 00 00 00 00 00 00 00 00 00 00
                                 0037b39fa4a0 00 00 00 00 00 00 00 00 00 00 00 00 00 00 00 00
                                 0037b39fa4b0 00 00 00 00 00 00 00 00 00 00 00 00 00 00 00 00
                                 0037b39fa4c0 00 00 00 00 00 00 00 00 00 00 00 00 00 00 00 00
                                 0037b39fa4d0 00 00 00 00 00 00 00 00 00 00 00 00 00 00 00 00
                                 0037b39fa4e0 00 00 00 00 00 00 00 00 00 00 00 00 00 00 00 00
                                 0037b39fa4f0 00 00 00 00 00 00 00 00 00 00 00 00 00 00 00 00
Module Info:
    Number of Modules:           01
    Module 00:
        Address:                 0000002fcc400000-0000002fcc40b000
        Name:                    hbl
        Module Id:               A48F084FBD81E89BDB7BB8504C5F146E7466933E000000000000000000000000
Thread Report:
Number of Threads:               02
Threads[00]:
    Thread ID:                   000000000000025d
    Stack Region:                000000167b206000-000000167b306000
    Registers:
        X[00]:                   00000000000281fd
        X[01]:                   0000000000000080
        X[02]:                   00000000e0000011
        X[03]:                   0000000000000011
        X[04]:                   00000037b39fa200
        X[05]:                   0000000000000011
        X[06]:                   00000037b39fa230
        X[07]:                   00000000000281fd
        X[08]:                   0000000000000000
        X[09]:                   0000000000000000
        X[10]:                   0000000000000000
        X[11]:                   0000000000000000
        X[12]:                   0000000000000000
        X[13]:                   0000000000000000
        X[14]:                   0000000000000000
        X[15]:                   0000000000000000
        X[16]:                   0000000000000000
        X[17]:                   0000000000000000
        X[18]:                   0000000000000000
        X[19]:                   0000000000000000
        X[20]:                   0000000000000000
        X[21]:                   0000000000000000
        X[22]:                   0000000000000000
        X[23]:                   0000000000000000
        X[24]:                   0000000000000000
        X[25]:                   0000000000000000
        X[26]:                   0000000000000000
        X[27]:                   0000000000000000
        X[28]:                   0000000000000000
        FP:                      000000167b305ec0
        LR:                      0000002fcc40352c (hbl + 0x352c)
        SP:                      000000167b305ec0
        PC:                      0000002fcc407524 (hbl + 0x7524)
    Stack Trace:
        ReturnAddress[00]:       0000002fcc406844 (hbl + 0x6844)
        ReturnAddress[01]:       0000002fcc40acf8 (hbl + 0xacf8)
        ReturnAddress[02]:       0000002fcc400a7c (hbl + 0xa7c)
        ReturnAddress[03]:       000000393c7377dc
        ReturnAddress[04]:       000000393c7377f8
        ReturnAddress[05]:       000000393c7ca618
        ReturnAddress[06]:       000000393c7af358
        ReturnAddress[07]:       000000393c74b28c
        ReturnAddress[08]:       000000393c5e0b70
        ReturnAddress[09]:       000000393c74b41c
        ReturnAddress[10]:       000000393c67c048
        ReturnAddress[11]:       0000002fcc403388 (hbl + 0x3388)
        ReturnAddress[12]:       0000002fcc406e10 (hbl + 0x6e10)
        ReturnAddress[13]:       0000002fcc40ac10 (hbl + 0xac10)
        ReturnAddress[14]:       0000004e51400080
        ReturnAddress[15]:       0000000000246f80
        ReturnAddress[16]:       1400ba3354000040
    Stack Dump:                               00 01 02 03 04 05 06 07 08 09 0a 0b 0c 0d 0e 0f
                                 00167b305ec0 30 5f 30 7b 16 00 00 00 44 68 40 cc 2f 00 00 00
                                 00167b305ed0 70 30 41 cc 2f 00 00 00 78 f9 40 cc 2f 00 00 00
                                 00167b305ee0 80 00 40 51 4e 00 00 00 97 00 00 00 00 08 00 00
                                 00167b305ef0 40 5f 30 7b 16 00 00 00 80 00 40 51 4e 00 00 00
                                 00167b305f00 80 6f 24 00 00 00 00 00 70 30 41 cc 2f 00 00 00
                                 00167b305f10 00 00 40 51 4e 00 00 00 00 00 00 00 00 00 00 00
                                 00167b305f20 80 00 00 00 00 00 00 00 80 6f 24 00 00 00 00 00
                                 00167b305f30 70 5f 30 7b 16 00 00 00 f8 ac 40 cc 2f 00 00 00
                                 00167b305f40 80 00 40 51 4e 00 00 00 80 6f 24 00 00 00 00 00
                                 00167b305f50 00 00 40 51 4e 00 00 00 03 00 00 00 00 00 00 00
                                 00167b305f60 60 30 41 cc 2f 00 00 00 ac 9f 41 cc 2f 00 00 00
                                 00167b305f70 a0 5f 30 7b 16 00 00 00 7c 0a 40 cc 2f 00 00 00
                                 00167b305f80 10 00 40 51 4e 00 00 00 00 10 41 cc 2f 00 00 00
                                 00167b305f90 80 6f 24 00 00 00 00 00 78 f9 40 cc 2f 00 00 00
                                 00167b305fa0 70 5d 30 7b 16 00 00 00 dc 77 73 3c 39 00 00 00
                                 00167b305fb0 80 25 d5 52 4e 00 00 00 70 bc 83 3c 39 00 00 00
    TLS Address:                 00000037b39fa200
    TLS Dump:                                 00 01 02 03 04 05 06 07 08 09 0a 0b 0c 0d 0e 0f
                                 0037b39fa200 00 00 00 00 0e 00 00 00 00 00 00 00 00 00 00 00
                                 0037b39fa210 00 00 00 00 00 00 00 00 00 00 00 00 00 00 00 00
                                 0037b39fa220 53 46 43 4f 00 00 00 00 00 00 00 00 a1 6d 71 f3
                                 0037b39fa230 80 6f 24 00 00 00 00 00 00 00 00 00 00 00 00 00
                                 0037b39fa240 00 00 00 00 00 00 00 00 80 00 00 00 00 00 00 00
                                 0037b39fa250 80 6f 24 00 00 00 00 00 00 00 00 00 00 00 00 00
                                 0037b39fa260 00 00 00 00 18 00 00 00 18 5c 30 7b 16 00 18 00
                                 0037b39fa270 12 00 00 00 00 00 00 00 8c 00 00 00 00 00 00 00
                                 0037b39fa280 00 00 00 00 00 00 00 00 00 00 00 00 00 00 00 00
                                 0037b39fa290 00 00 00 00 00 00 00 00 00 00 00 00 00 00 00 00
                                 0037b39fa2a0 00 00 00 00 00 00 00 00 00 00 00 00 00 00 00 00
                                 0037b39fa2b0 00 00 00 00 00 00 00 00 00 00 00 00 00 00 00 00
                                 0037b39fa2c0 00 00 00 00 00 00 00 00 00 00 00 00 00 00 00 00
                                 0037b39fa2d0 00 00 00 00 00 00 00 00 00 00 00 00 00 00 00 00
                                 0037b39fa2e0 00 00 00 00 00 00 00 00 00 00 00 00 00 00 00 00
                                 0037b39fa2f0 00 00 00 00 00 00 00 00 00 00 00 00 00 00 00 00
Threads[01]:
    Thread ID:                   000000000000027a
    Stack Region:                000000163caeb000-000000163cb0c000
    Registers:
        X[00]:                   0000000000000000
        X[01]:                   0000000000000000
        X[02]:                   0000000000000000
        X[03]:                   0000000000000000
        X[04]:                   0000000000000000
        X[05]:                   0000000000000000
        X[06]:                   0000000000000000
        X[07]:                   0000000000000000
        X[08]:                   0000000000000000
        X[09]:                   0000000000000000
        X[10]:                   0000000000000000
        X[11]:                   0000000000000000
        X[12]:                   0000000000000000
        X[13]:                   0000000000000000
        X[14]:                   0000000000000000
        X[15]:                   0000000000000000
        X[16]:                   0000000000000000
        X[17]:                   0000000000000000
        X[18]:                   3fc62421d20c4633
        X[19]:                   0000000000000000
        X[20]:                   000000163cb0af50
        X[21]:                   000000393c67b1a0
        X[22]:                   000000393c8464c0
        X[23]:                   000000393c849b50
        X[24]:                   000000393c842328
        X[25]:                   0000000000000000
        X[26]:                   0000000000000000
        X[27]:                   0000000000000000
        X[28]:                   0000000000000000
        FP:                      000000163cb0ae90
        LR:                      000000393c73803c
        SP:                      000000163cb0ae90
        PC:                      000000393c731ba8
    Stack Trace:
        ReturnAddress[00]:       000000393c67b4a0
        ReturnAddress[01]:       000000393c7379d4
        ReturnAddress[02]:       000000393c73aeb8
        ReturnAddress[03]:       0000000000000000
    Stack Dump:                               00 01 02 03 04 05 06 07 08 09 0a 0b 0c 0d 0e 0f
                                 00163cb0ae90 b0 ae b0 3c 16 00 00 00 a0 b4 67 3c 39 00 00 00
                                 00163cb0aea0 00 00 00 00 00 00 00 00 88 b4 67 3c 39 00 00 00
                                 00163cb0aeb0 70 af b0 3c 16 00 00 00 d4 79 73 3c 39 00 00 00
                                 00163cb0aec0 50 5e 30 7b 16 00 00 00 80 a5 9f b3 37 00 00 00
                                 00163cb0aed0 a0 b1 67 3c 39 00 00 00 00 00 00 00 00 00 00 00
                                 00163cb0aee0 00 00 00 00 00 00 00 00 00 00 00 00 00 00 00 00
                                 00163cb0aef0 00 00 00 00 00 00 00 00 00 00 00 00 00 00 00 00
                                 00163cb0af00 00 00 00 00 00 00 00 00 00 00 00 00 00 00 00 00
                                 00163cb0af10 32 3b 46 32 3b 46 32 3b 46 32 3b 46 32 3b 46 32
                                 00163cb0af20 00 00 00 00 00 00 00 00 00 65 cd 1d 00 00 00 00
                                 00163cb0af30 46 32 3b 46 32 3b 46 32 3b 46 32 3b 46 32 3b 46
                                 00163cb0af40 00 00 00 00 00 00 00 00 46 32 3b 46 32 3b 46 32
                                 00163cb0af50 3b 46 32 3b 46 32 3b 46 32 3b 46 32 3b 46 32 3b
                                 00163cb0af60 70 af b0 3c 16 00 00 00 cc 79 73 3c 39 00 00 00
                                 00163cb0af70 a0 af b0 3c 16 00 00 00 b8 ae 73 3c 39 00 00 00
                                 00163cb0af80 d0 af b0 3c 16 00 00 00 80 a5 9f b3 37 00 00 00
    TLS Address:                 00000037b39fa400
    TLS Dump:                                 00 01 02 03 04 05 06 07 08 09 0a 0b 0c 0d 0e 0f
                                 0037b39fa400 00 00 00 00 00 00 00 00 00 00 00 00 00 00 00 00
                                 0037b39fa410 00 00 00 00 00 00 00 00 00 00 00 00 00 00 00 00
                                 0037b39fa420 00 00 00 00 00 00 00 00 00 00 00 00 00 00 00 00
                                 0037b39fa430 00 00 00 00 00 00 00 00 00 00 00 00 00 00 00 00
                                 0037b39fa440 00 00 00 00 00 00 00 00 00 00 00 00 00 00 00 00
                                 0037b39fa450 00 00 00 00 00 00 00 00 00 00 00 00 00 00 00 00
                                 0037b39fa460 00 00 00 00 00 00 00 00 00 00 00 00 00 00 00 00
                                 0037b39fa470 00 00 00 00 00 00 00 00 00 00 00 00 00 00 00 00
                                 0037b39fa480 00 00 00 00 00 00 00 00 00 00 00 00 00 00 00 00
                                 0037b39fa490 00 00 00 00 00 00 00 00 00 00 00 00 00 00 00 00
                                 0037b39fa4a0 00 00 00 00 00 00 00 00 00 00 00 00 00 00 00 00
                                 0037b39fa4b0 00 00 00 00 00 00 00 00 00 00 00 00 00 00 00 00
                                 0037b39fa4c0 00 00 00 00 00 00 00 00 00 00 00 00 00 00 00 00
                                 0037b39fa4d0 00 00 00 00 00 00 00 00 00 00 00 00 00 00 00 00
                                 0037b39fa4e0 00 00 00 00 00 00 00 00 00 00 00 00 00 00 00 00
                                 0037b39fa4f0 00 00 00 00 00 00 00 00 00 00 00 00 00 00 00 00
