Atmosphère Crash Report (v1.7):
Result:                          0x2A8 (2168-0001)

Process Info:
    Process Name:                hbloader
    Program ID:                  0100b6200d8d2000
    Process ID:                  000000000000008c
    Process Flags:               00000077
    User Exception Address:      0000004c2c364000
Exception Info:
    Type:                        Instruction Abort
    Address:                     00000054b14ad8b8
Crashed Thread Info:
    Thread ID:                   00000000000002b5
    Stack Region:                00000071a142d000-00000071a144e000
    Registers:
        X[00]:                   0000000000000000
        X[01]:                   0000000000000000
        X[02]:                   0000000000000000
        X[03]:                   0000000000000000
        X[04]:                   0000000000000000
        X[05]:                   0000000000000000
        X[06]:                   0000000000000000
        X[07]:                   0000000000000000
        X[08]:                   0000000000000000
        X[09]:                   0000000000000000
        X[10]:                   0000000000000000
        X[11]:                   0000000000000000
        X[12]:                   0000000000000000
        X[13]:                   0000000000000000
        X[14]:                   0000000000000000
        X[15]:                   0000000000000000
        X[16]:                   0000000000000000
        X[17]:                   0000000000000000
        X[18]:                   14907def41ee327d
        X[19]:                   0000000000000000
        X[20]:                   00000071a144cf50
        X[21]:                   00000054b102bf20
        X[22]:                   00000054b1735f10
        X[23]:                   00000054b1739628
        X[24]:                   00000054b172d328
        X[25]:                   0000000000000000
        X[26]:                   0000000000000000
        X[27]:                   0000000000000000
        X[28]:                   0000000000000000
        FP:                      00000071a144ce90
        LR:                      00000054b14b461c
        SP:                      00000071a144ce90
        PC:                      00000054b14ad8b8
    Stack Trace:
        ReturnAddress[00]:       00000054b102c220
        ReturnAddress[01]:       00000054b14b3fb4
        ReturnAddress[02]:       00000054b14b74c8
        ReturnAddress[03]:       0000000000000000
    Stack Dump:                               00 01 02 03 04 05 06 07 08 09 0a 0b 0c 0d 0e 0f
                                 0071a144ce90 b0 ce 44 a1 71 00 00 00 20 c2 02 b1 54 00 00 00
                                 0071a144cea0 00 00 00 00 00 00 00 00 08 c2 02 b1 54 00 00 00
                                 0071a144ceb0 70 cf 44 a1 71 00 00 00 b4 3f 4b b1 54 00 00 00
                                 0071a144cec0 50 0e 14 53 71 00 00 00 80 45 36 2c 4c 00 00 00
                                 0071a144ced0 20 bf 02 b1 54 00 00 00 00 00 00 00 00 00 00 00
                                 0071a144cee0 00 00 00 00 00 00 00 00 00 00 00 00 00 00 00 00
                                 0071a144cef0 00 00 00 00 00 00 00 00 00 00 00 00 00 00 00 00
                                 0071a144cf00 00 00 00 00 00 00 00 00 00 00 00 00 00 00 00 00
                                 0071a144cf10 37 3a 4d 37 3a 4d 37 3a 4d 37 3a 4d 37 3a 4d 37
                                 0071a144cf20 00 00 00 00 00 00 00 00 00 65 cd 1d 00 00 00 00
                                 0071a144cf30 4d 37 3a 4d 37 3a 4d 37 3a 4d 37 3a 4d 37 3a 4d
                                 0071a144cf40 00 00 00 00 00 00 00 00 4d 37 3a 4d 37 3a 4d 37
                                 0071a144cf50 3a 4d 37 3a 4d 37 3a 4d 37 3a 4d 37 3a 4d 37 3a
                                 0071a144cf60 70 cf 44 a1 71 00 00 00 ac 3f 4b b1 54 00 00 00
                                 0071a144cf70 a0 cf 44 a1 71 00 00 00 c8 74 4b b1 54 00 00 00
                                 0071a144cf80 d0 cf 44 a1 71 00 00 00 80 45 36 2c 4c 00 00 00
    TLS Address:                 0000004c2c364400
    TLS Dump:                                 00 01 02 03 04 05 06 07 08 09 0a 0b 0c 0d 0e 0f
                                 004c2c364400 00 00 00 00 00 00 00 00 00 00 00 00 00 00 00 00
                                 004c2c364410 00 00 00 00 00 00 00 00 00 00 00 00 00 00 00 00
                                 004c2c364420 00 00 00 00 00 00 00 00 00 00 00 00 00 00 00 00
                                 004c2c364430 00 00 00 00 00 00 00 00 00 00 00 00 00 00 00 00
                                 004c2c364440 00 00 00 00 00 00 00 00 00 00 00 00 00 00 00 00
                                 004c2c364450 00 00 00 00 00 00 00 00 00 00 00 00 00 00 00 00
                                 004c2c364460 00 00 00 00 00 00 00 00 00 00 00 00 00 00 00 00
                                 004c2c364470 00 00 00 00 00 00 00 00 00 00 00 00 00 00 00 00
                                 004c2c364480 00 00 00 00 00 00 00 00 00 00 00 00 00 00 00 00
                                 004c2c364490 00 00 00 00 00 00 00 00 00 00 00 00 00 00 00 00
                                 004c2c3644a0 00 00 00 00 00 00 00 00 00 00 00 00 00 00 00 00
                                 004c2c3644b0 00 00 00 00 00 00 00 00 00 00 00 00 00 00 00 00
                                 004c2c3644c0 00 00 00 00 00 00 00 00 00 00 00 00 00 00 00 00
                                 004c2c3644d0 00 00 00 00 00 00 00 00 00 00 00 00 00 00 00 00
                                 004c2c3644e0 00 00 00 00 00 00 00 00 00 00 00 00 00 00 00 00
                                 004c2c3644f0 00 00 00 00 00 00 00 00 00 00 00 00 00 00 00 00
Module Info:
    Number of Modules:           01
    Module 00:
        Address:                 0000003ed5200000-0000003ed520b000
        Name:                    hbl
        Module Id:               A48F084FBD81E89BDB7BB8504C5F146E7466933E000000000000000000000000
Thread Report:
Number of Threads:               02
Threads[00]:
    Thread ID:                   0000000000000295
    Stack Region:                0000007153041000-0000007153141000
    Registers:
        X[00]:                   00000000000281fd
        X[01]:                   0000000000000080
        X[02]:                   0000000090000015
        X[03]:                   0000000000000015
        X[04]:                   0000004c2c364200
        X[05]:                   0000000000000015
        X[06]:                   0000004c2c364230
        X[07]:                   00000000000281fd
        X[08]:                   0000000000000000
        X[09]:                   0000000000000000
        X[10]:                   0000000000000000
        X[11]:                   0000000000000000
        X[12]:                   0000000000000000
        X[13]:                   0000000000000000
        X[14]:                   0000000000000000
        X[15]:                   0000000000000000
        X[16]:                   0000000000000000
        X[17]:                   0000000000000000
        X[18]:                   0000000000000000
        X[19]:                   0000000000000000
        X[20]:                   0000000000000000
        X[21]:                   0000000000000000
        X[22]:                   0000000000000000
        X[23]:                   0000000000000000
        X[24]:                   0000000000000000
        X[25]:                   0000000000000000
        X[26]:                   0000000000000000
        X[27]:                   0000000000000000
        X[28]:                   0000000000000000
        FP:                      0000007153140ec0
        LR:                      0000003ed520352c (hbl + 0x352c)
        SP:                      0000007153140ec0
        PC:                      0000003ed5207524 (hbl + 0x7524)
    Stack Trace:
        ReturnAddress[00]:       0000003ed5206844 (hbl + 0x6844)
        ReturnAddress[01]:       0000003ed520acf8 (hbl + 0xacf8)
        ReturnAddress[02]:       0000003ed5200a7c (hbl + 0xa7c)
        ReturnAddress[03]:       00000054b14b3dbc
        ReturnAddress[04]:       00000054b14b3dd8
        ReturnAddress[05]:       00000054b1548e58
        ReturnAddress[06]:       00000054b152d158
        ReturnAddress[07]:       00000054b14c7f4c
        ReturnAddress[08]:       00000054b0f8db70
        ReturnAddress[09]:       00000054b14c80dc
        ReturnAddress[10]:       00000054b102cdc8
        ReturnAddress[11]:       0000003ed5203388 (hbl + 0x3388)
        ReturnAddress[12]:       0000003ed5206e10 (hbl + 0x6e10)
        ReturnAddress[13]:       0000003ed520ac10 (hbl + 0xac10)
        ReturnAddress[14]:       000000591ce00080
        ReturnAddress[15]:       0000000000246f80
        ReturnAddress[16]:       1400ba3354000040
    Stack Dump:                               00 01 02 03 04 05 06 07 08 09 0a 0b 0c 0d 0e 0f
                                 007153140ec0 30 0f 14 53 71 00 00 00 44 68 20 d5 3e 00 00 00
                                 007153140ed0 70 30 21 d5 3e 00 00 00 78 f9 20 d5 3e 00 00 00
                                 007153140ee0 80 00 e0 1c 59 00 00 00 96 00 00 00 00 08 00 00
                                 007153140ef0 40 0f 14 53 71 00 00 00 80 00 e0 1c 59 00 00 00
                                 007153140f00 80 6f 24 00 00 00 00 00 70 30 21 d5 3e 00 00 00
                                 007153140f10 00 00 e0 1c 59 00 00 00 00 00 00 00 00 00 00 00
                                 007153140f20 80 00 00 00 00 00 00 00 80 6f 24 00 00 00 00 00
                                 007153140f30 70 0f 14 53 71 00 00 00 f8 ac 20 d5 3e 00 00 00
                                 007153140f40 80 00 e0 1c 59 00 00 00 80 6f 24 00 00 00 00 00
                                 007153140f50 00 00 e0 1c 59 00 00 00 03 00 00 00 00 00 00 00
                                 007153140f60 60 30 21 d5 3e 00 00 00 ac 9f 21 d5 3e 00 00 00
                                 007153140f70 a0 0f 14 53 71 00 00 00 7c 0a 20 d5 3e 00 00 00
                                 007153140f80 10 00 e0 1c 59 00 00 00 00 10 21 d5 3e 00 00 00
                                 007153140f90 80 6f 24 00 00 00 00 00 78 f9 20 d5 3e 00 00 00
                                 007153140fa0 70 0d 14 53 71 00 00 00 bc 3d 4b b1 54 00 00 00
                                 007153140fb0 20 16 ce 25 59 00 00 00 f0 60 71 b1 54 00 00 00
    TLS Address:                 0000004c2c364200
    TLS Dump:                                 00 01 02 03 04 05 06 07 08 09 0a 0b 0c 0d 0e 0f
                                 004c2c364200 00 00 00 00 0e 00 00 00 00 00 00 00 00 00 00 00
                                 004c2c364210 00 00 00 00 00 00 00 00 00 00 00 00 00 00 00 00
                                 004c2c364220 53 46 43 4f 00 00 00 00 00 00 00 00 a1 6d 71 f3
                                 004c2c364230 80 6f 24 00 00 00 00 00 00 00 00 00 00 00 00 00
                                 004c2c364240 00 00 00 00 00 00 00 00 80 00 00 00 00 00 00 00
                                 004c2c364250 80 6f 24 00 00 00 00 00 00 00 00 00 00 00 00 00
                                 004c2c364260 00 00 00 00 18 00 00 00 f8 0a 14 53 71 00 18 00
                                 004c2c364270 12 00 00 00 00 00 00 00 8c 00 00 00 00 00 00 00
                                 004c2c364280 00 00 00 00 00 00 00 00 00 00 00 00 00 00 00 00
                                 004c2c364290 00 00 00 00 00 00 00 00 00 00 00 00 00 00 00 00
                                 004c2c3642a0 00 00 00 00 00 00 00 00 00 00 00 00 00 00 00 00
                                 004c2c3642b0 00 00 00 00 00 00 00 00 00 00 00 00 00 00 00 00
                                 004c2c3642c0 00 00 00 00 00 00 00 00 00 00 00 00 00 00 00 00
                                 004c2c3642d0 00 00 00 00 00 00 00 00 00 00 00 00 00 00 00 00
                                 004c2c3642e0 00 00 00 00 00 00 00 00 00 00 00 00 00 00 00 00
                                 004c2c3642f0 00 00 00 00 00 00 00 00 00 00 00 00 00 00 00 00
Threads[01]:
    Thread ID:                   00000000000002b5
    Stack Region:                00000071a142d000-00000071a144e000
    Registers:
        X[00]:                   0000000000000000
        X[01]:                   0000000000000000
        X[02]:                   0000000000000000
        X[03]:                   0000000000000000
        X[04]:                   0000000000000000
        X[05]:                   0000000000000000
        X[06]:                   0000000000000000
        X[07]:                   0000000000000000
        X[08]:                   0000000000000000
        X[09]:                   0000000000000000
        X[10]:                   0000000000000000
        X[11]:                   0000000000000000
        X[12]:                   0000000000000000
        X[13]:                   0000000000000000
        X[14]:                   0000000000000000
        X[15]:                   0000000000000000
        X[16]:                   0000000000000000
        X[17]:                   0000000000000000
        X[18]:                   14907def41ee327d
        X[19]:                   0000000000000000
        X[20]:                   00000071a144cf50
        X[21]:                   00000054b102bf20
        X[22]:                   00000054b1735f10
        X[23]:                   00000054b1739628
        X[24]:                   00000054b172d328
        X[25]:                   0000000000000000
        X[26]:                   0000000000000000
        X[27]:                   0000000000000000
        X[28]:                   0000000000000000
        FP:                      00000071a144ce90
        LR:                      00000054b14b461c
        SP:                      00000071a144ce90
        PC:                      00000054b14ad8b8
    Stack Trace:
        ReturnAddress[00]:       00000054b102c220
        ReturnAddress[01]:       00000054b14b3fb4
        ReturnAddress[02]:       00000054b14b74c8
        ReturnAddress[03]:       0000000000000000
    Stack Dump:                               00 01 02 03 04 05 06 07 08 09 0a 0b 0c 0d 0e 0f
                                 0071a144ce90 b0 ce 44 a1 71 00 00 00 20 c2 02 b1 54 00 00 00
                                 0071a144cea0 00 00 00 00 00 00 00 00 08 c2 02 b1 54 00 00 00
                                 0071a144ceb0 70 cf 44 a1 71 00 00 00 b4 3f 4b b1 54 00 00 00
                                 0071a144cec0 50 0e 14 53 71 00 00 00 80 45 36 2c 4c 00 00 00
                                 0071a144ced0 20 bf 02 b1 54 00 00 00 00 00 00 00 00 00 00 00
                                 0071a144cee0 00 00 00 00 00 00 00 00 00 00 00 00 00 00 00 00
                                 0071a144cef0 00 00 00 00 00 00 00 00 00 00 00 00 00 00 00 00
                                 0071a144cf00 00 00 00 00 00 00 00 00 00 00 00 00 00 00 00 00
                                 0071a144cf10 37 3a 4d 37 3a 4d 37 3a 4d 37 3a 4d 37 3a 4d 37
                                 0071a144cf20 00 00 00 00 00 00 00 00 00 65 cd 1d 00 00 00 00
                                 0071a144cf30 4d 37 3a 4d 37 3a 4d 37 3a 4d 37 3a 4d 37 3a 4d
                                 0071a144cf40 00 00 00 00 00 00 00 00 4d 37 3a 4d 37 3a 4d 37
                                 0071a144cf50 3a 4d 37 3a 4d 37 3a 4d 37 3a 4d 37 3a 4d 37 3a
                                 0071a144cf60 70 cf 44 a1 71 00 00 00 ac 3f 4b b1 54 00 00 00
                                 0071a144cf70 a0 cf 44 a1 71 00 00 00 c8 74 4b b1 54 00 00 00
                                 0071a144cf80 d0 cf 44 a1 71 00 00 00 80 45 36 2c 4c 00 00 00
    TLS Address:                 0000004c2c364400
    TLS Dump:                                 00 01 02 03 04 05 06 07 08 09 0a 0b 0c 0d 0e 0f
                                 004c2c364400 00 00 00 00 00 00 00 00 00 00 00 00 00 00 00 00
                                 004c2c364410 00 00 00 00 00 00 00 00 00 00 00 00 00 00 00 00
                                 004c2c364420 00 00 00 00 00 00 00 00 00 00 00 00 00 00 00 00
                                 004c2c364430 00 00 00 00 00 00 00 00 00 00 00 00 00 00 00 00
                                 004c2c364440 00 00 00 00 00 00 00 00 00 00 00 00 00 00 00 00
                                 004c2c364450 00 00 00 00 00 00 00 00 00 00 00 00 00 00 00 00
                                 004c2c364460 00 00 00 00 00 00 00 00 00 00 00 00 00 00 00 00
                                 004c2c364470 00 00 00 00 00 00 00 00 00 00 00 00 00 00 00 00
                                 004c2c364480 00 00 00 00 00 00 00 00 00 00 00 00 00 00 00 00
                                 004c2c364490 00 00 00 00 00 00 00 00 00 00 00 00 00 00 00 00
                                 004c2c3644a0 00 00 00 00 00 00 00 00 00 00 00 00 00 00 00 00
                                 004c2c3644b0 00 00 00 00 00 00 00 00 00 00 00 00 00 00 00 00
                                 004c2c3644c0 00 00 00 00 00 00 00 00 00 00 00 00 00 00 00 00
                                 004c2c3644d0 00 00 00 00 00 00 00 00 00 00 00 00 00 00 00 00
                                 004c2c3644e0 00 00 00 00 00 00 00 00 00 00 00 00 00 00 00 00
                                 004c2c3644f0 00 00 00 00 00 00 00 00 00 00 00 00 00 00 00 00
