Atmosphère Crash Report (v1.7):
Result:                          0x2A8 (2168-0001)

Process Info:
    Process Name:                hbloader
    Program ID:                  0100b6200d8d2000
    Process ID:                  000000000000008c
    Process Flags:               00000077
    User Exception Address:      0000001635eb0000
Exception Info:
    Type:                        Instruction Abort
    Address:                     0000003b084b4358
Crashed Thread Info:
    Thread ID:                   000000000000027d
    Stack Region:                00000043e0ff2000-00000043e1013000
    Registers:
        X[00]:                   0000000000000000
        X[01]:                   0000000000000000
        X[02]:                   0000000000000000
        X[03]:                   0000000000000000
        X[04]:                   0000000000000000
        X[05]:                   0000000000000000
        X[06]:                   0000000000000000
        X[07]:                   0000000000000000
        X[08]:                   0000000000000000
        X[09]:                   0000000000000000
        X[10]:                   0000000000000000
        X[11]:                   0000000000000000
        X[12]:                   0000000000000000
        X[13]:                   0000000000000000
        X[14]:                   0000000000000000
        X[15]:                   0000000000000000
        X[16]:                   0000000000000000
        X[17]:                   0000000000000000
        X[18]:                   b5ae88a61c115d8b
        X[19]:                   0000000000000000
        X[20]:                   00000043e1011f50
        X[21]:                   0000003b08032f20
        X[22]:                   0000003b0873ced0
        X[23]:                   0000003b087405e8
        X[24]:                   0000003b08734328
        X[25]:                   0000000000000000
        X[26]:                   0000000000000000
        X[27]:                   0000000000000000
        X[28]:                   0000000000000000
        FP:                      00000043e1011e90
        LR:                      0000003b084bb0bc
        SP:                      00000043e1011e90
        PC:                      0000003b084b4358
    Stack Trace:
        ReturnAddress[00]:       0000003b08033220
        ReturnAddress[01]:       0000003b084baa54
        ReturnAddress[02]:       0000003b084bdf68
        ReturnAddress[03]:       0000000000000000
    Stack Dump:                               00 01 02 03 04 05 06 07 08 09 0a 0b 0c 0d 0e 0f
                                 0043e1011e90 b0 1e 01 e1 43 00 00 00 20 32 03 08 3b 00 00 00
                                 0043e1011ea0 00 00 00 00 00 00 00 00 08 32 03 08 3b 00 00 00
                                 0043e1011eb0 70 1f 01 e1 43 00 00 00 54 aa 4b 08 3b 00 00 00
                                 0043e1011ec0 50 6e 2c da 43 00 00 00 80 05 eb 35 16 00 00 00
                                 0043e1011ed0 20 2f 03 08 3b 00 00 00 00 00 00 00 00 00 00 00
                                 0043e1011ee0 00 00 00 00 00 00 00 00 00 00 00 00 00 00 00 00
                                 0043e1011ef0 00 00 00 00 00 00 00 00 00 00 00 00 00 00 00 00
                                 0043e1011f00 00 00 00 00 00 00 00 00 00 00 00 00 00 00 00 00
                                 0043e1011f10 4d 37 3a 4d 37 3a 4d 37 3a 4d 37 3a 4d 37 3a 4d
                                 0043e1011f20 00 00 00 00 00 00 00 00 00 65 cd 1d 00 00 00 00
                                 0043e1011f30 3a 4d 37 3a 4d 37 3a 4d 37 3a 4d 37 3a 4d 37 3a
                                 0043e1011f40 00 00 00 00 00 00 00 00 3a 4d 37 3a 4d 37 3a 4d
                                 0043e1011f50 37 3a 4d 37 3a 4d 37 3a 4d 37 3a 4d 37 3a 4d 37
                                 0043e1011f60 70 1f 01 e1 43 00 00 00 4c aa 4b 08 3b 00 00 00
                                 0043e1011f70 a0 1f 01 e1 43 00 00 00 68 df 4b 08 3b 00 00 00
                                 0043e1011f80 d0 1f 01 e1 43 00 00 00 80 05 eb 35 16 00 00 00
    TLS Address:                 0000001635eb0400
    TLS Dump:                                 00 01 02 03 04 05 06 07 08 09 0a 0b 0c 0d 0e 0f
                                 001635eb0400 00 00 00 00 00 00 00 00 00 00 00 00 00 00 00 00
                                 001635eb0410 00 00 00 00 00 00 00 00 00 00 00 00 00 00 00 00
                                 001635eb0420 00 00 00 00 00 00 00 00 00 00 00 00 00 00 00 00
                                 001635eb0430 00 00 00 00 00 00 00 00 00 00 00 00 00 00 00 00
                                 001635eb0440 00 00 00 00 00 00 00 00 00 00 00 00 00 00 00 00
                                 001635eb0450 00 00 00 00 00 00 00 00 00 00 00 00 00 00 00 00
                                 001635eb0460 00 00 00 00 00 00 00 00 00 00 00 00 00 00 00 00
                                 001635eb0470 00 00 00 00 00 00 00 00 00 00 00 00 00 00 00 00
                                 001635eb0480 00 00 00 00 00 00 00 00 00 00 00 00 00 00 00 00
                                 001635eb0490 00 00 00 00 00 00 00 00 00 00 00 00 00 00 00 00
                                 001635eb04a0 00 00 00 00 00 00 00 00 00 00 00 00 00 00 00 00
                                 001635eb04b0 00 00 00 00 00 00 00 00 00 00 00 00 00 00 00 00
                                 001635eb04c0 00 00 00 00 00 00 00 00 00 00 00 00 00 00 00 00
                                 001635eb04d0 00 00 00 00 00 00 00 00 00 00 00 00 00 00 00 00
                                 001635eb04e0 00 00 00 00 00 00 00 00 00 00 00 00 00 00 00 00
                                 001635eb04f0 00 00 00 00 00 00 00 00 00 00 00 00 00 00 00 00
Module Info:
    Number of Modules:           01
    Module 00:
        Address:                 00000056ea400000-00000056ea40b000
        Name:                    hbl
        Module Id:               A48F084FBD81E89BDB7BB8504C5F146E7466933E000000000000000000000000
Thread Report:
Number of Threads:               02
Threads[00]:
    Thread ID:                   0000000000000260
    Stack Region:                00000043da1c7000-00000043da2c7000
    Registers:
        X[00]:                   00000000000281fd
        X[01]:                   0000000000000080
        X[02]:                   00000000b000000d
        X[03]:                   000000000000000d
        X[04]:                   0000001635eb0200
        X[05]:                   000000000000000d
        X[06]:                   0000001635eb0230
        X[07]:                   00000000000281fd
        X[08]:                   0000000000000000
        X[09]:                   0000000000000000
        X[10]:                   0000000000000000
        X[11]:                   0000000000000000
        X[12]:                   0000000000000000
        X[13]:                   0000000000000000
        X[14]:                   0000000000000000
        X[15]:                   0000000000000000
        X[16]:                   0000000000000000
        X[17]:                   0000000000000000
        X[18]:                   0000000000000000
        X[19]:                   0000000000000000
        X[20]:                   0000000000000000
        X[21]:                   0000000000000000
        X[22]:                   0000000000000000
        X[23]:                   0000000000000000
        X[24]:                   0000000000000000
        X[25]:                   0000000000000000
        X[26]:                   0000000000000000
        X[27]:                   0000000000000000
        X[28]:                   0000000000000000
        FP:                      00000043da2c6ec0
        LR:                      00000056ea40352c (hbl + 0x352c)
        SP:                      00000043da2c6ec0
        PC:                      00000056ea407524 (hbl + 0x7524)
    Stack Trace:
        ReturnAddress[00]:       00000056ea406844 (hbl + 0x6844)
        ReturnAddress[01]:       00000056ea40acf8 (hbl + 0xacf8)
        ReturnAddress[02]:       00000056ea400a7c (hbl + 0xa7c)
        ReturnAddress[03]:       0000003b084ba85c
        ReturnAddress[04]:       0000003b084ba878
        ReturnAddress[05]:       0000003b0854f918
        ReturnAddress[06]:       0000003b08533c18
        ReturnAddress[07]:       0000003b084ce9ec
        ReturnAddress[08]:       0000003b07f94b70
        ReturnAddress[09]:       0000003b084ceb7c
        ReturnAddress[10]:       0000003b08033dc8
        ReturnAddress[11]:       00000056ea403388 (hbl + 0x3388)
        ReturnAddress[12]:       00000056ea406e10 (hbl + 0x6e10)
        ReturnAddress[13]:       00000056ea40ac10 (hbl + 0xac10)
        ReturnAddress[14]:       0000003b51a00080
        ReturnAddress[15]:       0000000000246f80
        ReturnAddress[16]:       1400ba3354000040
    Stack Dump:                               00 01 02 03 04 05 06 07 08 09 0a 0b 0c 0d 0e 0f
                                 0043da2c6ec0 30 6f 2c da 43 00 00 00 44 68 40 ea 56 00 00 00
                                 0043da2c6ed0 70 30 41 ea 56 00 00 00 78 f9 40 ea 56 00 00 00
                                 0043da2c6ee0 80 00 a0 51 3b 00 00 00 98 00 00 00 00 08 00 00
                                 0043da2c6ef0 40 6f 2c da 43 00 00 00 80 00 a0 51 3b 00 00 00
                                 0043da2c6f00 80 6f 24 00 00 00 00 00 70 30 41 ea 56 00 00 00
                                 0043da2c6f10 00 00 a0 51 3b 00 00 00 00 00 00 00 00 00 00 00
                                 0043da2c6f20 80 00 00 00 00 00 00 00 80 6f 24 00 00 00 00 00
                                 0043da2c6f30 70 6f 2c da 43 00 00 00 f8 ac 40 ea 56 00 00 00
                                 0043da2c6f40 80 00 a0 51 3b 00 00 00 80 6f 24 00 00 00 00 00
                                 0043da2c6f50 00 00 a0 51 3b 00 00 00 03 00 00 00 00 00 00 00
                                 0043da2c6f60 60 30 41 ea 56 00 00 00 ac 9f 41 ea 56 00 00 00
                                 0043da2c6f70 a0 6f 2c da 43 00 00 00 7c 0a 40 ea 56 00 00 00
                                 0043da2c6f80 10 00 a0 51 3b 00 00 00 00 10 41 ea 56 00 00 00
                                 0043da2c6f90 80 6f 24 00 00 00 00 00 78 f9 40 ea 56 00 00 00
                                 0043da2c6fa0 70 6d 2c da 43 00 00 00 5c a8 4b 08 3b 00 00 00
                                 0043da2c6fb0 a0 3b 8d 5a 3b 00 00 00 f0 d0 71 08 3b 00 00 00
    TLS Address:                 0000001635eb0200
    TLS Dump:                                 00 01 02 03 04 05 06 07 08 09 0a 0b 0c 0d 0e 0f
                                 001635eb0200 00 00 00 00 0e 00 00 00 00 00 00 00 00 00 00 00
                                 001635eb0210 00 00 00 00 00 00 00 00 00 00 00 00 00 00 00 00
                                 001635eb0220 53 46 43 4f 00 00 00 00 00 00 00 00 a1 6d 71 f3
                                 001635eb0230 80 6f 24 00 00 00 00 00 00 00 00 00 00 00 00 00
                                 001635eb0240 00 00 00 00 00 00 00 00 80 00 00 00 00 00 00 00
                                 001635eb0250 80 6f 24 00 00 00 00 00 00 00 00 00 00 00 00 00
                                 001635eb0260 00 00 00 00 18 00 00 00 f8 6a 2c da 43 00 18 00
                                 001635eb0270 12 00 00 00 00 00 00 00 8c 00 00 00 00 00 00 00
                                 001635eb0280 00 00 00 00 00 00 00 00 00 00 00 00 00 00 00 00
                                 001635eb0290 00 00 00 00 00 00 00 00 00 00 00 00 00 00 00 00
                                 001635eb02a0 00 00 00 00 00 00 00 00 00 00 00 00 00 00 00 00
                                 001635eb02b0 00 00 00 00 00 00 00 00 00 00 00 00 00 00 00 00
                                 001635eb02c0 00 00 00 00 00 00 00 00 00 00 00 00 00 00 00 00
                                 001635eb02d0 00 00 00 00 00 00 00 00 00 00 00 00 00 00 00 00
                                 001635eb02e0 00 00 00 00 00 00 00 00 00 00 00 00 00 00 00 00
                                 001635eb02f0 00 00 00 00 00 00 00 00 00 00 00 00 00 00 00 00
Threads[01]:
    Thread ID:                   000000000000027d
    Stack Region:                00000043e0ff2000-00000043e1013000
    Registers:
        X[00]:                   0000000000000000
        X[01]:                   0000000000000000
        X[02]:                   0000000000000000
        X[03]:                   0000000000000000
        X[04]:                   0000000000000000
        X[05]:                   0000000000000000
        X[06]:                   0000000000000000
        X[07]:                   0000000000000000
        X[08]:                   0000000000000000
        X[09]:                   0000000000000000
        X[10]:                   0000000000000000
        X[11]:                   0000000000000000
        X[12]:                   0000000000000000
        X[13]:                   0000000000000000
        X[14]:                   0000000000000000
        X[15]:                   0000000000000000
        X[16]:                   0000000000000000
        X[17]:                   0000000000000000
        X[18]:                   b5ae88a61c115d8b
        X[19]:                   0000000000000000
        X[20]:                   00000043e1011f50
        X[21]:                   0000003b08032f20
        X[22]:                   0000003b0873ced0
        X[23]:                   0000003b087405e8
        X[24]:                   0000003b08734328
        X[25]:                   0000000000000000
        X[26]:                   0000000000000000
        X[27]:                   0000000000000000
        X[28]:                   0000000000000000
        FP:                      00000043e1011e90
        LR:                      0000003b084bb0bc
        SP:                      00000043e1011e90
        PC:                      0000003b084b4358
    Stack Trace:
        ReturnAddress[00]:       0000003b08033220
        ReturnAddress[01]:       0000003b084baa54
        ReturnAddress[02]:       0000003b084bdf68
        ReturnAddress[03]:       0000000000000000
    Stack Dump:                               00 01 02 03 04 05 06 07 08 09 0a 0b 0c 0d 0e 0f
                                 0043e1011e90 b0 1e 01 e1 43 00 00 00 20 32 03 08 3b 00 00 00
                                 0043e1011ea0 00 00 00 00 00 00 00 00 08 32 03 08 3b 00 00 00
                                 0043e1011eb0 70 1f 01 e1 43 00 00 00 54 aa 4b 08 3b 00 00 00
                                 0043e1011ec0 50 6e 2c da 43 00 00 00 80 05 eb 35 16 00 00 00
                                 0043e1011ed0 20 2f 03 08 3b 00 00 00 00 00 00 00 00 00 00 00
                                 0043e1011ee0 00 00 00 00 00 00 00 00 00 00 00 00 00 00 00 00
                                 0043e1011ef0 00 00 00 00 00 00 00 00 00 00 00 00 00 00 00 00
                                 0043e1011f00 00 00 00 00 00 00 00 00 00 00 00 00 00 00 00 00
                                 0043e1011f10 4d 37 3a 4d 37 3a 4d 37 3a 4d 37 3a 4d 37 3a 4d
                                 0043e1011f20 00 00 00 00 00 00 00 00 00 65 cd 1d 00 00 00 00
                                 0043e1011f30 3a 4d 37 3a 4d 37 3a 4d 37 3a 4d 37 3a 4d 37 3a
                                 0043e1011f40 00 00 00 00 00 00 00 00 3a 4d 37 3a 4d 37 3a 4d
                                 0043e1011f50 37 3a 4d 37 3a 4d 37 3a 4d 37 3a 4d 37 3a 4d 37
                                 0043e1011f60 70 1f 01 e1 43 00 00 00 4c aa 4b 08 3b 00 00 00
                                 0043e1011f70 a0 1f 01 e1 43 00 00 00 68 df 4b 08 3b 00 00 00
                                 0043e1011f80 d0 1f 01 e1 43 00 00 00 80 05 eb 35 16 00 00 00
    TLS Address:                 0000001635eb0400
    TLS Dump:                                 00 01 02 03 04 05 06 07 08 09 0a 0b 0c 0d 0e 0f
                                 001635eb0400 00 00 00 00 00 00 00 00 00 00 00 00 00 00 00 00
                                 001635eb0410 00 00 00 00 00 00 00 00 00 00 00 00 00 00 00 00
                                 001635eb0420 00 00 00 00 00 00 00 00 00 00 00 00 00 00 00 00
                                 001635eb0430 00 00 00 00 00 00 00 00 00 00 00 00 00 00 00 00
                                 001635eb0440 00 00 00 00 00 00 00 00 00 00 00 00 00 00 00 00
                                 001635eb0450 00 00 00 00 00 00 00 00 00 00 00 00 00 00 00 00
                                 001635eb0460 00 00 00 00 00 00 00 00 00 00 00 00 00 00 00 00
                                 001635eb0470 00 00 00 00 00 00 00 00 00 00 00 00 00 00 00 00
                                 001635eb0480 00 00 00 00 00 00 00 00 00 00 00 00 00 00 00 00
                                 001635eb0490 00 00 00 00 00 00 00 00 00 00 00 00 00 00 00 00
                                 001635eb04a0 00 00 00 00 00 00 00 00 00 00 00 00 00 00 00 00
                                 001635eb04b0 00 00 00 00 00 00 00 00 00 00 00 00 00 00 00 00
                                 001635eb04c0 00 00 00 00 00 00 00 00 00 00 00 00 00 00 00 00
                                 001635eb04d0 00 00 00 00 00 00 00 00 00 00 00 00 00 00 00 00
                                 001635eb04e0 00 00 00 00 00 00 00 00 00 00 00 00 00 00 00 00
                                 001635eb04f0 00 00 00 00 00 00 00 00 00 00 00 00 00 00 00 00
