Atmosphère Crash Report (v1.7):
Result:                          0x4A8 (2168-0002)

Process Info:
    Process Name:                hbloader
    Program ID:                  010000000000100d
    Process ID:                  000000000000008b
    Process Flags:               000000b7
    User Exception Address:      0000004cfde83000
Exception Info:
    Type:                        Data Abort
    Address:                     000000377cccb3b8
    Fault Address:               0000000000000000
Crashed Thread Info:
    Thread ID:                   0000000000000251
    Stack Region:                000000229b1ca000-000000229b2ca000
    Registers:
        X[00]:                   0000002256e1c4a0
        X[01]:                   0000000000012c51
        X[02]:                   000000377cc9b3a0
        X[03]:                   000000377cccb3b0
        X[04]:                   0000000000076000
        X[05]:                   0000000000011c60
        X[06]:                   000000377cc9b3a0
        X[07]:                   0000002256e36000
        X[08]:                   0000002256e1bc88
        X[09]:                   0000002256e1bc78
        X[10]:                   ffffffeb1e65fde9
        X[11]:                   0000000000000000
        X[12]:                   0000000000000000
        X[13]:                   0000000000000000
        X[14]:                   0000000000000000
        X[15]:                   0000000000000000
        X[16]:                   0000000000000000
        X[17]:                   0000000000000000
        X[18]:                   0000000000000000
        X[19]:                   0000002256e1c4a0
        X[20]:                   000000229b2c9970
        X[21]:                   0000002256e13118
        X[22]:                   0000000000000000
        X[23]:                   0000000000000000
        X[24]:                   0000002256e130e0
        X[25]:                   0000000000000000
        X[26]:                   0000002256e130e0
        X[27]:                   000000377cc6b3a0
        X[28]:                   000000229b2ca000
        FP:                      000000229b2c9800
        LR:                      0000002256d6ed7c (nx-hbmenu + 0x196d7c)
        SP:                      000000229b2c9800
        PC:                      0000002256d6ef38 (nx-hbmenu + 0x196f38)
    Stack Trace:
        ReturnAddress[00]:       0000002256d6df5c (nx-hbmenu + 0x195f5c)
        ReturnAddress[01]:       0000002256bd88d0 (nx-hbmenu + 0x8d0)
        ReturnAddress[02]:       0000002256bd8af8 (nx-hbmenu + 0xaf8)
        ReturnAddress[03]:       0000002256bd8e3c (nx-hbmenu + 0xe3c)
        ReturnAddress[04]:       0000002256bd83b8 (nx-hbmenu + 0x3b8)
        ReturnAddress[05]:       0000002256bd8140 (nx-hbmenu + 0x140)
        ReturnAddress[06]:       0000000000000000
    Stack Dump:                               00 01 02 03 04 05 06 07 08 09 0a 0b 0c 0d 0e 0f
                                 00229b2c9800 70 98 2c 9b 22 00 00 00 5c df d6 56 22 00 00 00
                                 00229b2c9810 78 99 2c 9b 22 00 00 00 90 66 6f 6c 64 65 72 5f
                                 00229b2c9820 69 63 6f 6e 2e 62 69 6e 00 10 03 00 00 00 00 00
                                 00229b2c9830 78 bc e1 56 22 00 00 00 10 00 03 00 00 00 00 00
                                 00229b2c9840 a0 b3 c9 7c 37 00 00 00 88 bc e1 56 22 00 00 00
                                 00229b2c9850 60 1c 01 00 00 00 00 00 00 00 00 00 00 00 00 00
                                 00229b2c9860 90 98 2c 9b 22 00 00 00 d0 88 bd 56 22 00 00 00
                                 00229b2c9870 90 98 2c 9b 22 00 00 00 d0 88 bd 56 22 00 00 00
                                 00229b2c9880 23 31 e1 56 22 00 00 00 01 00 00 00 00 00 00 00
                                 00229b2c9890 00 99 2c 9b 22 00 00 00 f8 8a bd 56 22 00 00 00
                                 00229b2c98a0 23 31 e1 56 22 00 00 00 18 31 e1 56 22 00 00 00
                                 00229b2c98b0 02 00 00 00 00 00 00 00 00 20 e1 56 22 00 00 00
                                 00229b2c98c0 70 0c 01 00 00 00 00 00 00 32 e8 fd 4c 00 00 00
                                 00229b2c98d0 00 99 2c 9b 22 00 00 00 00 00 03 00 00 00 00 00
                                 00229b2c98e0 6a ec 18 69 00 00 00 00 6a ec 18 69 00 00 00 00
                                 00229b2c98f0 ff ff ff ff ff ff ff ff 00 00 00 00 01 00 00 00
    TLS Address:                 0000004cfde83200
    TLS Dump:                                 00 01 02 03 04 05 06 07 08 09 0a 0b 0c 0d 0e 0f
                                 004cfde83200 00 00 00 00 0e 00 00 00 00 00 00 00 00 00 00 00
                                 004cfde83210 00 00 00 00 00 00 00 00 00 00 00 00 00 00 00 00
                                 004cfde83220 53 46 43 4f 00 00 00 00 00 00 00 00 a1 6d 71 f3
                                 004cfde83230 02 00 00 00 00 00 00 00 00 00 00 00 00 00 00 00
                                 004cfde83240 00 00 00 00 00 00 00 00 81 21 25 00 00 00 00 00
                                 004cfde83250 02 00 00 00 00 00 00 00 00 00 00 00 00 00 00 00
                                 004cfde83260 00 00 00 00 00 00 00 00 00 00 00 00 00 00 00 00
                                 004cfde83270 12 00 00 00 00 00 00 00 8b 00 00 00 00 00 00 00
                                 004cfde83280 00 00 00 00 00 00 00 00 00 00 00 00 00 00 00 00
                                 004cfde83290 00 00 00 00 00 00 00 00 00 00 00 00 00 00 00 00
                                 004cfde832a0 00 00 00 00 00 00 00 00 00 00 00 00 00 00 00 00
                                 004cfde832b0 00 00 00 00 00 00 00 00 00 00 00 00 00 00 00 00
                                 004cfde832c0 00 00 00 00 00 00 00 00 00 00 00 00 00 00 00 00
                                 004cfde832d0 00 00 00 00 00 00 00 00 00 00 00 00 00 00 00 00
                                 004cfde832e0 00 00 00 00 00 00 00 00 00 00 00 00 00 00 00 00
                                 004cfde832f0 00 00 00 00 00 00 00 00 00 00 00 00 00 00 00 00
Module Info:
    Number of Modules:           01
    Module 00:
        Address:                 0000002256bd8000-0000002256d88000
        Name:                    nx-hbmenu
        Module Id:               D9CBE9217B0F61043FCDC695A397E1CBB1F3DF69000000000000000000000000
Thread Report:
Number of Threads:               02
Threads[00]:
    Thread ID:                   0000000000000251
    Stack Region:                000000229b1ca000-000000229b2ca000
    Registers:
        X[00]:                   0000002256e1c4a0
        X[01]:                   0000000000012c51
        X[02]:                   000000377cc9b3a0
        X[03]:                   000000377cccb3b0
        X[04]:                   0000000000076000
        X[05]:                   0000000000011c60
        X[06]:                   000000377cc9b3a0
        X[07]:                   0000002256e36000
        X[08]:                   0000002256e1bc88
        X[09]:                   0000002256e1bc78
        X[10]:                   ffffffeb1e65fde9
        X[11]:                   0000000000000000
        X[12]:                   0000000000000000
        X[13]:                   0000000000000000
        X[14]:                   0000000000000000
        X[15]:                   0000000000000000
        X[16]:                   0000000000000000
        X[17]:                   0000000000000000
        X[18]:                   0000000000000000
        X[19]:                   0000002256e1c4a0
        X[20]:                   000000229b2c9970
        X[21]:                   0000002256e13118
        X[22]:                   0000000000000000
        X[23]:                   0000000000000000
        X[24]:                   0000002256e130e0
        X[25]:                   0000000000000000
        X[26]:                   0000002256e130e0
        X[27]:                   000000377cc6b3a0
        X[28]:                   000000229b2ca000
        FP:                      000000229b2c9800
        LR:                      0000002256d6ed7c (nx-hbmenu + 0x196d7c)
        SP:                      000000229b2c9800
        PC:                      0000002256d6ef38 (nx-hbmenu + 0x196f38)
    Stack Trace:
        ReturnAddress[00]:       0000002256d6df5c (nx-hbmenu + 0x195f5c)
        ReturnAddress[01]:       0000002256bd88d0 (nx-hbmenu + 0x8d0)
        ReturnAddress[02]:       0000002256bd8af8 (nx-hbmenu + 0xaf8)
        ReturnAddress[03]:       0000002256bd8e3c (nx-hbmenu + 0xe3c)
        ReturnAddress[04]:       0000002256bd83b8 (nx-hbmenu + 0x3b8)
        ReturnAddress[05]:       0000002256bd8140 (nx-hbmenu + 0x140)
        ReturnAddress[06]:       0000000000000000
    Stack Dump:                               00 01 02 03 04 05 06 07 08 09 0a 0b 0c 0d 0e 0f
                                 00229b2c9800 70 98 2c 9b 22 00 00 00 5c df d6 56 22 00 00 00
                                 00229b2c9810 78 99 2c 9b 22 00 00 00 90 66 6f 6c 64 65 72 5f
                                 00229b2c9820 69 63 6f 6e 2e 62 69 6e 00 10 03 00 00 00 00 00
                                 00229b2c9830 78 bc e1 56 22 00 00 00 10 00 03 00 00 00 00 00
                                 00229b2c9840 a0 b3 c9 7c 37 00 00 00 88 bc e1 56 22 00 00 00
                                 00229b2c9850 60 1c 01 00 00 00 00 00 00 00 00 00 00 00 00 00
                                 00229b2c9860 90 98 2c 9b 22 00 00 00 d0 88 bd 56 22 00 00 00
                                 00229b2c9870 90 98 2c 9b 22 00 00 00 d0 88 bd 56 22 00 00 00
                                 00229b2c9880 23 31 e1 56 22 00 00 00 01 00 00 00 00 00 00 00
                                 00229b2c9890 00 99 2c 9b 22 00 00 00 f8 8a bd 56 22 00 00 00
                                 00229b2c98a0 23 31 e1 56 22 00 00 00 18 31 e1 56 22 00 00 00
                                 00229b2c98b0 02 00 00 00 00 00 00 00 00 20 e1 56 22 00 00 00
                                 00229b2c98c0 70 0c 01 00 00 00 00 00 00 32 e8 fd 4c 00 00 00
                                 00229b2c98d0 00 99 2c 9b 22 00 00 00 00 00 03 00 00 00 00 00
                                 00229b2c98e0 6a ec 18 69 00 00 00 00 6a ec 18 69 00 00 00 00
                                 00229b2c98f0 ff ff ff ff ff ff ff ff 00 00 00 00 01 00 00 00
    TLS Address:                 0000004cfde83200
    TLS Dump:                                 00 01 02 03 04 05 06 07 08 09 0a 0b 0c 0d 0e 0f
                                 004cfde83200 00 00 00 00 0e 00 00 00 00 00 00 00 00 00 00 00
                                 004cfde83210 00 00 00 00 00 00 00 00 00 00 00 00 00 00 00 00
                                 004cfde83220 53 46 43 4f 00 00 00 00 00 00 00 00 a1 6d 71 f3
                                 004cfde83230 02 00 00 00 00 00 00 00 00 00 00 00 00 00 00 00
                                 004cfde83240 00 00 00 00 00 00 00 00 81 21 25 00 00 00 00 00
                                 004cfde83250 02 00 00 00 00 00 00 00 00 00 00 00 00 00 00 00
                                 004cfde83260 00 00 00 00 00 00 00 00 00 00 00 00 00 00 00 00
                                 004cfde83270 12 00 00 00 00 00 00 00 8b 00 00 00 00 00 00 00
                                 004cfde83280 00 00 00 00 00 00 00 00 00 00 00 00 00 00 00 00
                                 004cfde83290 00 00 00 00 00 00 00 00 00 00 00 00 00 00 00 00
                                 004cfde832a0 00 00 00 00 00 00 00 00 00 00 00 00 00 00 00 00
                                 004cfde832b0 00 00 00 00 00 00 00 00 00 00 00 00 00 00 00 00
                                 004cfde832c0 00 00 00 00 00 00 00 00 00 00 00 00 00 00 00 00
                                 004cfde832d0 00 00 00 00 00 00 00 00 00 00 00 00 00 00 00 00
                                 004cfde832e0 00 00 00 00 00 00 00 00 00 00 00 00 00 00 00 00
                                 004cfde832f0 00 00 00 00 00 00 00 00 00 00 00 00 00 00 00 00
Threads[01]:
    Thread ID:                   0000000000000259
    Stack Region:                000000229ee08000-000000229ee29000
    Registers:
        X[00]:                   000000001dcd6500
        X[01]:                   000000001dcd6500
        X[02]:                   0000000000000000
        X[03]:                   00000005f5179ce0
        X[04]:                   0000000000000000
        X[05]:                   0000000000000000
        X[06]:                   0000000000000000
        X[07]:                   0000000000000000
        X[08]:                   0000000000000000
        X[09]:                   0000000000000000
        X[10]:                   0000000000000000
        X[11]:                   0000000000000000
        X[12]:                   0000000000000000
        X[13]:                   0000000000000000
        X[14]:                   0000000000000000
        X[15]:                   0000000000000000
        X[16]:                   0000000000000000
        X[17]:                   0000000000000000
        X[18]:                   0000000000000000
        X[19]:                   0000000000000000
        X[20]:                   0000000000000000
        X[21]:                   0000000000000000
        X[22]:                   0000000000000000
        X[23]:                   0000000000000000
        X[24]:                   0000000000000000
        X[25]:                   0000000000000000
        X[26]:                   0000000000000000
        X[27]:                   0000000000000000
        X[28]:                   0000000000000000
        FP:                      000000229ee27e90
        LR:                      00000005f5179cfc
        SP:                      000000229ee27e90
        PC:                      00000005f5173864
    Stack Trace:
        ReturnAddress[00]:       00000005f50bd3c0
        ReturnAddress[01]:       00000005f5179694
        ReturnAddress[02]:       00000005f517cb78
        ReturnAddress[03]:       0000000000000000
    Stack Dump:                               00 01 02 03 04 05 06 07 08 09 0a 0b 0c 0d 0e 0f
                                 00229ee27e90 b0 7e e2 9e 22 00 00 00 c0 d3 0b f5 05 00 00 00
                                 00229ee27ea0 00 00 00 00 00 00 00 00 a8 d3 0b f5 05 00 00 00
                                 00229ee27eb0 70 7f e2 9e 22 00 00 00 94 96 17 f5 05 00 00 00
                                 00229ee27ec0 50 9e 2c 9b 22 00 00 00 80 35 e8 fd 4c 00 00 00
                                 00229ee27ed0 c0 d0 0b f5 05 00 00 00 00 00 00 00 00 00 00 00
                                 00229ee27ee0 00 00 00 00 00 00 00 00 00 00 00 00 00 00 00 00
                                 00229ee27ef0 00 00 00 00 00 00 00 00 00 00 00 00 00 00 00 00
                                 00229ee27f00 00 00 00 00 00 00 00 00 00 00 00 00 00 00 00 00
                                 00229ee27f10 46 32 3b 46 32 3b 46 32 3b 46 32 3b 46 32 3b 46
                                 00229ee27f20 00 00 00 00 00 00 00 00 00 65 cd 1d 00 00 00 00
                                 00229ee27f30 3b 46 32 3b 46 32 3b 46 32 3b 46 32 3b 46 32 3b
                                 00229ee27f40 00 00 00 00 00 00 00 00 3b 46 32 3b 46 32 3b 46
                                 00229ee27f50 32 3b 46 32 3b 46 32 3b 46 32 3b 46 32 3b 46 32
                                 00229ee27f60 70 7f e2 9e 22 00 00 00 8c 96 17 f5 05 00 00 00
                                 00229ee27f70 a0 7f e2 9e 22 00 00 00 78 cb 17 f5 05 00 00 00
                                 00229ee27f80 d0 7f e2 9e 22 00 00 00 80 35 e8 fd 4c 00 00 00
    TLS Address:                 0000004cfde83400
    TLS Dump:                                 00 01 02 03 04 05 06 07 08 09 0a 0b 0c 0d 0e 0f
                                 004cfde83400 00 00 00 00 00 00 00 00 00 00 00 00 00 00 00 00
                                 004cfde83410 00 00 00 00 00 00 00 00 00 00 00 00 00 00 00 00
                                 004cfde83420 00 00 00 00 00 00 00 00 00 00 00 00 00 00 00 00
                                 004cfde83430 00 00 00 00 00 00 00 00 00 00 00 00 00 00 00 00
                                 004cfde83440 00 00 00 00 00 00 00 00 00 00 00 00 00 00 00 00
                                 004cfde83450 00 00 00 00 00 00 00 00 00 00 00 00 00 00 00 00
                                 004cfde83460 00 00 00 00 00 00 00 00 00 00 00 00 00 00 00 00
                                 004cfde83470 00 00 00 00 00 00 00 00 00 00 00 00 00 00 00 00
                                 004cfde83480 00 00 00 00 00 00 00 00 00 00 00 00 00 00 00 00
                                 004cfde83490 00 00 00 00 00 00 00 00 00 00 00 00 00 00 00 00
                                 004cfde834a0 00 00 00 00 00 00 00 00 00 00 00 00 00 00 00 00
                                 004cfde834b0 00 00 00 00 00 00 00 00 00 00 00 00 00 00 00 00
                                 004cfde834c0 00 00 00 00 00 00 00 00 00 00 00 00 00 00 00 00
                                 004cfde834d0 00 00 00 00 00 00 00 00 00 00 00 00 00 00 00 00
                                 004cfde834e0 00 00 00 00 00 00 00 00 00 00 00 00 00 00 00 00
                                 004cfde834f0 00 00 00 00 00 00 00 00 00 00 00 00 00 00 00 00
