Atmosphère Crash Report (v1.7):
Result:                          0x2A8 (2168-0001)

Process Info:
    Process Name:                hbloader
    Program ID:                  010000000000100d
    Process ID:                  000000000000008c
    Process Flags:               000000b7
    User Exception Address:      0000001ac1913000
Exception Info:
    Type:                        Instruction Abort
    Address:                     00000026e7ecf358
Crashed Thread Info:
    Thread ID:                   0000000000000267
    Stack Region:                0000000c74016000-0000000c74037000
    Registers:
        X[00]:                   0000000000000000
        X[01]:                   0000000000000000
        X[02]:                   0000000000000000
        X[03]:                   0000000000000000
        X[04]:                   0000000000000000
        X[05]:                   0000000000000000
        X[06]:                   0000000000000000
        X[07]:                   0000000000000000
        X[08]:                   0000000000000000
        X[09]:                   0000000000000000
        X[10]:                   0000000000000000
        X[11]:                   0000000000000000
        X[12]:                   0000000000000000
        X[13]:                   0000000000000000
        X[14]:                   0000000000000000
        X[15]:                   0000000000000000
        X[16]:                   0000000000000000
        X[17]:                   0000000000000000
        X[18]:                   999b53ab37cdac47
        X[19]:                   0000000000000000
        X[20]:                   0000000c74035f50
        X[21]:                   00000026e7a4df20
        X[22]:                   00000026e8157ed0
        X[23]:                   00000026e815b5e8
        X[24]:                   00000026e814f328
        X[25]:                   0000000000000000
        X[26]:                   0000000000000000
        X[27]:                   0000000000000000
        X[28]:                   0000000000000000
        FP:                      0000000c74035e90
        LR:                      00000026e7ed60bc
        SP:                      0000000c74035e90
        PC:                      00000026e7ecf358
    Stack Trace:
        ReturnAddress[00]:       00000026e7a4e220
        ReturnAddress[01]:       00000026e7ed5a54
        ReturnAddress[02]:       00000026e7ed8f68
        ReturnAddress[03]:       0000000000000000
    Stack Dump:                               00 01 02 03 04 05 06 07 08 09 0a 0b 0c 0d 0e 0f
                                 000c74035e90 b0 5e 03 74 0c 00 00 00 20 e2 a4 e7 26 00 00 00
                                 000c74035ea0 00 00 00 00 00 00 00 00 08 e2 a4 e7 26 00 00 00
                                 000c74035eb0 70 5f 03 74 0c 00 00 00 54 5a ed e7 26 00 00 00
                                 000c74035ec0 50 4e 30 5d 0c 00 00 00 80 35 91 c1 1a 00 00 00
                                 000c74035ed0 20 df a4 e7 26 00 00 00 00 00 00 00 00 00 00 00
                                 000c74035ee0 00 00 00 00 00 00 00 00 00 00 00 00 00 00 00 00
                                 000c74035ef0 00 00 00 00 00 00 00 00 00 00 00 00 00 00 00 00
                                 000c74035f00 00 00 00 00 00 00 00 00 00 00 00 00 00 00 00 00
                                 000c74035f10 4d 37 3a 4d 37 3a 4d 37 3a 4d 37 3a 4d 37 3a 4d
                                 000c74035f20 00 00 00 00 00 00 00 00 00 65 cd 1d 00 00 00 00
                                 000c74035f30 3a 4d 37 3a 4d 37 3a 4d 37 3a 4d 37 3a 4d 37 3a
                                 000c74035f40 00 00 00 00 00 00 00 00 3a 4d 37 3a 4d 37 3a 4d
                                 000c74035f50 37 3a 4d 37 3a 4d 37 3a 4d 37 3a 4d 37 3a 4d 37
                                 000c74035f60 70 5f 03 74 0c 00 00 00 4c 5a ed e7 26 00 00 00
                                 000c74035f70 a0 5f 03 74 0c 00 00 00 68 8f ed e7 26 00 00 00
                                 000c74035f80 d0 5f 03 74 0c 00 00 00 80 35 91 c1 1a 00 00 00
    TLS Address:                 0000001ac1913400
    TLS Dump:                                 00 01 02 03 04 05 06 07 08 09 0a 0b 0c 0d 0e 0f
                                 001ac1913400 00 00 00 00 00 00 00 00 00 00 00 00 00 00 00 00
                                 001ac1913410 00 00 00 00 00 00 00 00 00 00 00 00 00 00 00 00
                                 001ac1913420 00 00 00 00 00 00 00 00 00 00 00 00 00 00 00 00
                                 001ac1913430 00 00 00 00 00 00 00 00 00 00 00 00 00 00 00 00
                                 001ac1913440 00 00 00 00 00 00 00 00 00 00 00 00 00 00 00 00
                                 001ac1913450 00 00 00 00 00 00 00 00 00 00 00 00 00 00 00 00
                                 001ac1913460 00 00 00 00 00 00 00 00 00 00 00 00 00 00 00 00
                                 001ac1913470 00 00 00 00 00 00 00 00 00 00 00 00 00 00 00 00
                                 001ac1913480 00 00 00 00 00 00 00 00 00 00 00 00 00 00 00 00
                                 001ac1913490 00 00 00 00 00 00 00 00 00 00 00 00 00 00 00 00
                                 001ac19134a0 00 00 00 00 00 00 00 00 00 00 00 00 00 00 00 00
                                 001ac19134b0 00 00 00 00 00 00 00 00 00 00 00 00 00 00 00 00
                                 001ac19134c0 00 00 00 00 00 00 00 00 00 00 00 00 00 00 00 00
                                 001ac19134d0 00 00 00 00 00 00 00 00 00 00 00 00 00 00 00 00
                                 001ac19134e0 00 00 00 00 00 00 00 00 00 00 00 00 00 00 00 00
                                 001ac19134f0 00 00 00 00 00 00 00 00 00 00 00 00 00 00 00 00
Module Info:
    Number of Modules:           01
    Module 00:
        Address:                 0000000bf00c3000-0000000bf0273000
        Name:                    nx-hbmenu
        Module Id:               D9CBE9217B0F61043FCDC695A397E1CBB1F3DF69000000000000000000000000
Thread Report:
Number of Threads:               04
Threads[00]:
    Thread ID:                   0000000000000260
    Stack Region:                0000000c5d205000-0000000c5d305000
    Registers:
        X[00]:                   0000005efd4350d0
        X[01]:                   736e4f38cf1bd4fc
        X[02]:                   000000000000002e
        X[03]:                   00000000ffffffff
        X[04]:                   0000000000000002
        X[05]:                   0000000000000001
        X[06]:                   000000000000000d
        X[07]:                   000000000001cdb9
        X[08]:                   0000000000000008
        X[09]:                   0000005efd374168
        X[10]:                   0000005efd3741e8
        X[11]:                   0000005efd374268
        X[12]:                   0000005efd3742e8
        X[13]:                   0000005efd374368
        X[14]:                   0000005efd3743e8
        X[15]:                   0000000bf02866b0
        X[16]:                   0000000bf011aacc (nx-hbmenu + 0x57acc)
        X[17]:                   0000000000000006
        X[18]:                   0000000000000000
        X[19]:                   000000000000001b
        X[20]:                   0000005efd434fe0
        X[21]:                   0000000000000001
        X[22]:                   0000000c5d304158
        X[23]:                   0000005efd396060
        X[24]:                   0000000bf0285dc8
        X[25]:                   00000000ffffffff
        X[26]:                   0000005efd433f80
        X[27]:                   0000005efd434048
        X[28]:                   0000000000000001
        FP:                      0000000c5d3040b0
        LR:                      0000000bf010c5d4 (nx-hbmenu + 0x495d4)
        SP:                      0000000c5d3040b0
        PC:                      0000000bf010c430 (nx-hbmenu + 0x49430)
    Stack Trace:
        ReturnAddress[00]:       0000000bf0103a3c (nx-hbmenu + 0x40a3c)
        ReturnAddress[01]:       0000000bf010d6a8 (nx-hbmenu + 0x4a6a8)
        ReturnAddress[02]:       0000000bf00f50dc (nx-hbmenu + 0x320dc)
        ReturnAddress[03]:       0000000bf00f444c (nx-hbmenu + 0x3144c)
        ReturnAddress[04]:       0000000bf00c3744 (nx-hbmenu + 0x744)
        ReturnAddress[05]:       0000000bf00c52fc (nx-hbmenu + 0x22fc)
        ReturnAddress[06]:       0000000bf00c59f0 (nx-hbmenu + 0x29f0)
        ReturnAddress[07]:       0000000bf00c6e08 (nx-hbmenu + 0x3e08)
        ReturnAddress[08]:       0000000bf00c80b8 (nx-hbmenu + 0x50b8)
        ReturnAddress[09]:       0000000bf00c345c (nx-hbmenu + 0x45c)
        ReturnAddress[10]:       0000000bf00c3140 (nx-hbmenu + 0x140)
        ReturnAddress[11]:       0000000000000000
    Stack Dump:                               00 01 02 03 04 05 06 07 08 09 0a 0b 0c 0d 0e 0f
                                 000c5d3040b0 80 41 30 5d 0c 00 00 00 3c 3a 10 f0 0b 00 00 00
                                 000c5d3040c0 e8 40 43 fd 5e 00 00 00 80 30 10 f0 0b 00 00 00
                                 000c5d3040d0 01 00 00 00 00 00 00 00 06 00 00 00 00 00 00 00
                                 000c5d3040e0 02 00 00 00 00 00 00 00 10 00 00 00 00 00 00 00
                                 000c5d3040f0 e8 40 43 fd 5e 00 00 00 68 45 43 fd 5e 00 00 00
                                 000c5d304100 e0 33 43 fd 5e 00 00 00 20 48 3f fd 5e 00 00 00
                                 000c5d304110 40 41 30 5d 0c 00 00 00 00 00 00 00 00 00 00 00
                                 000c5d304120 b8 40 43 fd 5e 00 00 00 20 48 3f fd 5e 00 00 00
                                 000c5d304130 00 3f 43 fd 5e 00 00 00 00 3f 43 fd 5e 00 00 00
                                 000c5d304140 00 00 00 00 00 00 00 00 a4 ff ff ff ca ff ff ff
                                 000c5d304150 c1 00 00 00 45 4c 5f 53 49 3d 3c fd 5e 00 00 00
                                 000c5d304160 74 08 00 00 00 00 00 00 fc d4 1b cf 38 4f 6e 73
                                 000c5d304170 39 00 00 00 00 00 00 00 20 48 3f fd 5e 00 00 00
                                 000c5d304180 30 42 30 5d 0c 00 00 00 a8 d6 10 f0 0b 00 00 00
                                 000c5d304190 00 42 43 fd 5e 00 00 00 20 48 3f fd 5e 00 00 00
                                 000c5d3041a0 ac 42 30 5d 0c 00 00 00 22 00 00 00 00 00 00 00
    TLS Address:                 0000001ac1913200
    TLS Dump:                                 00 01 02 03 04 05 06 07 08 09 0a 0b 0c 0d 0e 0f
                                 001ac1913200 04 00 00 00 08 00 00 00 00 00 00 00 00 00 00 00
                                 001ac1913210 02 00 00 00 97 00 00 00 00 00 00 00 00 00 00 00
                                 001ac1913220 53 46 43 4f 00 00 00 00 00 00 00 00 a1 6d 71 f3
                                 001ac1913230 00 04 00 00 00 00 00 00 00 00 00 00 00 00 00 00
                                 001ac1913240 00 00 00 00 00 00 00 00 85 83 97 00 00 00 00 00
                                 001ac1913250 00 04 00 00 00 00 00 00 00 40 23 00 00 00 00 00
                                 001ac1913260 00 00 00 00 00 00 00 00 00 00 00 00 00 00 00 00
                                 001ac1913270 14 00 00 00 00 00 00 00 8c 00 00 00 00 00 00 00
                                 001ac1913280 00 00 00 00 00 00 00 00 00 00 00 00 00 00 00 00
                                 001ac1913290 00 00 00 00 00 00 00 00 00 00 00 00 00 00 00 00
                                 001ac19132a0 00 00 00 00 00 00 00 00 00 00 00 00 00 00 00 00
                                 001ac19132b0 00 00 00 00 00 00 00 00 00 00 00 00 00 00 00 00
                                 001ac19132c0 00 00 00 00 00 00 00 00 00 00 00 00 00 00 00 00
                                 001ac19132d0 00 00 00 00 00 00 00 00 00 00 00 00 00 00 00 00
                                 001ac19132e0 00 00 00 00 00 00 00 00 00 00 00 00 00 00 00 00
                                 001ac19132f0 00 00 00 00 00 00 00 00 00 00 00 00 00 00 00 00
Threads[01]:
    Thread ID:                   0000000000000267
    Stack Region:                0000000c74016000-0000000c74037000
    Registers:
        X[00]:                   0000000000000000
        X[01]:                   0000000000000000
        X[02]:                   0000000000000000
        X[03]:                   0000000000000000
        X[04]:                   0000000000000000
        X[05]:                   0000000000000000
        X[06]:                   0000000000000000
        X[07]:                   0000000000000000
        X[08]:                   0000000000000000
        X[09]:                   0000000000000000
        X[10]:                   0000000000000000
        X[11]:                   0000000000000000
        X[12]:                   0000000000000000
        X[13]:                   0000000000000000
        X[14]:                   0000000000000000
        X[15]:                   0000000000000000
        X[16]:                   0000000000000000
        X[17]:                   0000000000000000
        X[18]:                   999b53ab37cdac47
        X[19]:                   0000000000000000
        X[20]:                   0000000c74035f50
        X[21]:                   00000026e7a4df20
        X[22]:                   00000026e8157ed0
        X[23]:                   00000026e815b5e8
        X[24]:                   00000026e814f328
        X[25]:                   0000000000000000
        X[26]:                   0000000000000000
        X[27]:                   0000000000000000
        X[28]:                   0000000000000000
        FP:                      0000000c74035e90
        LR:                      00000026e7ed60bc
        SP:                      0000000c74035e90
        PC:                      00000026e7ecf358
    Stack Trace:
        ReturnAddress[00]:       00000026e7a4e220
        ReturnAddress[01]:       00000026e7ed5a54
        ReturnAddress[02]:       00000026e7ed8f68
        ReturnAddress[03]:       0000000000000000
    Stack Dump:                               00 01 02 03 04 05 06 07 08 09 0a 0b 0c 0d 0e 0f
                                 000c74035e90 b0 5e 03 74 0c 00 00 00 20 e2 a4 e7 26 00 00 00
                                 000c74035ea0 00 00 00 00 00 00 00 00 08 e2 a4 e7 26 00 00 00
                                 000c74035eb0 70 5f 03 74 0c 00 00 00 54 5a ed e7 26 00 00 00
                                 000c74035ec0 50 4e 30 5d 0c 00 00 00 80 35 91 c1 1a 00 00 00
                                 000c74035ed0 20 df a4 e7 26 00 00 00 00 00 00 00 00 00 00 00
                                 000c74035ee0 00 00 00 00 00 00 00 00 00 00 00 00 00 00 00 00
                                 000c74035ef0 00 00 00 00 00 00 00 00 00 00 00 00 00 00 00 00
                                 000c74035f00 00 00 00 00 00 00 00 00 00 00 00 00 00 00 00 00
                                 000c74035f10 4d 37 3a 4d 37 3a 4d 37 3a 4d 37 3a 4d 37 3a 4d
                                 000c74035f20 00 00 00 00 00 00 00 00 00 65 cd 1d 00 00 00 00
                                 000c74035f30 3a 4d 37 3a 4d 37 3a 4d 37 3a 4d 37 3a 4d 37 3a
                                 000c74035f40 00 00 00 00 00 00 00 00 3a 4d 37 3a 4d 37 3a 4d
                                 000c74035f50 37 3a 4d 37 3a 4d 37 3a 4d 37 3a 4d 37 3a 4d 37
                                 000c74035f60 70 5f 03 74 0c 00 00 00 4c 5a ed e7 26 00 00 00
                                 000c74035f70 a0 5f 03 74 0c 00 00 00 68 8f ed e7 26 00 00 00
                                 000c74035f80 d0 5f 03 74 0c 00 00 00 80 35 91 c1 1a 00 00 00
    TLS Address:                 0000001ac1913400
    TLS Dump:                                 00 01 02 03 04 05 06 07 08 09 0a 0b 0c 0d 0e 0f
                                 001ac1913400 00 00 00 00 00 00 00 00 00 00 00 00 00 00 00 00
                                 001ac1913410 00 00 00 00 00 00 00 00 00 00 00 00 00 00 00 00
                                 001ac1913420 00 00 00 00 00 00 00 00 00 00 00 00 00 00 00 00
                                 001ac1913430 00 00 00 00 00 00 00 00 00 00 00 00 00 00 00 00
                                 001ac1913440 00 00 00 00 00 00 00 00 00 00 00 00 00 00 00 00
                                 001ac1913450 00 00 00 00 00 00 00 00 00 00 00 00 00 00 00 00
                                 001ac1913460 00 00 00 00 00 00 00 00 00 00 00 00 00 00 00 00
                                 001ac1913470 00 00 00 00 00 00 00 00 00 00 00 00 00 00 00 00
                                 001ac1913480 00 00 00 00 00 00 00 00 00 00 00 00 00 00 00 00
                                 001ac1913490 00 00 00 00 00 00 00 00 00 00 00 00 00 00 00 00
                                 001ac19134a0 00 00 00 00 00 00 00 00 00 00 00 00 00 00 00 00
                                 001ac19134b0 00 00 00 00 00 00 00 00 00 00 00 00 00 00 00 00
                                 001ac19134c0 00 00 00 00 00 00 00 00 00 00 00 00 00 00 00 00
                                 001ac19134d0 00 00 00 00 00 00 00 00 00 00 00 00 00 00 00 00
                                 001ac19134e0 00 00 00 00 00 00 00 00 00 00 00 00 00 00 00 00
                                 001ac19134f0 00 00 00 00 00 00 00 00 00 00 00 00 00 00 00 00
Threads[02]:
    Thread ID:                   0000000000000268
    Stack Region:                0000000c8f8f0000-0000000c8f911000
    Registers:
        X[00]:                   0000000bf03167bc
        X[01]:                   0000000bf03167d0
        X[02]:                   00000000004981d6
        X[03]:                   ffffffffffffffff
        X[04]:                   0000000bf03167bc
        X[05]:                   0000000000000000
        X[06]:                   0000000000000000
        X[07]:                   0000000000000000
        X[08]:                   0000000000000000
        X[09]:                   0000000000000000
        X[10]:                   0000000000000000
        X[11]:                   0000000000000000
        X[12]:                   0000000000000000
        X[13]:                   0000000000000000
        X[14]:                   0000000000000000
        X[15]:                   0000000000000000
        X[16]:                   0000000000000000
        X[17]:                   0000000000000000
        X[18]:                   0000000000000000
        X[19]:                   0000000000000000
        X[20]:                   0000000000000000
        X[21]:                   0000000000000000
        X[22]:                   0000000000000000
        X[23]:                   0000000000000000
        X[24]:                   0000000000000000
        X[25]:                   0000000000000000
        X[26]:                   0000000000000000
        X[27]:                   0000000000000000
        X[28]:                   0000000000000000
        FP:                      0000000c8f90ff00
        LR:                      0000000bf00f1b5c (nx-hbmenu + 0x2eb5c)
        SP:                      0000000c8f90ff00
        PC:                      0000000bf00e6bfc (nx-hbmenu + 0x23bfc)
    Stack Trace:
        ReturnAddress[00]:       0000000bf00ef12c (nx-hbmenu + 0x2c12c)
        ReturnAddress[01]:       0000000bf025452c (nx-hbmenu + 0x19152c)
        ReturnAddress[02]:       0000000bf00ce72c (nx-hbmenu + 0xb72c)
        ReturnAddress[03]:       0000000bf00ef264 (nx-hbmenu + 0x2c264)
        ReturnAddress[04]:       0000000bf00f2528 (nx-hbmenu + 0x2f528)
        ReturnAddress[05]:       0000000000000000
    Stack Dump:                               00 01 02 03 04 05 06 07 08 09 0a 0b 0c 0d 0e 0f
                                 000c8f90ff00 30 ff 90 8f 0c 00 00 00 2c f1 0e f0 0b 00 00 00
                                 000c8f90ff10 b8 67 31 f0 0b 00 00 00 e0 0a 00 91 e0 67 00 f9
                                 000c8f90ff20 f5 0a 40 39 ad ff ff 17 80 09 00 54 e0 03 00 4b
                                 000c8f90ff30 40 ff 90 8f 0c 00 00 00 2c 45 25 f0 0b 00 00 00
                                 000c8f90ff40 50 ff 90 8f 0c 00 00 00 2c e7 0c f0 0b 00 00 00
                                 000c8f90ff50 70 ff 90 8f 0c 00 00 00 64 f2 0e f0 0b 00 00 00
                                 000c8f90ff60 10 4d 30 5d 0c 00 00 00 80 37 91 c1 1a 00 00 00
                                 000c8f90ff70 a0 ff 90 8f 0c 00 00 00 28 25 0f f0 0b 00 00 00
                                 000c8f90ff80 d0 ff 90 8f 0c 00 00 00 80 37 91 c1 1a 00 00 00
                                 000c8f90ff90 00 e0 31 f0 0b 00 00 00 00 00 00 00 00 00 00 00
                                 000c8f90ffa0 00 00 00 00 00 00 00 00 00 00 00 00 00 00 00 00
                                 000c8f90ffb0 00 00 00 00 00 00 00 00 00 00 00 00 00 00 00 00
                                 000c8f90ffc0 00 00 00 00 00 00 00 00 a3 c2 00 51 7f 24 00 71
                                 000c8f90ffd0 60 94 06 fd 5e 00 00 00 20 f2 0e f0 0b 00 00 00
                                 000c8f90ffe0 10 4d 30 5d 0c 00 00 00 f0 04 91 8f 0c 00 00 00
                                 000c8f90fff0 00 00 91 8f 0c 00 00 00 a6 c2 00 51 df 24 00 71
    TLS Address:                 0000001ac1913600
    TLS Dump:                                 00 01 02 03 04 05 06 07 08 09 0a 0b 0c 0d 0e 0f
                                 001ac1913600 00 00 00 00 00 00 00 00 00 00 00 00 00 00 00 00
                                 001ac1913610 00 00 00 00 00 00 00 00 00 00 00 00 00 00 00 00
                                 001ac1913620 00 00 00 00 00 00 00 00 00 00 00 00 00 00 00 00
                                 001ac1913630 00 00 00 00 00 00 00 00 00 00 00 00 00 00 00 00
                                 001ac1913640 00 00 00 00 00 00 00 00 00 00 00 00 00 00 00 00
                                 001ac1913650 00 00 00 00 00 00 00 00 00 00 00 00 00 00 00 00
                                 001ac1913660 00 00 00 00 00 00 00 00 00 00 00 00 00 00 00 00
                                 001ac1913670 00 00 00 00 00 00 00 00 00 00 00 00 00 00 00 00
                                 001ac1913680 00 00 00 00 00 00 00 00 00 00 00 00 00 00 00 00
                                 001ac1913690 00 00 00 00 00 00 00 00 00 00 00 00 00 00 00 00
                                 001ac19136a0 00 00 00 00 00 00 00 00 00 00 00 00 00 00 00 00
                                 001ac19136b0 00 00 00 00 00 00 00 00 00 00 00 00 00 00 00 00
                                 001ac19136c0 00 00 00 00 00 00 00 00 00 00 00 00 00 00 00 00
                                 001ac19136d0 00 00 00 00 00 00 00 00 00 00 00 00 00 00 00 00
                                 001ac19136e0 00 00 00 00 00 00 00 00 00 00 00 00 00 00 00 00
                                 001ac19136f0 00 00 00 00 00 00 00 00 00 00 00 00 00 00 00 00
Threads[03]:
    Thread ID:                   0000000000000269
    Stack Region:                0000000c90aa7000-0000000c90ac8000
    Registers:
        X[00]:                   0000000bf0315c54
        X[01]:                   0000000bf0315c68
        X[02]:                   00000000004a01d7
        X[03]:                   000000003b9ac82c
        X[04]:                   0000000bf0315c54
        X[05]:                   00000000678c6fa5
        X[06]:                   0000000000000001
        X[07]:                   0000000000000000
        X[08]:                   0000000000000000
        X[09]:                   0000000000000000
        X[10]:                   0000000000000000
        X[11]:                   0000000000000000
        X[12]:                   0000000000000000
        X[13]:                   0000000000000000
        X[14]:                   0000000000000000
        X[15]:                   0000000000000000
        X[16]:                   0000000000000000
        X[17]:                   0000000000000000
        X[18]:                   0000000000000000
        X[19]:                   0000000000000000
        X[20]:                   0000000000000000
        X[21]:                   0000000000000000
        X[22]:                   0000000000000000
        X[23]:                   0000000000000000
        X[24]:                   0000000000000000
        X[25]:                   0000000000000000
        X[26]:                   0000000000000000
        X[27]:                   0000000000000000
        X[28]:                   0000000000000000
        FP:                      0000000c90ac6ea0
        LR:                      0000000bf00f1b5c (nx-hbmenu + 0x2eb5c)
        SP:                      0000000c90ac6ea0
        PC:                      0000000bf00e6bfc (nx-hbmenu + 0x23bfc)
    Stack Trace:
        ReturnAddress[00]:       0000000bf00ef12c (nx-hbmenu + 0x2c12c)
        ReturnAddress[01]:       0000000bf02544cc (nx-hbmenu + 0x1914cc)
        ReturnAddress[02]:       0000000bf00cc244 (nx-hbmenu + 0x9244)
        ReturnAddress[03]:       0000000bf00ef264 (nx-hbmenu + 0x2c264)
        ReturnAddress[04]:       0000000bf00f2528 (nx-hbmenu + 0x2f528)
        ReturnAddress[05]:       0000000000000000
    Stack Dump:                               00 01 02 03 04 05 06 07 08 09 0a 0b 0c 0d 0e 0f
                                 000c90ac6ea0 d0 6e ac 90 0c 00 00 00 2c f1 0e f0 0b 00 00 00
                                 000c90ac6eb0 50 5c 31 f0 0b 00 00 00 c8 b1 5d 08 00 00 00 00
                                 000c90ac6ec0 e0 6e ac 90 0c 00 00 00 cc 44 25 f0 0b 00 00 00
                                 000c90ac6ed0 e0 6e ac 90 0c 00 00 00 cc 44 25 f0 0b 00 00 00
                                 000c90ac6ee0 f0 6e ac 90 0c 00 00 00 44 c2 0c f0 0b 00 00 00
                                 000c90ac6ef0 70 6f ac 90 0c 00 00 00 64 f2 0e f0 0b 00 00 00
                                 000c90ac6f00 10 4d 30 5d 0c 00 00 00 80 39 91 c1 1a 00 00 00
                                 000c90ac6f10 90 c1 0c f0 0b 00 00 00 00 00 00 00 00 00 00 00
                                 000c90ac6f20 00 00 00 00 00 00 00 00 00 00 00 00 00 00 00 00
                                 000c90ac6f30 08 05 00 51 e7 08 08 8b 22 10 00 11 e5 00 80 52
                                 000c90ac6f40 00 00 00 00 00 00 00 00 c5 00 05 4b 46 00 05 4b
                                 000c90ac6f50 65 08 41 29 42 00 06 6b a5 04 00 51 46 1c 00 11
                                 000c90ac6f60 a5 6f 8c 67 00 00 00 00 f4 af 5d 08 00 00 00 00
                                 000c90ac6f70 a0 6f ac 90 0c 00 00 00 28 25 0f f0 0b 00 00 00
                                 000c90ac6f80 d0 6f ac 90 0c 00 00 00 80 39 91 c1 1a 00 00 00
                                 000c90ac6f90 00 e0 31 f0 0b 00 00 00 00 00 00 00 00 00 00 00
    TLS Address:                 0000001ac1913800
    TLS Dump:                                 00 01 02 03 04 05 06 07 08 09 0a 0b 0c 0d 0e 0f
                                 001ac1913800 00 00 00 00 08 00 00 80 20 00 00 00 d4 01 4b 00
                                 001ac1913810 53 46 43 4f 00 00 00 00 00 00 00 00 af 51 f2 26
                                 001ac1913820 00 00 00 00 00 00 00 00 00 00 00 00 00 00 00 00
                                 001ac1913830 00 00 00 00 00 00 00 00 00 00 00 00 00 00 00 00
                                 001ac1913840 00 00 00 00 00 00 00 00 00 00 00 00 00 00 00 00
                                 001ac1913850 00 00 00 00 00 00 00 00 00 00 00 00 00 00 00 00
                                 001ac1913860 00 00 00 00 00 00 00 00 00 00 00 00 00 00 00 00
                                 001ac1913870 00 00 00 00 00 00 00 00 00 00 00 00 00 00 00 00
                                 001ac1913880 00 00 00 00 00 00 00 00 00 00 00 00 00 00 00 00
                                 001ac1913890 00 00 00 00 00 00 00 00 00 00 00 00 00 00 00 00
                                 001ac19138a0 00 00 00 00 00 00 00 00 00 00 00 00 00 00 00 00
                                 001ac19138b0 00 00 00 00 00 00 00 00 00 00 00 00 00 00 00 00
                                 001ac19138c0 00 00 00 00 00 00 00 00 00 00 00 00 00 00 00 00
                                 001ac19138d0 00 00 00 00 00 00 00 00 00 00 00 00 00 00 00 00
                                 001ac19138e0 00 00 00 00 00 00 00 00 00 00 00 00 00 00 00 00
                                 001ac19138f0 00 00 00 00 00 00 00 00 00 00 00 00 00 00 00 00
