Atmosphère Crash Report (v1.7):
Result:                          0x2A8 (2168-0001)

Process Info:
    Process Name:                hbloader
    Program ID:                  010000000000100d
    Process ID:                  000000000000008c
    Process Flags:               000000b7
    User Exception Address:      0000005a775e1000
Exception Info:
    Type:                        Instruction Abort
    Address:                     0000003b36d11358
Crashed Thread Info:
    Thread ID:                   0000000000000280
    Stack Region:                000000164089f000-00000016408c0000
    Registers:
        X[00]:                   0000000000000000
        X[01]:                   0000000000000000
        X[02]:                   0000000000000000
        X[03]:                   0000000000000000
        X[04]:                   0000000000000000
        X[05]:                   0000000000000000
        X[06]:                   0000000000000000
        X[07]:                   0000000000000000
        X[08]:                   0000000000000000
        X[09]:                   0000000000000000
        X[10]:                   0000000000000000
        X[11]:                   0000000000000000
        X[12]:                   0000000000000000
        X[13]:                   0000000000000000
        X[14]:                   0000000000000000
        X[15]:                   0000000000000000
        X[16]:                   0000000000000000
        X[17]:                   0000000000000000
        X[18]:                   244f9cbb47d7f153
        X[19]:                   0000000000000000
        X[20]:                   00000016408bef50
        X[21]:                   0000003b3688ff20
        X[22]:                   0000003b36f99ed0
        X[23]:                   0000003b36f9d5e8
        X[24]:                   0000003b36f91328
        X[25]:                   0000000000000000
        X[26]:                   0000000000000000
        X[27]:                   0000000000000000
        X[28]:                   0000000000000000
        FP:                      00000016408bee90
        LR:                      0000003b36d180bc
        SP:                      00000016408bee90
        PC:                      0000003b36d11358
    Stack Trace:
        ReturnAddress[00]:       0000003b36890220
        ReturnAddress[01]:       0000003b36d17a54
        ReturnAddress[02]:       0000003b36d1af68
        ReturnAddress[03]:       0000000000000000
    Stack Dump:                               00 01 02 03 04 05 06 07 08 09 0a 0b 0c 0d 0e 0f
                                 0016408bee90 b0 ee 8b 40 16 00 00 00 20 02 89 36 3b 00 00 00
                                 0016408beea0 00 00 00 00 00 00 00 00 08 02 89 36 3b 00 00 00
                                 0016408beeb0 70 ef 8b 40 16 00 00 00 54 7a d1 36 3b 00 00 00
                                 0016408beec0 50 ee 2b 99 16 00 00 00 80 15 5e 77 5a 00 00 00
                                 0016408beed0 20 ff 88 36 3b 00 00 00 00 00 00 00 00 00 00 00
                                 0016408beee0 00 00 00 00 00 00 00 00 00 00 00 00 00 00 00 00
                                 0016408beef0 00 00 00 00 00 00 00 00 00 00 00 00 00 00 00 00
                                 0016408bef00 00 00 00 00 00 00 00 00 00 00 00 00 00 00 00 00
                                 0016408bef10 37 3a 4d 37 3a 4d 37 3a 4d 37 3a 4d 37 3a 4d 37
                                 0016408bef20 00 00 00 00 00 00 00 00 00 65 cd 1d 00 00 00 00
                                 0016408bef30 4d 37 3a 4d 37 3a 4d 37 3a 4d 37 3a 4d 37 3a 4d
                                 0016408bef40 00 00 00 00 00 00 00 00 4d 37 3a 4d 37 3a 4d 37
                                 0016408bef50 3a 4d 37 3a 4d 37 3a 4d 37 3a 4d 37 3a 4d 37 3a
                                 0016408bef60 70 ef 8b 40 16 00 00 00 4c 7a d1 36 3b 00 00 00
                                 0016408bef70 a0 ef 8b 40 16 00 00 00 68 af d1 36 3b 00 00 00
                                 0016408bef80 d0 ef 8b 40 16 00 00 00 80 15 5e 77 5a 00 00 00
    TLS Address:                 0000005a775e1400
    TLS Dump:                                 00 01 02 03 04 05 06 07 08 09 0a 0b 0c 0d 0e 0f
                                 005a775e1400 00 00 00 00 00 00 00 00 00 00 00 00 00 00 00 00
                                 005a775e1410 00 00 00 00 00 00 00 00 00 00 00 00 00 00 00 00
                                 005a775e1420 00 00 00 00 00 00 00 00 00 00 00 00 00 00 00 00
                                 005a775e1430 00 00 00 00 00 00 00 00 00 00 00 00 00 00 00 00
                                 005a775e1440 00 00 00 00 00 00 00 00 00 00 00 00 00 00 00 00
                                 005a775e1450 00 00 00 00 00 00 00 00 00 00 00 00 00 00 00 00
                                 005a775e1460 00 00 00 00 00 00 00 00 00 00 00 00 00 00 00 00
                                 005a775e1470 00 00 00 00 00 00 00 00 00 00 00 00 00 00 00 00
                                 005a775e1480 00 00 00 00 00 00 00 00 00 00 00 00 00 00 00 00
                                 005a775e1490 00 00 00 00 00 00 00 00 00 00 00 00 00 00 00 00
                                 005a775e14a0 00 00 00 00 00 00 00 00 00 00 00 00 00 00 00 00
                                 005a775e14b0 00 00 00 00 00 00 00 00 00 00 00 00 00 00 00 00
                                 005a775e14c0 00 00 00 00 00 00 00 00 00 00 00 00 00 00 00 00
                                 005a775e14d0 00 00 00 00 00 00 00 00 00 00 00 00 00 00 00 00
                                 005a775e14e0 00 00 00 00 00 00 00 00 00 00 00 00 00 00 00 00
                                 005a775e14f0 00 00 00 00 00 00 00 00 00 00 00 00 00 00 00 00
Module Info:
    Number of Modules:           01
    Module 00:
        Address:                 0000005604496000-0000005604646000
        Name:                    nx-hbmenu
        Module Id:               D9CBE9217B0F61043FCDC695A397E1CBB1F3DF69000000000000000000000000
Thread Report:
Number of Threads:               02
Threads[00]:
    Thread ID:                   0000000000000279
    Stack Region:                00000016991bf000-00000016992bf000
    Registers:
        X[00]:                   00000000003f01ef
        X[01]:                   00000000002575da
        X[02]:                   0000000060000005
        X[03]:                   0000000000000005
        X[04]:                   0000005a775e1200
        X[05]:                   0000000000000005
        X[06]:                   0000005a775e1230
        X[07]:                   00000000003f01ef
        X[08]:                   0000000000000000
        X[09]:                   0000000000000000
        X[10]:                   0000000000000000
        X[11]:                   0000000000000000
        X[12]:                   0000000000000000
        X[13]:                   0000000000000000
        X[14]:                   0000000000000000
        X[15]:                   0000000000000000
        X[16]:                   0000000000000000
        X[17]:                   0000000000000000
        X[18]:                   0000000000000000
        X[19]:                   0000000000000000
        X[20]:                   0000000000000000
        X[21]:                   0000000000000000
        X[22]:                   0000000000000000
        X[23]:                   0000000000000000
        X[24]:                   0000000000000000
        X[25]:                   0000000000000000
        X[26]:                   0000000000000000
        X[27]:                   0000000000000000
        X[28]:                   0000000000000000
        FP:                      00000016992be520
        LR:                      00000056044be5cc (nx-hbmenu + 0x285cc)
        SP:                      00000016992be520
        PC:                      00000056044b9c20 (nx-hbmenu + 0x23c20)
    Stack Trace:
        ReturnAddress[00]:       00000056044b8254 (nx-hbmenu + 0x22254)
        ReturnAddress[01]:       00000056044b8310 (nx-hbmenu + 0x22310)
        ReturnAddress[02]:       0000005604644cd8 (nx-hbmenu + 0x1aecd8)
        ReturnAddress[03]:       0000005604613ee0 (nx-hbmenu + 0x17dee0)
        ReturnAddress[04]:       0000005604612e58 (nx-hbmenu + 0x17ce58)
        ReturnAddress[05]:       0000005604620598 (nx-hbmenu + 0x18a598)
        ReturnAddress[06]:       0000005604620de4 (nx-hbmenu + 0x18ade4)
        ReturnAddress[07]:       0000005604610694 (nx-hbmenu + 0x17a694)
        ReturnAddress[08]:       0000005604611e38 (nx-hbmenu + 0x17be38)
        ReturnAddress[09]:       0000005604612138 (nx-hbmenu + 0x17c138)
        ReturnAddress[10]:       0000005604496df4 (nx-hbmenu + 0xdf4)
        ReturnAddress[11]:       00000056044963b8 (nx-hbmenu + 0x3b8)
        ReturnAddress[12]:       0000005604496140 (nx-hbmenu + 0x140)
        ReturnAddress[13]:       0000000000000000
    Stack Dump:                               00 01 02 03 04 05 06 07 08 09 0a 0b 0c 0d 0e 0f
                                 0016992be520 90 e5 2b 99 16 00 00 00 54 82 4b 04 56 00 00 00
                                 0016992be530 20 e7 2b 99 16 00 00 00 02 00 00 00 00 00 00 00
                                 0016992be540 20 e7 2b 99 16 00 00 00 7c cc 62 04 56 00 00 00
                                 0016992be550 68 40 6f 04 56 00 00 00 20 e7 2b 99 16 00 00 00
                                 0016992be560 02 00 00 00 00 00 00 00 dc ac 6e 04 56 00 00 00
                                 0016992be570 20 00 00 00 00 00 00 00 00 00 00 00 00 00 00 00
                                 0016992be580 da 75 25 00 00 00 00 00 02 00 00 00 00 00 00 00
                                 0016992be590 e0 e5 2b 99 16 00 00 00 10 83 4b 04 56 00 00 00
                                 0016992be5a0 20 e7 2b 99 16 00 00 00 88 b3 63 04 56 00 00 00
                                 0016992be5b0 20 00 00 00 00 00 00 00 d0 ab 6e 04 56 00 00 00
                                 0016992be5c0 da 75 25 00 00 00 00 00 02 00 00 00 00 00 00 00
                                 0016992be5d0 c0 9c c6 4e 6a 00 00 00 00 00 00 00 00 00 00 00
                                 0016992be5e0 00 e6 2b 99 16 00 00 00 d8 4c 64 04 56 00 00 00
                                 0016992be5f0 a0 a4 6d 04 56 00 00 00 70 92 c6 4e 6a 00 00 00
                                 0016992be600 30 e6 2b 99 16 00 00 00 e0 3e 61 04 56 00 00 00
                                 0016992be610 02 00 00 00 00 00 00 00 02 00 00 00 00 00 00 00
    TLS Address:                 0000005a775e1200
    TLS Dump:                                 00 01 02 03 04 05 06 07 08 09 0a 0b 0c 0d 0e 0f
                                 005a775e1200 00 00 00 00 0e 00 00 00 00 00 00 00 00 00 00 00
                                 005a775e1210 00 00 00 00 00 00 00 00 00 00 00 00 00 00 00 00
                                 005a775e1220 53 46 43 4f 00 00 00 00 00 00 00 00 a1 6d 71 f3
                                 005a775e1230 02 00 00 00 00 00 00 00 00 00 00 00 00 00 00 00
                                 005a775e1240 00 00 00 00 00 00 00 00 da 75 25 00 00 00 00 00
                                 005a775e1250 02 00 00 00 00 00 00 00 00 00 00 00 00 00 00 00
                                 005a775e1260 00 00 00 00 00 00 00 00 00 00 00 00 00 00 00 00
                                 005a775e1270 16 00 00 00 00 00 00 00 8c 00 00 00 00 00 00 00
                                 005a775e1280 00 00 00 00 00 00 00 00 00 00 00 00 00 00 00 00
                                 005a775e1290 00 00 00 00 00 00 00 00 00 00 00 00 00 00 00 00
                                 005a775e12a0 00 00 00 00 00 00 00 00 00 00 00 00 00 00 00 00
                                 005a775e12b0 00 00 00 00 00 00 00 00 00 00 00 00 00 00 00 00
                                 005a775e12c0 00 00 00 00 00 00 00 00 00 00 00 00 00 00 00 00
                                 005a775e12d0 00 00 00 00 00 00 00 00 00 00 00 00 00 00 00 00
                                 005a775e12e0 00 00 00 00 00 00 00 00 00 00 00 00 00 00 00 00
                                 005a775e12f0 00 00 00 00 00 00 00 00 00 00 00 00 00 00 00 00
Threads[01]:
    Thread ID:                   0000000000000280
    Stack Region:                000000164089f000-00000016408c0000
    Registers:
        X[00]:                   0000000000000000
        X[01]:                   0000000000000000
        X[02]:                   0000000000000000
        X[03]:                   0000000000000000
        X[04]:                   0000000000000000
        X[05]:                   0000000000000000
        X[06]:                   0000000000000000
        X[07]:                   0000000000000000
        X[08]:                   0000000000000000
        X[09]:                   0000000000000000
        X[10]:                   0000000000000000
        X[11]:                   0000000000000000
        X[12]:                   0000000000000000
        X[13]:                   0000000000000000
        X[14]:                   0000000000000000
        X[15]:                   0000000000000000
        X[16]:                   0000000000000000
        X[17]:                   0000000000000000
        X[18]:                   244f9cbb47d7f153
        X[19]:                   0000000000000000
        X[20]:                   00000016408bef50
        X[21]:                   0000003b3688ff20
        X[22]:                   0000003b36f99ed0
        X[23]:                   0000003b36f9d5e8
        X[24]:                   0000003b36f91328
        X[25]:                   0000000000000000
        X[26]:                   0000000000000000
        X[27]:                   0000000000000000
        X[28]:                   0000000000000000
        FP:                      00000016408bee90
        LR:                      0000003b36d180bc
        SP:                      00000016408bee90
        PC:                      0000003b36d11358
    Stack Trace:
        ReturnAddress[00]:       0000003b36890220
        ReturnAddress[01]:       0000003b36d17a54
        ReturnAddress[02]:       0000003b36d1af68
        ReturnAddress[03]:       0000000000000000
    Stack Dump:                               00 01 02 03 04 05 06 07 08 09 0a 0b 0c 0d 0e 0f
                                 0016408bee90 b0 ee 8b 40 16 00 00 00 20 02 89 36 3b 00 00 00
                                 0016408beea0 00 00 00 00 00 00 00 00 08 02 89 36 3b 00 00 00
                                 0016408beeb0 70 ef 8b 40 16 00 00 00 54 7a d1 36 3b 00 00 00
                                 0016408beec0 50 ee 2b 99 16 00 00 00 80 15 5e 77 5a 00 00 00
                                 0016408beed0 20 ff 88 36 3b 00 00 00 00 00 00 00 00 00 00 00
                                 0016408beee0 00 00 00 00 00 00 00 00 00 00 00 00 00 00 00 00
                                 0016408beef0 00 00 00 00 00 00 00 00 00 00 00 00 00 00 00 00
                                 0016408bef00 00 00 00 00 00 00 00 00 00 00 00 00 00 00 00 00
                                 0016408bef10 37 3a 4d 37 3a 4d 37 3a 4d 37 3a 4d 37 3a 4d 37
                                 0016408bef20 00 00 00 00 00 00 00 00 00 65 cd 1d 00 00 00 00
                                 0016408bef30 4d 37 3a 4d 37 3a 4d 37 3a 4d 37 3a 4d 37 3a 4d
                                 0016408bef40 00 00 00 00 00 00 00 00 4d 37 3a 4d 37 3a 4d 37
                                 0016408bef50 3a 4d 37 3a 4d 37 3a 4d 37 3a 4d 37 3a 4d 37 3a
                                 0016408bef60 70 ef 8b 40 16 00 00 00 4c 7a d1 36 3b 00 00 00
                                 0016408bef70 a0 ef 8b 40 16 00 00 00 68 af d1 36 3b 00 00 00
                                 0016408bef80 d0 ef 8b 40 16 00 00 00 80 15 5e 77 5a 00 00 00
    TLS Address:                 0000005a775e1400
    TLS Dump:                                 00 01 02 03 04 05 06 07 08 09 0a 0b 0c 0d 0e 0f
                                 005a775e1400 00 00 00 00 00 00 00 00 00 00 00 00 00 00 00 00
                                 005a775e1410 00 00 00 00 00 00 00 00 00 00 00 00 00 00 00 00
                                 005a775e1420 00 00 00 00 00 00 00 00 00 00 00 00 00 00 00 00
                                 005a775e1430 00 00 00 00 00 00 00 00 00 00 00 00 00 00 00 00
                                 005a775e1440 00 00 00 00 00 00 00 00 00 00 00 00 00 00 00 00
                                 005a775e1450 00 00 00 00 00 00 00 00 00 00 00 00 00 00 00 00
                                 005a775e1460 00 00 00 00 00 00 00 00 00 00 00 00 00 00 00 00
                                 005a775e1470 00 00 00 00 00 00 00 00 00 00 00 00 00 00 00 00
                                 005a775e1480 00 00 00 00 00 00 00 00 00 00 00 00 00 00 00 00
                                 005a775e1490 00 00 00 00 00 00 00 00 00 00 00 00 00 00 00 00
                                 005a775e14a0 00 00 00 00 00 00 00 00 00 00 00 00 00 00 00 00
                                 005a775e14b0 00 00 00 00 00 00 00 00 00 00 00 00 00 00 00 00
                                 005a775e14c0 00 00 00 00 00 00 00 00 00 00 00 00 00 00 00 00
                                 005a775e14d0 00 00 00 00 00 00 00 00 00 00 00 00 00 00 00 00
                                 005a775e14e0 00 00 00 00 00 00 00 00 00 00 00 00 00 00 00 00
                                 005a775e14f0 00 00 00 00 00 00 00 00 00 00 00 00 00 00 00 00
