Atmosphère Crash Report (v1.7):
Result:                          0x2A8 (2168-0001)

Process Info:
    Process Name:                hbloader
    Program ID:                  0100b6200d8d2000
    Process ID:                  000000000000008c
    Process Flags:               00000077
    User Exception Address:      0000003d103fb000
Exception Info:
    Type:                        Instruction Abort
    Address:                     0000002b76d0f358
Crashed Thread Info:
    Thread ID:                   000000000000027d
    Stack Region:                000000545c1e9000-000000545c20a000
    Registers:
        X[00]:                   0000000000000000
        X[01]:                   0000000000000000
        X[02]:                   0000000000000000
        X[03]:                   0000000000000000
        X[04]:                   0000000000000000
        X[05]:                   0000000000000000
        X[06]:                   0000000000000000
        X[07]:                   0000000000000000
        X[08]:                   0000000000000000
        X[09]:                   0000000000000000
        X[10]:                   0000000000000000
        X[11]:                   0000000000000000
        X[12]:                   0000000000000000
        X[13]:                   0000000000000000
        X[14]:                   0000000000000000
        X[15]:                   0000000000000000
        X[16]:                   0000000000000000
        X[17]:                   0000000000000000
        X[18]:                   49aea996a81efad3
        X[19]:                   0000000000000000
        X[20]:                   000000545c208f50
        X[21]:                   0000002b7688df20
        X[22]:                   0000002b76f97ed0
        X[23]:                   0000002b76f9b5e8
        X[24]:                   0000002b76f8f328
        X[25]:                   0000000000000000
        X[26]:                   0000000000000000
        X[27]:                   0000000000000000
        X[28]:                   0000000000000000
        FP:                      000000545c208e90
        LR:                      0000002b76d160bc
        SP:                      000000545c208e90
        PC:                      0000002b76d0f358
    Stack Trace:
        ReturnAddress[00]:       0000002b7688e220
        ReturnAddress[01]:       0000002b76d15a54
        ReturnAddress[02]:       0000002b76d18f68
        ReturnAddress[03]:       0000000000000000
    Stack Dump:                               00 01 02 03 04 05 06 07 08 09 0a 0b 0c 0d 0e 0f
                                 00545c208e90 b0 8e 20 5c 54 00 00 00 20 e2 88 76 2b 00 00 00
                                 00545c208ea0 00 00 00 00 00 00 00 00 08 e2 88 76 2b 00 00 00
                                 00545c208eb0 70 8f 20 5c 54 00 00 00 54 5a d1 76 2b 00 00 00
                                 00545c208ec0 50 5e 88 7c 54 00 00 00 80 b5 3f 10 3d 00 00 00
                                 00545c208ed0 20 df 88 76 2b 00 00 00 00 00 00 00 00 00 00 00
                                 00545c208ee0 00 00 00 00 00 00 00 00 00 00 00 00 00 00 00 00
                                 00545c208ef0 00 00 00 00 00 00 00 00 00 00 00 00 00 00 00 00
                                 00545c208f00 00 00 00 00 00 00 00 00 00 00 00 00 00 00 00 00
                                 00545c208f10 37 3a 4d 37 3a 4d 37 3a 4d 37 3a 4d 37 3a 4d 37
                                 00545c208f20 00 00 00 00 00 00 00 00 00 65 cd 1d 00 00 00 00
                                 00545c208f30 4d 37 3a 4d 37 3a 4d 37 3a 4d 37 3a 4d 37 3a 4d
                                 00545c208f40 00 00 00 00 00 00 00 00 4d 37 3a 4d 37 3a 4d 37
                                 00545c208f50 3a 4d 37 3a 4d 37 3a 4d 37 3a 4d 37 3a 4d 37 3a
                                 00545c208f60 70 8f 20 5c 54 00 00 00 4c 5a d1 76 2b 00 00 00
                                 00545c208f70 a0 8f 20 5c 54 00 00 00 68 8f d1 76 2b 00 00 00
                                 00545c208f80 d0 8f 20 5c 54 00 00 00 80 b5 3f 10 3d 00 00 00
    TLS Address:                 0000003d103fb400
    TLS Dump:                                 00 01 02 03 04 05 06 07 08 09 0a 0b 0c 0d 0e 0f
                                 003d103fb400 00 00 00 00 00 00 00 00 00 00 00 00 00 00 00 00
                                 003d103fb410 00 00 00 00 00 00 00 00 00 00 00 00 00 00 00 00
                                 003d103fb420 00 00 00 00 00 00 00 00 00 00 00 00 00 00 00 00
                                 003d103fb430 00 00 00 00 00 00 00 00 00 00 00 00 00 00 00 00
                                 003d103fb440 00 00 00 00 00 00 00 00 00 00 00 00 00 00 00 00
                                 003d103fb450 00 00 00 00 00 00 00 00 00 00 00 00 00 00 00 00
                                 003d103fb460 00 00 00 00 00 00 00 00 00 00 00 00 00 00 00 00
                                 003d103fb470 00 00 00 00 00 00 00 00 00 00 00 00 00 00 00 00
                                 003d103fb480 00 00 00 00 00 00 00 00 00 00 00 00 00 00 00 00
                                 003d103fb490 00 00 00 00 00 00 00 00 00 00 00 00 00 00 00 00
                                 003d103fb4a0 00 00 00 00 00 00 00 00 00 00 00 00 00 00 00 00
                                 003d103fb4b0 00 00 00 00 00 00 00 00 00 00 00 00 00 00 00 00
                                 003d103fb4c0 00 00 00 00 00 00 00 00 00 00 00 00 00 00 00 00
                                 003d103fb4d0 00 00 00 00 00 00 00 00 00 00 00 00 00 00 00 00
                                 003d103fb4e0 00 00 00 00 00 00 00 00 00 00 00 00 00 00 00 00
                                 003d103fb4f0 00 00 00 00 00 00 00 00 00 00 00 00 00 00 00 00
Module Info:
    Number of Modules:           01
    Module 00:
        Address:                 0000007c45000000-0000007c4500b000
        Name:                    hbl
        Module Id:               A48F084FBD81E89BDB7BB8504C5F146E7466933E000000000000000000000000
Thread Report:
Number of Threads:               02
Threads[00]:
    Thread ID:                   000000000000025d
    Stack Region:                000000547c786000-000000547c886000
    Registers:
        X[00]:                   00000000000281fd
        X[01]:                   0000000000000080
        X[02]:                   0000000010000009
        X[03]:                   0000000000000009
        X[04]:                   0000003d103fb200
        X[05]:                   0000000000000009
        X[06]:                   0000003d103fb230
        X[07]:                   00000000000281fd
        X[08]:                   0000000000000000
        X[09]:                   0000000000000000
        X[10]:                   0000000000000000
        X[11]:                   0000000000000000
        X[12]:                   0000000000000000
        X[13]:                   0000000000000000
        X[14]:                   0000000000000000
        X[15]:                   0000000000000000
        X[16]:                   0000000000000000
        X[17]:                   0000000000000000
        X[18]:                   0000000000000000
        X[19]:                   0000000000000000
        X[20]:                   0000000000000000
        X[21]:                   0000000000000000
        X[22]:                   0000000000000000
        X[23]:                   0000000000000000
        X[24]:                   0000000000000000
        X[25]:                   0000000000000000
        X[26]:                   0000000000000000
        X[27]:                   0000000000000000
        X[28]:                   0000000000000000
        FP:                      000000547c885ec0
        LR:                      0000007c4500352c (hbl + 0x352c)
        SP:                      000000547c885ec0
        PC:                      0000007c45007524 (hbl + 0x7524)
    Stack Trace:
        ReturnAddress[00]:       0000007c45006844 (hbl + 0x6844)
        ReturnAddress[01]:       0000007c4500acf8 (hbl + 0xacf8)
        ReturnAddress[02]:       0000007c45000a7c (hbl + 0xa7c)
        ReturnAddress[03]:       0000002b76d1585c
        ReturnAddress[04]:       0000002b76d15878
        ReturnAddress[05]:       0000002b76daa918
        ReturnAddress[06]:       0000002b76d8ec18
        ReturnAddress[07]:       0000002b76d299ec
        ReturnAddress[08]:       0000002b767efb70
        ReturnAddress[09]:       0000002b76d29b7c
        ReturnAddress[10]:       0000002b7688edc8
        ReturnAddress[11]:       0000007c45003388 (hbl + 0x3388)
        ReturnAddress[12]:       0000007c45006e10 (hbl + 0x6e10)
        ReturnAddress[13]:       0000007c4500ac10 (hbl + 0xac10)
        ReturnAddress[14]:       0000002127200080
        ReturnAddress[15]:       0000000000246f80
        ReturnAddress[16]:       1400ba3354000040
    Stack Dump:                               00 01 02 03 04 05 06 07 08 09 0a 0b 0c 0d 0e 0f
                                 00547c885ec0 30 5f 88 7c 54 00 00 00 44 68 00 45 7c 00 00 00
                                 00547c885ed0 70 30 01 45 7c 00 00 00 78 f9 00 45 7c 00 00 00
                                 00547c885ee0 80 00 20 27 21 00 00 00 98 00 00 00 00 08 00 00
                                 00547c885ef0 40 5f 88 7c 54 00 00 00 80 00 20 27 21 00 00 00
                                 00547c885f00 80 6f 24 00 00 00 00 00 70 30 01 45 7c 00 00 00
                                 00547c885f10 00 00 20 27 21 00 00 00 00 00 00 00 00 00 00 00
                                 00547c885f20 80 00 00 00 00 00 00 00 80 6f 24 00 00 00 00 00
                                 00547c885f30 70 5f 88 7c 54 00 00 00 f8 ac 00 45 7c 00 00 00
                                 00547c885f40 80 00 20 27 21 00 00 00 80 6f 24 00 00 00 00 00
                                 00547c885f50 00 00 20 27 21 00 00 00 03 00 00 00 00 00 00 00
                                 00547c885f60 60 30 01 45 7c 00 00 00 ac 9f 01 45 7c 00 00 00
                                 00547c885f70 a0 5f 88 7c 54 00 00 00 7c 0a 00 45 7c 00 00 00
                                 00547c885f80 10 00 20 27 21 00 00 00 00 10 01 45 7c 00 00 00
                                 00547c885f90 80 6f 24 00 00 00 00 00 78 f9 00 45 7c 00 00 00
                                 00547c885fa0 70 5d 88 7c 54 00 00 00 5c 58 d1 76 2b 00 00 00
                                 00547c885fb0 20 16 0e 30 21 00 00 00 f0 80 f7 76 2b 00 00 00
    TLS Address:                 0000003d103fb200
    TLS Dump:                                 00 01 02 03 04 05 06 07 08 09 0a 0b 0c 0d 0e 0f
                                 003d103fb200 00 00 00 00 0e 00 00 00 00 00 00 00 00 00 00 00
                                 003d103fb210 00 00 00 00 00 00 00 00 00 00 00 00 00 00 00 00
                                 003d103fb220 53 46 43 4f 00 00 00 00 00 00 00 00 a1 6d 71 f3
                                 003d103fb230 80 6f 24 00 00 00 00 00 00 00 00 00 00 00 00 00
                                 003d103fb240 00 00 00 00 00 00 00 00 80 00 00 00 00 00 00 00
                                 003d103fb250 80 6f 24 00 00 00 00 00 00 00 00 00 00 00 00 00
                                 003d103fb260 00 00 00 00 18 00 00 00 f8 5a 88 7c 54 00 18 00
                                 003d103fb270 12 00 00 00 00 00 00 00 8c 00 00 00 00 00 00 00
                                 003d103fb280 00 00 00 00 00 00 00 00 00 00 00 00 00 00 00 00
                                 003d103fb290 00 00 00 00 00 00 00 00 00 00 00 00 00 00 00 00
                                 003d103fb2a0 00 00 00 00 00 00 00 00 00 00 00 00 00 00 00 00
                                 003d103fb2b0 00 00 00 00 00 00 00 00 00 00 00 00 00 00 00 00
                                 003d103fb2c0 00 00 00 00 00 00 00 00 00 00 00 00 00 00 00 00
                                 003d103fb2d0 00 00 00 00 00 00 00 00 00 00 00 00 00 00 00 00
                                 003d103fb2e0 00 00 00 00 00 00 00 00 00 00 00 00 00 00 00 00
                                 003d103fb2f0 00 00 00 00 00 00 00 00 00 00 00 00 00 00 00 00
Threads[01]:
    Thread ID:                   000000000000027d
    Stack Region:                000000545c1e9000-000000545c20a000
    Registers:
        X[00]:                   0000000000000000
        X[01]:                   0000000000000000
        X[02]:                   0000000000000000
        X[03]:                   0000000000000000
        X[04]:                   0000000000000000
        X[05]:                   0000000000000000
        X[06]:                   0000000000000000
        X[07]:                   0000000000000000
        X[08]:                   0000000000000000
        X[09]:                   0000000000000000
        X[10]:                   0000000000000000
        X[11]:                   0000000000000000
        X[12]:                   0000000000000000
        X[13]:                   0000000000000000
        X[14]:                   0000000000000000
        X[15]:                   0000000000000000
        X[16]:                   0000000000000000
        X[17]:                   0000000000000000
        X[18]:                   49aea996a81efad3
        X[19]:                   0000000000000000
        X[20]:                   000000545c208f50
        X[21]:                   0000002b7688df20
        X[22]:                   0000002b76f97ed0
        X[23]:                   0000002b76f9b5e8
        X[24]:                   0000002b76f8f328
        X[25]:                   0000000000000000
        X[26]:                   0000000000000000
        X[27]:                   0000000000000000
        X[28]:                   0000000000000000
        FP:                      000000545c208e90
        LR:                      0000002b76d160bc
        SP:                      000000545c208e90
        PC:                      0000002b76d0f358
    Stack Trace:
        ReturnAddress[00]:       0000002b7688e220
        ReturnAddress[01]:       0000002b76d15a54
        ReturnAddress[02]:       0000002b76d18f68
        ReturnAddress[03]:       0000000000000000
    Stack Dump:                               00 01 02 03 04 05 06 07 08 09 0a 0b 0c 0d 0e 0f
                                 00545c208e90 b0 8e 20 5c 54 00 00 00 20 e2 88 76 2b 00 00 00
                                 00545c208ea0 00 00 00 00 00 00 00 00 08 e2 88 76 2b 00 00 00
                                 00545c208eb0 70 8f 20 5c 54 00 00 00 54 5a d1 76 2b 00 00 00
                                 00545c208ec0 50 5e 88 7c 54 00 00 00 80 b5 3f 10 3d 00 00 00
                                 00545c208ed0 20 df 88 76 2b 00 00 00 00 00 00 00 00 00 00 00
                                 00545c208ee0 00 00 00 00 00 00 00 00 00 00 00 00 00 00 00 00
                                 00545c208ef0 00 00 00 00 00 00 00 00 00 00 00 00 00 00 00 00
                                 00545c208f00 00 00 00 00 00 00 00 00 00 00 00 00 00 00 00 00
                                 00545c208f10 37 3a 4d 37 3a 4d 37 3a 4d 37 3a 4d 37 3a 4d 37
                                 00545c208f20 00 00 00 00 00 00 00 00 00 65 cd 1d 00 00 00 00
                                 00545c208f30 4d 37 3a 4d 37 3a 4d 37 3a 4d 37 3a 4d 37 3a 4d
                                 00545c208f40 00 00 00 00 00 00 00 00 4d 37 3a 4d 37 3a 4d 37
                                 00545c208f50 3a 4d 37 3a 4d 37 3a 4d 37 3a 4d 37 3a 4d 37 3a
                                 00545c208f60 70 8f 20 5c 54 00 00 00 4c 5a d1 76 2b 00 00 00
                                 00545c208f70 a0 8f 20 5c 54 00 00 00 68 8f d1 76 2b 00 00 00
                                 00545c208f80 d0 8f 20 5c 54 00 00 00 80 b5 3f 10 3d 00 00 00
    TLS Address:                 0000003d103fb400
    TLS Dump:                                 00 01 02 03 04 05 06 07 08 09 0a 0b 0c 0d 0e 0f
                                 003d103fb400 00 00 00 00 00 00 00 00 00 00 00 00 00 00 00 00
                                 003d103fb410 00 00 00 00 00 00 00 00 00 00 00 00 00 00 00 00
                                 003d103fb420 00 00 00 00 00 00 00 00 00 00 00 00 00 00 00 00
                                 003d103fb430 00 00 00 00 00 00 00 00 00 00 00 00 00 00 00 00
                                 003d103fb440 00 00 00 00 00 00 00 00 00 00 00 00 00 00 00 00
                                 003d103fb450 00 00 00 00 00 00 00 00 00 00 00 00 00 00 00 00
                                 003d103fb460 00 00 00 00 00 00 00 00 00 00 00 00 00 00 00 00
                                 003d103fb470 00 00 00 00 00 00 00 00 00 00 00 00 00 00 00 00
                                 003d103fb480 00 00 00 00 00 00 00 00 00 00 00 00 00 00 00 00
                                 003d103fb490 00 00 00 00 00 00 00 00 00 00 00 00 00 00 00 00
                                 003d103fb4a0 00 00 00 00 00 00 00 00 00 00 00 00 00 00 00 00
                                 003d103fb4b0 00 00 00 00 00 00 00 00 00 00 00 00 00 00 00 00
                                 003d103fb4c0 00 00 00 00 00 00 00 00 00 00 00 00 00 00 00 00
                                 003d103fb4d0 00 00 00 00 00 00 00 00 00 00 00 00 00 00 00 00
                                 003d103fb4e0 00 00 00 00 00 00 00 00 00 00 00 00 00 00 00 00
                                 003d103fb4f0 00 00 00 00 00 00 00 00 00 00 00 00 00 00 00 00
