Atmosphère Crash Report (v1.7):
Result:                          0x2A8 (2168-0001)

Process Info:
    Process Name:                hbloader
    Program ID:                  010000000000100d
    Process ID:                  000000000000008b
    Process Flags:               000000b7
    User Exception Address:      00000021b4dd0000
Exception Info:
    Type:                        Instruction Abort
    Address:                     000000294cf1d8b8
Crashed Thread Info:
    Thread ID:                   0000000000000259
    Stack Region:                00000031bc904000-00000031bc925000
    Registers:
        X[00]:                   0000000000000000
        X[01]:                   0000000000000000
        X[02]:                   0000000000000000
        X[03]:                   0000000000000000
        X[04]:                   0000000000000000
        X[05]:                   0000000000000000
        X[06]:                   0000000000000000
        X[07]:                   0000000000000000
        X[08]:                   0000000000000000
        X[09]:                   0000000000000000
        X[10]:                   0000000000000000
        X[11]:                   0000000000000000
        X[12]:                   0000000000000000
        X[13]:                   0000000000000000
        X[14]:                   0000000000000000
        X[15]:                   0000000000000000
        X[16]:                   0000000000000000
        X[17]:                   0000000000000000
        X[18]:                   4bcb53f6550b40c1
        X[19]:                   0000000000000000
        X[20]:                   00000031bc923f50
        X[21]:                   000000294ca9bf20
        X[22]:                   000000294d1a5f10
        X[23]:                   000000294d1a9628
        X[24]:                   000000294d19d328
        X[25]:                   0000000000000000
        X[26]:                   0000000000000000
        X[27]:                   0000000000000000
        X[28]:                   0000000000000000
        FP:                      00000031bc923e90
        LR:                      000000294cf2461c
        SP:                      00000031bc923e90
        PC:                      000000294cf1d8b8
    Stack Trace:
        ReturnAddress[00]:       000000294ca9c220
        ReturnAddress[01]:       000000294cf23fb4
        ReturnAddress[02]:       000000294cf274c8
        ReturnAddress[03]:       0000000000000000
    Stack Dump:                               00 01 02 03 04 05 06 07 08 09 0a 0b 0c 0d 0e 0f
                                 0031bc923e90 b0 3e 92 bc 31 00 00 00 20 c2 a9 4c 29 00 00 00
                                 0031bc923ea0 00 00 00 00 00 00 00 00 08 c2 a9 4c 29 00 00 00
                                 0031bc923eb0 70 3f 92 bc 31 00 00 00 b4 3f f2 4c 29 00 00 00
                                 0031bc923ec0 50 0e 1b d4 31 00 00 00 80 05 dd b4 21 00 00 00
                                 0031bc923ed0 20 bf a9 4c 29 00 00 00 00 00 00 00 00 00 00 00
                                 0031bc923ee0 00 00 00 00 00 00 00 00 00 00 00 00 00 00 00 00
                                 0031bc923ef0 00 00 00 00 00 00 00 00 00 00 00 00 00 00 00 00
                                 0031bc923f00 00 00 00 00 00 00 00 00 00 00 00 00 00 00 00 00
                                 0031bc923f10 37 3a 4d 37 3a 4d 37 3a 4d 37 3a 4d 37 3a 4d 37
                                 0031bc923f20 00 00 00 00 00 00 00 00 00 65 cd 1d 00 00 00 00
                                 0031bc923f30 4d 37 3a 4d 37 3a 4d 37 3a 4d 37 3a 4d 37 3a 4d
                                 0031bc923f40 00 00 00 00 00 00 00 00 4d 37 3a 4d 37 3a 4d 37
                                 0031bc923f50 3a 4d 37 3a 4d 37 3a 4d 37 3a 4d 37 3a 4d 37 3a
                                 0031bc923f60 70 3f 92 bc 31 00 00 00 ac 3f f2 4c 29 00 00 00
                                 0031bc923f70 a0 3f 92 bc 31 00 00 00 c8 74 f2 4c 29 00 00 00
                                 0031bc923f80 d0 3f 92 bc 31 00 00 00 80 05 dd b4 21 00 00 00
    TLS Address:                 00000021b4dd0400
    TLS Dump:                                 00 01 02 03 04 05 06 07 08 09 0a 0b 0c 0d 0e 0f
                                 0021b4dd0400 00 00 00 00 00 00 00 00 00 00 00 00 00 00 00 00
                                 0021b4dd0410 00 00 00 00 00 00 00 00 00 00 00 00 00 00 00 00
                                 0021b4dd0420 00 00 00 00 00 00 00 00 00 00 00 00 00 00 00 00
                                 0021b4dd0430 00 00 00 00 00 00 00 00 00 00 00 00 00 00 00 00
                                 0021b4dd0440 00 00 00 00 00 00 00 00 00 00 00 00 00 00 00 00
                                 0021b4dd0450 00 00 00 00 00 00 00 00 00 00 00 00 00 00 00 00
                                 0021b4dd0460 00 00 00 00 00 00 00 00 00 00 00 00 00 00 00 00
                                 0021b4dd0470 00 00 00 00 00 00 00 00 00 00 00 00 00 00 00 00
                                 0021b4dd0480 00 00 00 00 00 00 00 00 00 00 00 00 00 00 00 00
                                 0021b4dd0490 00 00 00 00 00 00 00 00 00 00 00 00 00 00 00 00
                                 0021b4dd04a0 00 00 00 00 00 00 00 00 00 00 00 00 00 00 00 00
                                 0021b4dd04b0 00 00 00 00 00 00 00 00 00 00 00 00 00 00 00 00
                                 0021b4dd04c0 00 00 00 00 00 00 00 00 00 00 00 00 00 00 00 00
                                 0021b4dd04d0 00 00 00 00 00 00 00 00 00 00 00 00 00 00 00 00
                                 0021b4dd04e0 00 00 00 00 00 00 00 00 00 00 00 00 00 00 00 00
                                 0021b4dd04f0 00 00 00 00 00 00 00 00 00 00 00 00 00 00 00 00
Module Info:
    Number of Modules:           01
    Module 00:
        Address:                 0000007c5db6c000-0000007c5dd1c000
        Name:                    nx-hbmenu
        Module Id:               D9CBE9217B0F61043FCDC695A397E1CBB1F3DF69000000000000000000000000
Thread Report:
Number of Threads:               04
Threads[00]:
    Thread ID:                   000000000000024e
    Stack Region:                00000031d40b1000-00000031d41b1000
    Registers:
        X[00]:                   00000000003f81ef
        X[01]:                   00000021b4dd0230
        X[02]:                   000000000000000c
        X[03]:                   000000007000000c
        X[04]:                   000000000000000c
        X[05]:                   00000021b4dd0200
        X[06]:                   00000000003f81ef
        X[07]:                   00000000003f81ef
        X[08]:                   0000000000000000
        X[09]:                   0000000000000000
        X[10]:                   0000000000000000
        X[11]:                   0000000000000000
        X[12]:                   0000000000000000
        X[13]:                   0000000000000000
        X[14]:                   0000000000000000
        X[15]:                   0000000000000000
        X[16]:                   0000000000000000
        X[17]:                   0000000000000000
        X[18]:                   0000000000000000
        X[19]:                   0000000000000000
        X[20]:                   0000000000000000
        X[21]:                   0000000000000000
        X[22]:                   0000000000000000
        X[23]:                   0000000000000000
        X[24]:                   0000000000000000
        X[25]:                   0000000000000000
        X[26]:                   0000000000000000
        X[27]:                   0000000000000000
        X[28]:                   0000000000000000
        FP:                      00000031d41b0290
        LR:                      0000007c5db94da8 (nx-hbmenu + 0x28da8)
        SP:                      00000031d41b0290
        PC:                      0000007c5db8fc20 (nx-hbmenu + 0x23c20)
    Stack Trace:
        ReturnAddress[00]:       0000007c5db99dfc (nx-hbmenu + 0x2ddfc)
        ReturnAddress[01]:       0000007c5dd19b54 (nx-hbmenu + 0x1adb54)
        ReturnAddress[02]:       0000007c5dd19c58 (nx-hbmenu + 0x1adc58)
        ReturnAddress[03]:       0000007c5db7042c (nx-hbmenu + 0x442c)
        ReturnAddress[04]:       0000007c5db70f44 (nx-hbmenu + 0x4f44)
        ReturnAddress[05]:       0000007c5db710ac (nx-hbmenu + 0x50ac)
        ReturnAddress[06]:       0000007c5db6c45c (nx-hbmenu + 0x45c)
        ReturnAddress[07]:       0000007c5db6c140 (nx-hbmenu + 0x140)
        ReturnAddress[08]:       0000000000000000
    Stack Dump:                               00 01 02 03 04 05 06 07 08 09 0a 0b 0c 0d 0e 0f
                                 0031d41b0290 e0 02 1b d4 31 00 00 00 fc 9d b9 5d 7c 00 00 00
                                 0031d41b02a0 e0 03 1b d4 31 00 00 00 78 80 1b 1d 37 00 00 00
                                 0031d41b02b0 20 00 00 00 00 00 00 00 90 2d 41 17 43 00 00 00
                                 0031d41b02c0 00 f0 25 00 00 00 00 00 78 80 1b 1d 37 00 00 00
                                 0031d41b02d0 54 80 1b 1d 37 00 00 00 20 00 00 00 00 00 00 00
                                 0031d41b02e0 30 03 1b d4 31 00 00 00 54 9b d1 5d 7c 00 00 00
                                 0031d41b02f0 30 fa f3 1c 37 00 00 00 08 05 1b d4 31 00 00 00
                                 0031d41b0300 00 40 db 5d 7c 00 00 00 00 20 db 5d 7c 00 00 00
                                 0031d41b0310 50 80 1b 1d 37 00 00 00 78 03 1b d4 31 00 00 00
                                 0031d41b0320 00 40 db 5d 7c 00 00 00 aa ef d1 5d 7c 00 00 00
                                 0031d41b0330 e0 04 1b d4 31 00 00 00 58 9c d1 5d 7c 00 00 00
                                 0031d41b0340 20 00 00 00 00 00 00 00 68 05 1b d4 31 00 00 00
                                 0031d41b0350 b0 7a d2 5d 7c 00 00 00 00 00 00 00 00 00 00 00
                                 0031d41b0360 00 00 00 00 00 00 00 00 20 fa f3 1c 37 00 00 00
                                 0031d41b0370 00 00 00 00 00 00 00 00 00 00 00 00 00 00 00 00
                                 0031d41b0380 00 00 00 00 00 00 00 00 30 06 db 5d 7c 00 00 00
    TLS Address:                 00000021b4dd0200
    TLS Dump:                                 00 01 02 03 04 05 06 07 08 09 0a 0b 0c 0d 0e 0f
                                 0021b4dd0200 00 00 00 00 0e 00 00 00 00 00 00 00 00 00 00 00
                                 0021b4dd0210 00 00 00 00 00 00 00 00 00 00 00 00 00 00 00 00
                                 0021b4dd0220 53 46 43 4f 00 00 00 00 00 00 00 00 b6 3d 95 b4
                                 0021b4dd0230 00 00 00 00 00 00 00 00 00 00 00 00 00 00 00 00
                                 0021b4dd0240 00 00 00 00 00 00 00 00 00 a5 00 00 04 00 00 00
                                 0021b4dd0250 00 00 00 00 00 00 00 00 00 40 23 00 00 00 00 00
                                 0021b4dd0260 00 00 00 00 00 00 00 00 00 00 00 00 00 00 00 00
                                 0021b4dd0270 12 00 00 00 00 00 00 00 8b 00 00 00 00 00 00 00
                                 0021b4dd0280 00 00 00 00 00 00 00 00 00 00 00 00 00 00 00 00
                                 0021b4dd0290 00 00 00 00 00 00 00 00 00 00 00 00 00 00 00 00
                                 0021b4dd02a0 00 00 00 00 00 00 00 00 00 00 00 00 00 00 00 00
                                 0021b4dd02b0 00 00 00 00 00 00 00 00 00 00 00 00 00 00 00 00
                                 0021b4dd02c0 00 00 00 00 00 00 00 00 00 00 00 00 00 00 00 00
                                 0021b4dd02d0 00 00 00 00 00 00 00 00 00 00 00 00 00 00 00 00
                                 0021b4dd02e0 00 00 00 00 00 00 00 00 00 00 00 00 00 00 00 00
                                 0021b4dd02f0 00 00 00 00 00 00 00 00 00 00 00 00 00 00 00 00
Threads[01]:
    Thread ID:                   0000000000000259
    Stack Region:                00000031bc904000-00000031bc925000
    Registers:
        X[00]:                   0000000000000000
        X[01]:                   0000000000000000
        X[02]:                   0000000000000000
        X[03]:                   0000000000000000
        X[04]:                   0000000000000000
        X[05]:                   0000000000000000
        X[06]:                   0000000000000000
        X[07]:                   0000000000000000
        X[08]:                   0000000000000000
        X[09]:                   0000000000000000
        X[10]:                   0000000000000000
        X[11]:                   0000000000000000
        X[12]:                   0000000000000000
        X[13]:                   0000000000000000
        X[14]:                   0000000000000000
        X[15]:                   0000000000000000
        X[16]:                   0000000000000000
        X[17]:                   0000000000000000
        X[18]:                   4bcb53f6550b40c1
        X[19]:                   0000000000000000
        X[20]:                   00000031bc923f50
        X[21]:                   000000294ca9bf20
        X[22]:                   000000294d1a5f10
        X[23]:                   000000294d1a9628
        X[24]:                   000000294d19d328
        X[25]:                   0000000000000000
        X[26]:                   0000000000000000
        X[27]:                   0000000000000000
        X[28]:                   0000000000000000
        FP:                      00000031bc923e90
        LR:                      000000294cf2461c
        SP:                      00000031bc923e90
        PC:                      000000294cf1d8b8
    Stack Trace:
        ReturnAddress[00]:       000000294ca9c220
        ReturnAddress[01]:       000000294cf23fb4
        ReturnAddress[02]:       000000294cf274c8
        ReturnAddress[03]:       0000000000000000
    Stack Dump:                               00 01 02 03 04 05 06 07 08 09 0a 0b 0c 0d 0e 0f
                                 0031bc923e90 b0 3e 92 bc 31 00 00 00 20 c2 a9 4c 29 00 00 00
                                 0031bc923ea0 00 00 00 00 00 00 00 00 08 c2 a9 4c 29 00 00 00
                                 0031bc923eb0 70 3f 92 bc 31 00 00 00 b4 3f f2 4c 29 00 00 00
                                 0031bc923ec0 50 0e 1b d4 31 00 00 00 80 05 dd b4 21 00 00 00
                                 0031bc923ed0 20 bf a9 4c 29 00 00 00 00 00 00 00 00 00 00 00
                                 0031bc923ee0 00 00 00 00 00 00 00 00 00 00 00 00 00 00 00 00
                                 0031bc923ef0 00 00 00 00 00 00 00 00 00 00 00 00 00 00 00 00
                                 0031bc923f00 00 00 00 00 00 00 00 00 00 00 00 00 00 00 00 00
                                 0031bc923f10 37 3a 4d 37 3a 4d 37 3a 4d 37 3a 4d 37 3a 4d 37
                                 0031bc923f20 00 00 00 00 00 00 00 00 00 65 cd 1d 00 00 00 00
                                 0031bc923f30 4d 37 3a 4d 37 3a 4d 37 3a 4d 37 3a 4d 37 3a 4d
                                 0031bc923f40 00 00 00 00 00 00 00 00 4d 37 3a 4d 37 3a 4d 37
                                 0031bc923f50 3a 4d 37 3a 4d 37 3a 4d 37 3a 4d 37 3a 4d 37 3a
                                 0031bc923f60 70 3f 92 bc 31 00 00 00 ac 3f f2 4c 29 00 00 00
                                 0031bc923f70 a0 3f 92 bc 31 00 00 00 c8 74 f2 4c 29 00 00 00
                                 0031bc923f80 d0 3f 92 bc 31 00 00 00 80 05 dd b4 21 00 00 00
    TLS Address:                 00000021b4dd0400
    TLS Dump:                                 00 01 02 03 04 05 06 07 08 09 0a 0b 0c 0d 0e 0f
                                 0021b4dd0400 00 00 00 00 00 00 00 00 00 00 00 00 00 00 00 00
                                 0021b4dd0410 00 00 00 00 00 00 00 00 00 00 00 00 00 00 00 00
                                 0021b4dd0420 00 00 00 00 00 00 00 00 00 00 00 00 00 00 00 00
                                 0021b4dd0430 00 00 00 00 00 00 00 00 00 00 00 00 00 00 00 00
                                 0021b4dd0440 00 00 00 00 00 00 00 00 00 00 00 00 00 00 00 00
                                 0021b4dd0450 00 00 00 00 00 00 00 00 00 00 00 00 00 00 00 00
                                 0021b4dd0460 00 00 00 00 00 00 00 00 00 00 00 00 00 00 00 00
                                 0021b4dd0470 00 00 00 00 00 00 00 00 00 00 00 00 00 00 00 00
                                 0021b4dd0480 00 00 00 00 00 00 00 00 00 00 00 00 00 00 00 00
                                 0021b4dd0490 00 00 00 00 00 00 00 00 00 00 00 00 00 00 00 00
                                 0021b4dd04a0 00 00 00 00 00 00 00 00 00 00 00 00 00 00 00 00
                                 0021b4dd04b0 00 00 00 00 00 00 00 00 00 00 00 00 00 00 00 00
                                 0021b4dd04c0 00 00 00 00 00 00 00 00 00 00 00 00 00 00 00 00
                                 0021b4dd04d0 00 00 00 00 00 00 00 00 00 00 00 00 00 00 00 00
                                 0021b4dd04e0 00 00 00 00 00 00 00 00 00 00 00 00 00 00 00 00
                                 0021b4dd04f0 00 00 00 00 00 00 00 00 00 00 00 00 00 00 00 00
Threads[02]:
    Thread ID:                   000000000000025a
    Stack Region:                00000031d3206000-00000031d3227000
    Registers:
        X[00]:                   0000007c5ddbf7bc
        X[01]:                   0000007c5ddbf7d0
        X[02]:                   00000000004a01d6
        X[03]:                   ffffffffffffffff
        X[04]:                   0000007c5ddbf7bc
        X[05]:                   0000000000000000
        X[06]:                   0000000000000000
        X[07]:                   0000000000000000
        X[08]:                   0000000000000000
        X[09]:                   0000000000000000
        X[10]:                   0000000000000000
        X[11]:                   0000000000000000
        X[12]:                   0000000000000000
        X[13]:                   0000000000000000
        X[14]:                   0000000000000000
        X[15]:                   0000000000000000
        X[16]:                   0000000000000000
        X[17]:                   0000000000000000
        X[18]:                   0000000000000000
        X[19]:                   0000000000000000
        X[20]:                   0000000000000000
        X[21]:                   0000000000000000
        X[22]:                   0000000000000000
        X[23]:                   0000000000000000
        X[24]:                   0000000000000000
        X[25]:                   0000000000000000
        X[26]:                   0000000000000000
        X[27]:                   0000000000000000
        X[28]:                   0000000000000000
        FP:                      00000031d3225f00
        LR:                      0000007c5db9ab5c (nx-hbmenu + 0x2eb5c)
        SP:                      00000031d3225f00
        PC:                      0000007c5db8fbfc (nx-hbmenu + 0x23bfc)
    Stack Trace:
        ReturnAddress[00]:       0000007c5db9812c (nx-hbmenu + 0x2c12c)
        ReturnAddress[01]:       0000007c5dcfd52c (nx-hbmenu + 0x19152c)
        ReturnAddress[02]:       0000007c5db7772c (nx-hbmenu + 0xb72c)
        ReturnAddress[03]:       0000007c5db98264 (nx-hbmenu + 0x2c264)
        ReturnAddress[04]:       0000007c5db9b528 (nx-hbmenu + 0x2f528)
        ReturnAddress[05]:       0000000000000000
    Stack Dump:                               00 01 02 03 04 05 06 07 08 09 0a 0b 0c 0d 0e 0f
                                 0031d3225f00 30 5f 22 d3 31 00 00 00 2c 81 b9 5d 7c 00 00 00
                                 0031d3225f10 b8 f7 db 5d 7c 00 00 00 e5 03 00 aa 15 00 40 39
                                 0031d3225f20 bf ae 00 71 c0 0a 00 54 08 02 00 54 bf 36 00 71
                                 0031d3225f30 40 5f 22 d3 31 00 00 00 2c d5 cf 5d 7c 00 00 00
                                 0031d3225f40 50 5f 22 d3 31 00 00 00 2c 77 b7 5d 7c 00 00 00
                                 0031d3225f50 70 5f 22 d3 31 00 00 00 64 82 b9 5d 7c 00 00 00
                                 0031d3225f60 10 0d 1b d4 31 00 00 00 80 07 dd b4 21 00 00 00
                                 0031d3225f70 a0 5f 22 d3 31 00 00 00 28 b5 b9 5d 7c 00 00 00
                                 0031d3225f80 d0 5f 22 d3 31 00 00 00 80 07 dd b4 21 00 00 00
                                 0031d3225f90 00 70 dc 5d 7c 00 00 00 00 00 00 00 00 00 00 00
                                 0031d3225fa0 00 00 00 00 00 00 00 00 00 00 00 00 00 00 00 00
                                 0031d3225fb0 00 00 00 00 00 00 00 00 00 00 00 00 00 00 00 00
                                 0031d3225fc0 00 00 00 00 00 00 00 00 a3 c2 00 51 7f 24 00 71
                                 0031d3225fd0 60 94 e6 1c 37 00 00 00 20 82 b9 5d 7c 00 00 00
                                 0031d3225fe0 10 0d 1b d4 31 00 00 00 f0 64 22 d3 31 00 00 00
                                 0031d3225ff0 00 60 22 d3 31 00 00 00 7f 24 00 71 c9 fe ff 54
    TLS Address:                 00000021b4dd0600
    TLS Dump:                                 00 01 02 03 04 05 06 07 08 09 0a 0b 0c 0d 0e 0f
                                 0021b4dd0600 00 00 00 00 00 00 00 00 00 00 00 00 00 00 00 00
                                 0021b4dd0610 00 00 00 00 00 00 00 00 00 00 00 00 00 00 00 00
                                 0021b4dd0620 00 00 00 00 00 00 00 00 00 00 00 00 00 00 00 00
                                 0021b4dd0630 00 00 00 00 00 00 00 00 00 00 00 00 00 00 00 00
                                 0021b4dd0640 00 00 00 00 00 00 00 00 00 00 00 00 00 00 00 00
                                 0021b4dd0650 00 00 00 00 00 00 00 00 00 00 00 00 00 00 00 00
                                 0021b4dd0660 00 00 00 00 00 00 00 00 00 00 00 00 00 00 00 00
                                 0021b4dd0670 00 00 00 00 00 00 00 00 00 00 00 00 00 00 00 00
                                 0021b4dd0680 00 00 00 00 00 00 00 00 00 00 00 00 00 00 00 00
                                 0021b4dd0690 00 00 00 00 00 00 00 00 00 00 00 00 00 00 00 00
                                 0021b4dd06a0 00 00 00 00 00 00 00 00 00 00 00 00 00 00 00 00
                                 0021b4dd06b0 00 00 00 00 00 00 00 00 00 00 00 00 00 00 00 00
                                 0021b4dd06c0 00 00 00 00 00 00 00 00 00 00 00 00 00 00 00 00
                                 0021b4dd06d0 00 00 00 00 00 00 00 00 00 00 00 00 00 00 00 00
                                 0021b4dd06e0 00 00 00 00 00 00 00 00 00 00 00 00 00 00 00 00
                                 0021b4dd06f0 00 00 00 00 00 00 00 00 00 00 00 00 00 00 00 00
Threads[03]:
    Thread ID:                   000000000000025b
    Stack Region:                0000003219fd2000-0000003219ff3000
    Registers:
        X[00]:                   0000007c5ddbec54
        X[01]:                   0000007c5ddbec68
        X[02]:                   00000000004a81d7
        X[03]:                   000000003b9ac7c4
        X[04]:                   0000007c5ddbec54
        X[05]:                   00000000678d0523
        X[06]:                   0000000000000001
        X[07]:                   0000000000000000
        X[08]:                   0000000000000000
        X[09]:                   0000000000000000
        X[10]:                   0000000000000000
        X[11]:                   0000000000000000
        X[12]:                   0000000000000000
        X[13]:                   0000000000000000
        X[14]:                   0000000000000000
        X[15]:                   0000000000000000
        X[16]:                   0000000000000000
        X[17]:                   0000000000000000
        X[18]:                   0000000000000000
        X[19]:                   0000000000000000
        X[20]:                   0000000000000000
        X[21]:                   0000000000000000
        X[22]:                   0000000000000000
        X[23]:                   0000000000000000
        X[24]:                   0000000000000000
        X[25]:                   0000000000000000
        X[26]:                   0000000000000000
        X[27]:                   0000000000000000
        X[28]:                   0000000000000000
        FP:                      0000003219ff1ea0
        LR:                      0000007c5db9ab5c (nx-hbmenu + 0x2eb5c)
        SP:                      0000003219ff1ea0
        PC:                      0000007c5db8fbfc (nx-hbmenu + 0x23bfc)
    Stack Trace:
        ReturnAddress[00]:       0000007c5db9812c (nx-hbmenu + 0x2c12c)
        ReturnAddress[01]:       0000007c5dcfd4cc (nx-hbmenu + 0x1914cc)
        ReturnAddress[02]:       0000007c5db75244 (nx-hbmenu + 0x9244)
        ReturnAddress[03]:       0000007c5db98264 (nx-hbmenu + 0x2c264)
        ReturnAddress[04]:       0000007c5db9b528 (nx-hbmenu + 0x2f528)
        ReturnAddress[05]:       0000000000000000
    Stack Dump:                               00 01 02 03 04 05 06 07 08 09 0a 0b 0c 0d 0e 0f
                                 003219ff1ea0 d0 1e ff 19 32 00 00 00 2c 81 b9 5d 7c 00 00 00
                                 003219ff1eb0 50 ec db 5d 7c 00 00 00 54 7a 43 08 00 00 00 00
                                 003219ff1ec0 e0 1e ff 19 32 00 00 00 cc d4 cf 5d 7c 00 00 00
                                 003219ff1ed0 e0 1e ff 19 32 00 00 00 cc d4 cf 5d 7c 00 00 00
                                 003219ff1ee0 f0 1e ff 19 32 00 00 00 44 52 b7 5d 7c 00 00 00
                                 003219ff1ef0 70 1f ff 19 32 00 00 00 64 82 b9 5d 7c 00 00 00
                                 003219ff1f00 10 0d 1b d4 31 00 00 00 80 09 dd b4 21 00 00 00
                                 003219ff1f10 90 51 b7 5d 7c 00 00 00 00 00 00 00 00 00 00 00
                                 003219ff1f20 00 00 00 00 00 00 00 00 00 00 00 00 00 00 00 00
                                 003219ff1f30 20 0f 00 90 00 30 41 f9 94 02 00 8b b9 a1 ff 97
                                 003219ff1f40 00 00 00 00 00 00 00 00 00 3c 43 f9 00 00 40 b9
                                 003219ff1f50 00 03 00 34 c0 06 40 b9 1f 00 15 6b 81 0f 00 54
                                 003219ff1f60 23 05 8d 67 00 00 00 00 18 78 43 08 00 00 00 00
                                 003219ff1f70 a0 1f ff 19 32 00 00 00 28 b5 b9 5d 7c 00 00 00
                                 003219ff1f80 d0 1f ff 19 32 00 00 00 80 09 dd b4 21 00 00 00
                                 003219ff1f90 00 70 dc 5d 7c 00 00 00 00 00 00 00 00 00 00 00
    TLS Address:                 00000021b4dd0800
    TLS Dump:                                 00 01 02 03 04 05 06 07 08 09 0a 0b 0c 0d 0e 0f
                                 0021b4dd0800 00 00 00 00 08 00 00 80 20 00 00 00 d4 81 4b 00
                                 0021b4dd0810 53 46 43 4f 00 00 00 00 00 00 00 00 af 51 f2 26
                                 0021b4dd0820 00 00 00 00 00 00 00 00 00 00 00 00 00 00 00 00
                                 0021b4dd0830 00 00 00 00 00 00 00 00 00 00 00 00 00 00 00 00
                                 0021b4dd0840 00 00 00 00 00 00 00 00 00 00 00 00 00 00 00 00
                                 0021b4dd0850 00 00 00 00 00 00 00 00 00 00 00 00 00 00 00 00
                                 0021b4dd0860 00 00 00 00 00 00 00 00 00 00 00 00 00 00 00 00
                                 0021b4dd0870 00 00 00 00 00 00 00 00 00 00 00 00 00 00 00 00
                                 0021b4dd0880 00 00 00 00 00 00 00 00 00 00 00 00 00 00 00 00
                                 0021b4dd0890 00 00 00 00 00 00 00 00 00 00 00 00 00 00 00 00
                                 0021b4dd08a0 00 00 00 00 00 00 00 00 00 00 00 00 00 00 00 00
                                 0021b4dd08b0 00 00 00 00 00 00 00 00 00 00 00 00 00 00 00 00
                                 0021b4dd08c0 00 00 00 00 00 00 00 00 00 00 00 00 00 00 00 00
                                 0021b4dd08d0 00 00 00 00 00 00 00 00 00 00 00 00 00 00 00 00
                                 0021b4dd08e0 00 00 00 00 00 00 00 00 00 00 00 00 00 00 00 00
                                 0021b4dd08f0 00 00 00 00 00 00 00 00 00 00 00 00 00 00 00 00
