Atmosphère Crash Report (v1.7):
Result:                          0x2A8 (2168-0001)

Process Info:
    Process Name:                hbloader
    Program ID:                  010000000000100d
    Process ID:                  000000000000008b
    Process Flags:               000000b7
    User Exception Address:      00000017aa5ec000
Exception Info:
    Type:                        Instruction Abort
    Address:                     00000020d2eca358
Crashed Thread Info:
    Thread ID:                   0000000000000256
    Stack Region:                000000349c806000-000000349c827000
    Registers:
        X[00]:                   0000000000000000
        X[01]:                   0000000000000000
        X[02]:                   0000000000000000
        X[03]:                   0000000000000000
        X[04]:                   0000000000000000
        X[05]:                   0000000000000000
        X[06]:                   0000000000000000
        X[07]:                   0000000000000000
        X[08]:                   0000000000000000
        X[09]:                   0000000000000000
        X[10]:                   0000000000000000
        X[11]:                   0000000000000000
        X[12]:                   0000000000000000
        X[13]:                   0000000000000000
        X[14]:                   0000000000000000
        X[15]:                   0000000000000000
        X[16]:                   0000000000000000
        X[17]:                   0000000000000000
        X[18]:                   3264915c83a98a4d
        X[19]:                   0000000000000000
        X[20]:                   000000349c825f50
        X[21]:                   00000020d2a48f20
        X[22]:                   00000020d3152f10
        X[23]:                   00000020d3156628
        X[24]:                   00000020d314a328
        X[25]:                   0000000000000000
        X[26]:                   0000000000000000
        X[27]:                   0000000000000000
        X[28]:                   0000000000000000
        FP:                      000000349c825e90
        LR:                      00000020d2ed10bc
        SP:                      000000349c825e90
        PC:                      00000020d2eca358
    Stack Trace:
        ReturnAddress[00]:       00000020d2a49220
        ReturnAddress[01]:       00000020d2ed0a54
        ReturnAddress[02]:       00000020d2ed3f68
        ReturnAddress[03]:       0000000000000000
    Stack Dump:                               00 01 02 03 04 05 06 07 08 09 0a 0b 0c 0d 0e 0f
                                 00349c825e90 b0 5e 82 9c 34 00 00 00 20 92 a4 d2 20 00 00 00
                                 00349c825ea0 00 00 00 00 00 00 00 00 08 92 a4 d2 20 00 00 00
                                 00349c825eb0 70 5f 82 9c 34 00 00 00 54 0a ed d2 20 00 00 00
                                 00349c825ec0 50 ae b6 86 34 00 00 00 80 c5 5e aa 17 00 00 00
                                 00349c825ed0 20 8f a4 d2 20 00 00 00 00 00 00 00 00 00 00 00
                                 00349c825ee0 00 00 00 00 00 00 00 00 00 00 00 00 00 00 00 00
                                 00349c825ef0 00 00 00 00 00 00 00 00 00 00 00 00 00 00 00 00
                                 00349c825f00 00 00 00 00 00 00 00 00 00 00 00 00 00 00 00 00
                                 00349c825f10 37 3a 4d 37 3a 4d 37 3a 4d 37 3a 4d 37 3a 4d 37
                                 00349c825f20 00 00 00 00 00 00 00 00 00 65 cd 1d 00 00 00 00
                                 00349c825f30 4d 37 3a 4d 37 3a 4d 37 3a 4d 37 3a 4d 37 3a 4d
                                 00349c825f40 00 00 00 00 00 00 00 00 4d 37 3a 4d 37 3a 4d 37
                                 00349c825f50 3a 4d 37 3a 4d 37 3a 4d 37 3a 4d 37 3a 4d 37 3a
                                 00349c825f60 70 5f 82 9c 34 00 00 00 4c 0a ed d2 20 00 00 00
                                 00349c825f70 a0 5f 82 9c 34 00 00 00 68 3f ed d2 20 00 00 00
                                 00349c825f80 d0 5f 82 9c 34 00 00 00 80 c5 5e aa 17 00 00 00
    TLS Address:                 00000017aa5ec400
    TLS Dump:                                 00 01 02 03 04 05 06 07 08 09 0a 0b 0c 0d 0e 0f
                                 0017aa5ec400 00 00 00 00 00 00 00 00 00 00 00 00 00 00 00 00
                                 0017aa5ec410 00 00 00 00 00 00 00 00 00 00 00 00 00 00 00 00
                                 0017aa5ec420 00 00 00 00 00 00 00 00 00 00 00 00 00 00 00 00
                                 0017aa5ec430 00 00 00 00 00 00 00 00 00 00 00 00 00 00 00 00
                                 0017aa5ec440 00 00 00 00 00 00 00 00 00 00 00 00 00 00 00 00
                                 0017aa5ec450 00 00 00 00 00 00 00 00 00 00 00 00 00 00 00 00
                                 0017aa5ec460 00 00 00 00 00 00 00 00 00 00 00 00 00 00 00 00
                                 0017aa5ec470 00 00 00 00 00 00 00 00 00 00 00 00 00 00 00 00
                                 0017aa5ec480 00 00 00 00 00 00 00 00 00 00 00 00 00 00 00 00
                                 0017aa5ec490 00 00 00 00 00 00 00 00 00 00 00 00 00 00 00 00
                                 0017aa5ec4a0 00 00 00 00 00 00 00 00 00 00 00 00 00 00 00 00
                                 0017aa5ec4b0 00 00 00 00 00 00 00 00 00 00 00 00 00 00 00 00
                                 0017aa5ec4c0 00 00 00 00 00 00 00 00 00 00 00 00 00 00 00 00
                                 0017aa5ec4d0 00 00 00 00 00 00 00 00 00 00 00 00 00 00 00 00
                                 0017aa5ec4e0 00 00 00 00 00 00 00 00 00 00 00 00 00 00 00 00
                                 0017aa5ec4f0 00 00 00 00 00 00 00 00 00 00 00 00 00 00 00 00
Module Info:
    Number of Modules:           01
    Module 00:
        Address:                 0000007eb5fdb000-0000007eb618b000
        Name:                    nx-hbmenu
        Module Id:               D9CBE9217B0F61043FCDC695A397E1CBB1F3DF69000000000000000000000000
Thread Report:
Number of Threads:               02
Threads[00]:
    Thread ID:                   000000000000024e
    Stack Region:                0000003486a6b000-0000003486b6b000
    Registers:
        X[00]:                   00000000003f01ef
        X[01]:                   0000000000257490
        X[02]:                   000000004000000d
        X[03]:                   000000000000000d
        X[04]:                   00000017aa5ec200
        X[05]:                   000000000000000d
        X[06]:                   00000017aa5ec230
        X[07]:                   00000000003f01ef
        X[08]:                   0000000000000000
        X[09]:                   0000000000000000
        X[10]:                   0000000000000000
        X[11]:                   0000000000000000
        X[12]:                   0000000000000000
        X[13]:                   0000000000000000
        X[14]:                   0000000000000000
        X[15]:                   0000000000000000
        X[16]:                   0000000000000000
        X[17]:                   0000000000000000
        X[18]:                   0000000000000000
        X[19]:                   0000000000000000
        X[20]:                   0000000000000000
        X[21]:                   0000000000000000
        X[22]:                   0000000000000000
        X[23]:                   0000000000000000
        X[24]:                   0000000000000000
        X[25]:                   0000000000000000
        X[26]:                   0000000000000000
        X[27]:                   0000000000000000
        X[28]:                   0000000000000000
        FP:                      0000003486b6a520
        LR:                      0000007eb60035cc (nx-hbmenu + 0x285cc)
        SP:                      0000003486b6a520
        PC:                      0000007eb5ffec20 (nx-hbmenu + 0x23c20)
    Stack Trace:
        ReturnAddress[00]:       0000007eb5ffd254 (nx-hbmenu + 0x22254)
        ReturnAddress[01]:       0000007eb5ffd310 (nx-hbmenu + 0x22310)
        ReturnAddress[02]:       0000007eb6189cd8 (nx-hbmenu + 0x1aecd8)
        ReturnAddress[03]:       0000007eb6158ee0 (nx-hbmenu + 0x17dee0)
        ReturnAddress[04]:       0000007eb6157e58 (nx-hbmenu + 0x17ce58)
        ReturnAddress[05]:       0000007eb6165718 (nx-hbmenu + 0x18a718)
        ReturnAddress[06]:       0000007eb6165de4 (nx-hbmenu + 0x18ade4)
        ReturnAddress[07]:       0000007eb6155694 (nx-hbmenu + 0x17a694)
        ReturnAddress[08]:       0000007eb6156e38 (nx-hbmenu + 0x17be38)
        ReturnAddress[09]:       0000007eb6157138 (nx-hbmenu + 0x17c138)
        ReturnAddress[10]:       0000007eb5fdbdf4 (nx-hbmenu + 0xdf4)
        ReturnAddress[11]:       0000007eb5fdb3b8 (nx-hbmenu + 0x3b8)
        ReturnAddress[12]:       0000007eb5fdb140 (nx-hbmenu + 0x140)
        ReturnAddress[13]:       0000000000000000
    Stack Dump:                               00 01 02 03 04 05 06 07 08 09 0a 0b 0c 0d 0e 0f
                                 003486b6a520 90 a5 b6 86 34 00 00 00 54 d2 ff b5 7e 00 00 00
                                 003486b6a530 20 a7 b6 86 34 00 00 00 02 00 00 00 00 00 00 00
                                 003486b6a540 20 a7 b6 86 34 00 00 00 32 80 46 54 09 00 00 00
                                 003486b6a550 70 a5 b6 86 34 00 00 00 20 a7 b6 86 34 00 00 00
                                 003486b6a560 02 00 00 00 00 00 00 00 dc fc 22 b6 7e 00 00 00
                                 003486b6a570 30 a6 b6 86 34 00 00 00 00 00 00 00 00 00 00 00
                                 003486b6a580 90 74 25 00 00 00 00 00 02 00 00 00 00 00 00 00
                                 003486b6a590 e0 a5 b6 86 34 00 00 00 10 d3 ff b5 7e 00 00 00
                                 003486b6a5a0 20 a7 b6 86 34 00 00 00 88 03 18 b6 7e 00 00 00
                                 003486b6a5b0 20 00 00 00 00 00 00 00 d0 fb 22 b6 7e 00 00 00
                                 003486b6a5c0 90 74 25 00 00 00 00 00 02 00 00 00 00 00 00 00
                                 003486b6a5d0 c0 99 46 54 09 00 00 00 00 00 00 00 00 00 00 00
                                 003486b6a5e0 00 a6 b6 86 34 00 00 00 d8 9c 18 b6 7e 00 00 00
                                 003486b6a5f0 a0 f4 21 b6 7e 00 00 00 70 92 46 54 09 00 00 00
                                 003486b6a600 30 a6 b6 86 34 00 00 00 e0 8e 15 b6 7e 00 00 00
                                 003486b6a610 02 00 00 00 00 00 00 00 02 00 00 00 00 00 00 00
    TLS Address:                 00000017aa5ec200
    TLS Dump:                                 00 01 02 03 04 05 06 07 08 09 0a 0b 0c 0d 0e 0f
                                 0017aa5ec200 00 00 00 00 0e 00 00 00 00 00 00 00 00 00 00 00
                                 0017aa5ec210 00 00 00 00 00 00 00 00 00 00 00 00 00 00 00 00
                                 0017aa5ec220 53 46 43 4f 00 00 00 00 00 00 00 00 a1 6d 71 f3
                                 0017aa5ec230 02 00 00 00 00 00 00 00 00 00 00 00 00 00 00 00
                                 0017aa5ec240 00 00 00 00 00 00 00 00 90 74 25 00 00 00 00 00
                                 0017aa5ec250 02 00 00 00 00 00 00 00 00 00 00 00 00 00 00 00
                                 0017aa5ec260 00 00 00 00 00 00 00 00 00 00 00 00 00 00 00 00
                                 0017aa5ec270 12 00 00 00 00 00 00 00 8b 00 00 00 00 00 00 00
                                 0017aa5ec280 00 00 00 00 00 00 00 00 00 00 00 00 00 00 00 00
                                 0017aa5ec290 00 00 00 00 00 00 00 00 00 00 00 00 00 00 00 00
                                 0017aa5ec2a0 00 00 00 00 00 00 00 00 00 00 00 00 00 00 00 00
                                 0017aa5ec2b0 00 00 00 00 00 00 00 00 00 00 00 00 00 00 00 00
                                 0017aa5ec2c0 00 00 00 00 00 00 00 00 00 00 00 00 00 00 00 00
                                 0017aa5ec2d0 00 00 00 00 00 00 00 00 00 00 00 00 00 00 00 00
                                 0017aa5ec2e0 00 00 00 00 00 00 00 00 00 00 00 00 00 00 00 00
                                 0017aa5ec2f0 00 00 00 00 00 00 00 00 00 00 00 00 00 00 00 00
Threads[01]:
    Thread ID:                   0000000000000256
    Stack Region:                000000349c806000-000000349c827000
    Registers:
        X[00]:                   0000000000000000
        X[01]:                   0000000000000000
        X[02]:                   0000000000000000
        X[03]:                   0000000000000000
        X[04]:                   0000000000000000
        X[05]:                   0000000000000000
        X[06]:                   0000000000000000
        X[07]:                   0000000000000000
        X[08]:                   0000000000000000
        X[09]:                   0000000000000000
        X[10]:                   0000000000000000
        X[11]:                   0000000000000000
        X[12]:                   0000000000000000
        X[13]:                   0000000000000000
        X[14]:                   0000000000000000
        X[15]:                   0000000000000000
        X[16]:                   0000000000000000
        X[17]:                   0000000000000000
        X[18]:                   3264915c83a98a4d
        X[19]:                   0000000000000000
        X[20]:                   000000349c825f50
        X[21]:                   00000020d2a48f20
        X[22]:                   00000020d3152f10
        X[23]:                   00000020d3156628
        X[24]:                   00000020d314a328
        X[25]:                   0000000000000000
        X[26]:                   0000000000000000
        X[27]:                   0000000000000000
        X[28]:                   0000000000000000
        FP:                      000000349c825e90
        LR:                      00000020d2ed10bc
        SP:                      000000349c825e90
        PC:                      00000020d2eca358
    Stack Trace:
        ReturnAddress[00]:       00000020d2a49220
        ReturnAddress[01]:       00000020d2ed0a54
        ReturnAddress[02]:       00000020d2ed3f68
        ReturnAddress[03]:       0000000000000000
    Stack Dump:                               00 01 02 03 04 05 06 07 08 09 0a 0b 0c 0d 0e 0f
                                 00349c825e90 b0 5e 82 9c 34 00 00 00 20 92 a4 d2 20 00 00 00
                                 00349c825ea0 00 00 00 00 00 00 00 00 08 92 a4 d2 20 00 00 00
                                 00349c825eb0 70 5f 82 9c 34 00 00 00 54 0a ed d2 20 00 00 00
                                 00349c825ec0 50 ae b6 86 34 00 00 00 80 c5 5e aa 17 00 00 00
                                 00349c825ed0 20 8f a4 d2 20 00 00 00 00 00 00 00 00 00 00 00
                                 00349c825ee0 00 00 00 00 00 00 00 00 00 00 00 00 00 00 00 00
                                 00349c825ef0 00 00 00 00 00 00 00 00 00 00 00 00 00 00 00 00
                                 00349c825f00 00 00 00 00 00 00 00 00 00 00 00 00 00 00 00 00
                                 00349c825f10 37 3a 4d 37 3a 4d 37 3a 4d 37 3a 4d 37 3a 4d 37
                                 00349c825f20 00 00 00 00 00 00 00 00 00 65 cd 1d 00 00 00 00
                                 00349c825f30 4d 37 3a 4d 37 3a 4d 37 3a 4d 37 3a 4d 37 3a 4d
                                 00349c825f40 00 00 00 00 00 00 00 00 4d 37 3a 4d 37 3a 4d 37
                                 00349c825f50 3a 4d 37 3a 4d 37 3a 4d 37 3a 4d 37 3a 4d 37 3a
                                 00349c825f60 70 5f 82 9c 34 00 00 00 4c 0a ed d2 20 00 00 00
                                 00349c825f70 a0 5f 82 9c 34 00 00 00 68 3f ed d2 20 00 00 00
                                 00349c825f80 d0 5f 82 9c 34 00 00 00 80 c5 5e aa 17 00 00 00
    TLS Address:                 00000017aa5ec400
    TLS Dump:                                 00 01 02 03 04 05 06 07 08 09 0a 0b 0c 0d 0e 0f
                                 0017aa5ec400 00 00 00 00 00 00 00 00 00 00 00 00 00 00 00 00
                                 0017aa5ec410 00 00 00 00 00 00 00 00 00 00 00 00 00 00 00 00
                                 0017aa5ec420 00 00 00 00 00 00 00 00 00 00 00 00 00 00 00 00
                                 0017aa5ec430 00 00 00 00 00 00 00 00 00 00 00 00 00 00 00 00
                                 0017aa5ec440 00 00 00 00 00 00 00 00 00 00 00 00 00 00 00 00
                                 0017aa5ec450 00 00 00 00 00 00 00 00 00 00 00 00 00 00 00 00
                                 0017aa5ec460 00 00 00 00 00 00 00 00 00 00 00 00 00 00 00 00
                                 0017aa5ec470 00 00 00 00 00 00 00 00 00 00 00 00 00 00 00 00
                                 0017aa5ec480 00 00 00 00 00 00 00 00 00 00 00 00 00 00 00 00
                                 0017aa5ec490 00 00 00 00 00 00 00 00 00 00 00 00 00 00 00 00
                                 0017aa5ec4a0 00 00 00 00 00 00 00 00 00 00 00 00 00 00 00 00
                                 0017aa5ec4b0 00 00 00 00 00 00 00 00 00 00 00 00 00 00 00 00
                                 0017aa5ec4c0 00 00 00 00 00 00 00 00 00 00 00 00 00 00 00 00
                                 0017aa5ec4d0 00 00 00 00 00 00 00 00 00 00 00 00 00 00 00 00
                                 0017aa5ec4e0 00 00 00 00 00 00 00 00 00 00 00 00 00 00 00 00
                                 0017aa5ec4f0 00 00 00 00 00 00 00 00 00 00 00 00 00 00 00 00
