Atmosphère Crash Report (v1.7):
Result:                          0x2A8 (2168-0001)

Process Info:
    Process Name:                hbloader
    Program ID:                  0100b6200d8d2000
    Process ID:                  000000000000008c
    Process Flags:               00000077
    User Exception Address:      0000001a5a778000
Exception Info:
    Type:                        Instruction Abort
    Address:                     0000002fa35f9868
Crashed Thread Info:
    Thread ID:                   000000000000027d
    Stack Region:                00000058a0f47000-00000058a0f68000
    Registers:
        X[00]:                   0000000000000000
        X[01]:                   0000000000000000
        X[02]:                   0000000000000000
        X[03]:                   0000000000000000
        X[04]:                   0000000000000000
        X[05]:                   0000000000000000
        X[06]:                   0000000000000000
        X[07]:                   0000000000000000
        X[08]:                   0000000000000000
        X[09]:                   0000000000000000
        X[10]:                   0000000000000000
        X[11]:                   0000000000000000
        X[12]:                   0000000000000000
        X[13]:                   0000000000000000
        X[14]:                   0000000000000000
        X[15]:                   0000000000000000
        X[16]:                   0000000000000000
        X[17]:                   0000000000000000
        X[18]:                   51c0edf0672858ff
        X[19]:                   0000000000000000
        X[20]:                   00000058a0f66f50
        X[21]:                   0000002fa35430c0
        X[22]:                   0000002fa370d4c0
        X[23]:                   0000002fa3710b50
        X[24]:                   0000002fa3709328
        X[25]:                   0000000000000000
        X[26]:                   0000000000000000
        X[27]:                   0000000000000000
        X[28]:                   0000000000000000
        FP:                      00000058a0f66e90
        LR:                      0000002fa35ffcfc
        SP:                      00000058a0f66e90
        PC:                      0000002fa35f9868
    Stack Trace:
        ReturnAddress[00]:       0000002fa35433c0
        ReturnAddress[01]:       0000002fa35ff694
        ReturnAddress[02]:       0000002fa3602b78
        ReturnAddress[03]:       0000000000000000
    Stack Dump:                               00 01 02 03 04 05 06 07 08 09 0a 0b 0c 0d 0e 0f
                                 0058a0f66e90 b0 6e f6 a0 58 00 00 00 c0 33 54 a3 2f 00 00 00
                                 0058a0f66ea0 00 00 00 00 00 00 00 00 a8 33 54 a3 2f 00 00 00
                                 0058a0f66eb0 70 6f f6 a0 58 00 00 00 94 f6 5f a3 2f 00 00 00
                                 0058a0f66ec0 50 be c0 f9 58 00 00 00 80 85 77 5a 1a 00 00 00
                                 0058a0f66ed0 c0 30 54 a3 2f 00 00 00 00 00 00 00 00 00 00 00
                                 0058a0f66ee0 00 00 00 00 00 00 00 00 00 00 00 00 00 00 00 00
                                 0058a0f66ef0 00 00 00 00 00 00 00 00 00 00 00 00 00 00 00 00
                                 0058a0f66f00 00 00 00 00 00 00 00 00 00 00 00 00 00 00 00 00
                                 0058a0f66f10 46 32 3b 46 32 3b 46 32 3b 46 32 3b 46 32 3b 46
                                 0058a0f66f20 00 00 00 00 00 00 00 00 00 65 cd 1d 00 00 00 00
                                 0058a0f66f30 3b 46 32 3b 46 32 3b 46 32 3b 46 32 3b 46 32 3b
                                 0058a0f66f40 00 00 00 00 00 00 00 00 3b 46 32 3b 46 32 3b 46
                                 0058a0f66f50 32 3b 46 32 3b 46 32 3b 46 32 3b 46 32 3b 46 32
                                 0058a0f66f60 70 6f f6 a0 58 00 00 00 8c f6 5f a3 2f 00 00 00
                                 0058a0f66f70 a0 6f f6 a0 58 00 00 00 78 2b 60 a3 2f 00 00 00
                                 0058a0f66f80 d0 6f f6 a0 58 00 00 00 80 85 77 5a 1a 00 00 00
    TLS Address:                 0000001a5a778400
    TLS Dump:                                 00 01 02 03 04 05 06 07 08 09 0a 0b 0c 0d 0e 0f
                                 001a5a778400 00 00 00 00 00 00 00 00 00 00 00 00 00 00 00 00
                                 001a5a778410 00 00 00 00 00 00 00 00 00 00 00 00 00 00 00 00
                                 001a5a778420 00 00 00 00 00 00 00 00 00 00 00 00 00 00 00 00
                                 001a5a778430 00 00 00 00 00 00 00 00 00 00 00 00 00 00 00 00
                                 001a5a778440 00 00 00 00 00 00 00 00 00 00 00 00 00 00 00 00
                                 001a5a778450 00 00 00 00 00 00 00 00 00 00 00 00 00 00 00 00
                                 001a5a778460 00 00 00 00 00 00 00 00 00 00 00 00 00 00 00 00
                                 001a5a778470 00 00 00 00 00 00 00 00 00 00 00 00 00 00 00 00
                                 001a5a778480 00 00 00 00 00 00 00 00 00 00 00 00 00 00 00 00
                                 001a5a778490 00 00 00 00 00 00 00 00 00 00 00 00 00 00 00 00
                                 001a5a7784a0 00 00 00 00 00 00 00 00 00 00 00 00 00 00 00 00
                                 001a5a7784b0 00 00 00 00 00 00 00 00 00 00 00 00 00 00 00 00
                                 001a5a7784c0 00 00 00 00 00 00 00 00 00 00 00 00 00 00 00 00
                                 001a5a7784d0 00 00 00 00 00 00 00 00 00 00 00 00 00 00 00 00
                                 001a5a7784e0 00 00 00 00 00 00 00 00 00 00 00 00 00 00 00 00
                                 001a5a7784f0 00 00 00 00 00 00 00 00 00 00 00 00 00 00 00 00
Module Info:
    Number of Modules:           01
    Module 00:
        Address:                 000000209aab1000-000000209ac61000
        Name:                    nx-hbmenu
        Module Id:               D9CBE9217B0F61043FCDC695A397E1CBB1F3DF69000000000000000000000000
Thread Report:
Number of Threads:               02
Threads[00]:
    Thread ID:                   0000000000000260
    Stack Region:                00000058f9b0c000-00000058f9c0c000
    Registers:
        X[00]:                   00000000003e01f9
        X[01]:                   0000000049434653
        X[02]:                   0000000000100001
        X[03]:                   0000000000000028
        X[04]:                   00000000003e01f9
        X[05]:                   000000209ad04f10
        X[06]:                   0000000000000000
        X[07]:                   0000000000000000
        X[08]:                   0000000000000000
        X[09]:                   0000000000000000
        X[10]:                   0000000000000000
        X[11]:                   0000000000000000
        X[12]:                   0000000000000000
        X[13]:                   0000000000000000
        X[14]:                   0000000000000000
        X[15]:                   0000000000000000
        X[16]:                   0000000000000000
        X[17]:                   0000000000000000
        X[18]:                   0000000000000000
        X[19]:                   0000000000000000
        X[20]:                   0000000000000000
        X[21]:                   0000000000000000
        X[22]:                   0000000000000000
        X[23]:                   0000000000000000
        X[24]:                   0000000000000000
        X[25]:                   0000000000000000
        X[26]:                   0000000000000000
        X[27]:                   0000000000000000
        X[28]:                   0000000000000000
        FP:                      00000058f9c0bd10
        LR:                      000000209aac7b00 (nx-hbmenu + 0x16b00)
        SP:                      00000058f9c0bd10
        PC:                      000000209aad4c20 (nx-hbmenu + 0x23c20)
    Stack Trace:
        ReturnAddress[00]:       000000209aadadd4 (nx-hbmenu + 0x29dd4)
        ReturnAddress[01]:       000000209aad00d4 (nx-hbmenu + 0x1f0d4)
        ReturnAddress[02]:       000000209aadcf38 (nx-hbmenu + 0x2bf38)
        ReturnAddress[03]:       000000209aadd034 (nx-hbmenu + 0x2c034)
        ReturnAddress[04]:       000000209aab10c4 (nx-hbmenu + 0xc4)
        ReturnAddress[05]:       00000048c6811c90
        ReturnAddress[06]:       00000000000081ff
    Stack Dump:                               00 01 02 03 04 05 06 07 08 09 0a 0b 0c 0d 0e 0f
                                 0058f9c0bd10 30 bd c0 f9 58 00 00 00 d4 ad ad 9a 20 00 00 00
                                 0058f9c0bd20 10 f0 80 c6 48 00 00 00 90 1c 81 c6 48 00 00 00
                                 0058f9c0bd30 b0 be c0 f9 58 00 00 00 d4 00 ad 9a 20 00 00 00
                                 0058f9c0bd40 18 5a d0 9a 20 00 00 00 28 5a d0 9a 20 00 00 00
                                 0058f9c0bd50 68 f0 d0 9a 20 00 00 00 00 82 77 5a 1a 00 00 00
                                 0058f9c0bd60 d0 bd c0 f9 58 00 00 00 ec 01 c5 9a 20 00 00 00
                                 0058f9c0bd70 98 4d c6 9a 20 00 00 00 71 b1 be 3b cb 2c 95 24
                                 0058f9c0bd80 d0 bd c0 f9 58 00 00 00 20 80 06 cf 59 00 00 00
                                 0058f9c0bd90 40 80 06 cf 59 00 00 00 00 80 06 cf 59 00 00 00
                                 0058f9c0bda0 00 00 00 00 00 00 00 00 20 00 00 00 00 00 00 00
                                 0058f9c0bdb0 d0 bd c0 f9 58 00 00 00 7c 7c c4 9a 20 00 00 00
                                 0058f9c0bdc0 68 f0 d0 9a 20 00 00 00 00 82 77 5a 1a 00 00 00
                                 0058f9c0bdd0 40 be c0 f9 58 00 00 00 58 62 c5 9a 20 00 00 00
                                 0058f9c0bde0 20 00 00 00 00 00 00 00 00 00 00 00 00 00 00 00
                                 0058f9c0bdf0 10 be c0 f9 58 00 00 00 40 e3 ac 9a 20 00 00 00
                                 0058f9c0be00 a0 be c0 f9 58 00 00 00 76 69 3a 6d 00 00 00 00
    TLS Address:                 0000001a5a778200
    TLS Dump:                                 00 01 02 03 04 05 06 07 08 09 0a 0b 0c 0d 0e 0f
                                 001a5a778200 00 00 00 00 0e 00 00 00 00 00 00 00 00 00 00 00
                                 001a5a778210 00 00 00 00 00 00 00 00 00 00 00 00 00 00 00 00
                                 001a5a778220 53 46 43 4f 00 00 00 00 00 00 00 00 a1 ea ef 56
                                 001a5a778230 14 00 00 00 00 00 00 00 00 00 00 00 00 00 00 00
                                 001a5a778240 00 00 00 00 00 00 00 00 00 00 00 00 00 00 00 00
                                 001a5a778250 00 00 00 00 00 00 00 00 00 00 00 00 00 00 00 00
                                 001a5a778260 00 00 00 00 18 00 00 00 18 bc c0 f9 58 00 18 00
                                 001a5a778270 12 00 00 00 00 00 00 00 8c 00 00 00 00 00 00 00
                                 001a5a778280 00 00 00 00 00 00 00 00 00 00 00 00 00 00 00 00
                                 001a5a778290 00 00 00 00 00 00 00 00 00 00 00 00 00 00 00 00
                                 001a5a7782a0 00 00 00 00 00 00 00 00 00 00 00 00 00 00 00 00
                                 001a5a7782b0 00 00 00 00 00 00 00 00 00 00 00 00 00 00 00 00
                                 001a5a7782c0 00 00 00 00 00 00 00 00 00 00 00 00 00 00 00 00
                                 001a5a7782d0 00 00 00 00 00 00 00 00 00 00 00 00 00 00 00 00
                                 001a5a7782e0 00 00 00 00 00 00 00 00 00 00 00 00 00 00 00 00
                                 001a5a7782f0 00 00 00 00 00 00 00 00 00 00 00 00 00 00 00 00
Threads[01]:
    Thread ID:                   000000000000027d
    Stack Region:                00000058a0f47000-00000058a0f68000
    Registers:
        X[00]:                   0000000000000000
        X[01]:                   0000000000000000
        X[02]:                   0000000000000000
        X[03]:                   0000000000000000
        X[04]:                   0000000000000000
        X[05]:                   0000000000000000
        X[06]:                   0000000000000000
        X[07]:                   0000000000000000
        X[08]:                   0000000000000000
        X[09]:                   0000000000000000
        X[10]:                   0000000000000000
        X[11]:                   0000000000000000
        X[12]:                   0000000000000000
        X[13]:                   0000000000000000
        X[14]:                   0000000000000000
        X[15]:                   0000000000000000
        X[16]:                   0000000000000000
        X[17]:                   0000000000000000
        X[18]:                   51c0edf0672858ff
        X[19]:                   0000000000000000
        X[20]:                   00000058a0f66f50
        X[21]:                   0000002fa35430c0
        X[22]:                   0000002fa370d4c0
        X[23]:                   0000002fa3710b50
        X[24]:                   0000002fa3709328
        X[25]:                   0000000000000000
        X[26]:                   0000000000000000
        X[27]:                   0000000000000000
        X[28]:                   0000000000000000
        FP:                      00000058a0f66e90
        LR:                      0000002fa35ffcfc
        SP:                      00000058a0f66e90
        PC:                      0000002fa35f9868
    Stack Trace:
        ReturnAddress[00]:       0000002fa35433c0
        ReturnAddress[01]:       0000002fa35ff694
        ReturnAddress[02]:       0000002fa3602b78
        ReturnAddress[03]:       0000000000000000
    Stack Dump:                               00 01 02 03 04 05 06 07 08 09 0a 0b 0c 0d 0e 0f
                                 0058a0f66e90 b0 6e f6 a0 58 00 00 00 c0 33 54 a3 2f 00 00 00
                                 0058a0f66ea0 00 00 00 00 00 00 00 00 a8 33 54 a3 2f 00 00 00
                                 0058a0f66eb0 70 6f f6 a0 58 00 00 00 94 f6 5f a3 2f 00 00 00
                                 0058a0f66ec0 50 be c0 f9 58 00 00 00 80 85 77 5a 1a 00 00 00
                                 0058a0f66ed0 c0 30 54 a3 2f 00 00 00 00 00 00 00 00 00 00 00
                                 0058a0f66ee0 00 00 00 00 00 00 00 00 00 00 00 00 00 00 00 00
                                 0058a0f66ef0 00 00 00 00 00 00 00 00 00 00 00 00 00 00 00 00
                                 0058a0f66f00 00 00 00 00 00 00 00 00 00 00 00 00 00 00 00 00
                                 0058a0f66f10 46 32 3b 46 32 3b 46 32 3b 46 32 3b 46 32 3b 46
                                 0058a0f66f20 00 00 00 00 00 00 00 00 00 65 cd 1d 00 00 00 00
                                 0058a0f66f30 3b 46 32 3b 46 32 3b 46 32 3b 46 32 3b 46 32 3b
                                 0058a0f66f40 00 00 00 00 00 00 00 00 3b 46 32 3b 46 32 3b 46
                                 0058a0f66f50 32 3b 46 32 3b 46 32 3b 46 32 3b 46 32 3b 46 32
                                 0058a0f66f60 70 6f f6 a0 58 00 00 00 8c f6 5f a3 2f 00 00 00
                                 0058a0f66f70 a0 6f f6 a0 58 00 00 00 78 2b 60 a3 2f 00 00 00
                                 0058a0f66f80 d0 6f f6 a0 58 00 00 00 80 85 77 5a 1a 00 00 00
    TLS Address:                 0000001a5a778400
    TLS Dump:                                 00 01 02 03 04 05 06 07 08 09 0a 0b 0c 0d 0e 0f
                                 001a5a778400 00 00 00 00 00 00 00 00 00 00 00 00 00 00 00 00
                                 001a5a778410 00 00 00 00 00 00 00 00 00 00 00 00 00 00 00 00
                                 001a5a778420 00 00 00 00 00 00 00 00 00 00 00 00 00 00 00 00
                                 001a5a778430 00 00 00 00 00 00 00 00 00 00 00 00 00 00 00 00
                                 001a5a778440 00 00 00 00 00 00 00 00 00 00 00 00 00 00 00 00
                                 001a5a778450 00 00 00 00 00 00 00 00 00 00 00 00 00 00 00 00
                                 001a5a778460 00 00 00 00 00 00 00 00 00 00 00 00 00 00 00 00
                                 001a5a778470 00 00 00 00 00 00 00 00 00 00 00 00 00 00 00 00
                                 001a5a778480 00 00 00 00 00 00 00 00 00 00 00 00 00 00 00 00
                                 001a5a778490 00 00 00 00 00 00 00 00 00 00 00 00 00 00 00 00
                                 001a5a7784a0 00 00 00 00 00 00 00 00 00 00 00 00 00 00 00 00
                                 001a5a7784b0 00 00 00 00 00 00 00 00 00 00 00 00 00 00 00 00
                                 001a5a7784c0 00 00 00 00 00 00 00 00 00 00 00 00 00 00 00 00
                                 001a5a7784d0 00 00 00 00 00 00 00 00 00 00 00 00 00 00 00 00
                                 001a5a7784e0 00 00 00 00 00 00 00 00 00 00 00 00 00 00 00 00
                                 001a5a7784f0 00 00 00 00 00 00 00 00 00 00 00 00 00 00 00 00
