Atmosphère Crash Report (v1.7):
Result:                          0x2A8 (2168-0001)

Process Info:
    Process Name:                hbloader
    Program ID:                  010000000000100d
    Process ID:                  000000000000008b
    Process Flags:               000000b7
    User Exception Address:      000000501ab82000
Exception Info:
    Type:                        Instruction Abort
    Address:                     0000005e5d56e358
Crashed Thread Info:
    Thread ID:                   0000000000000259
    Stack Region:                000000670df07000-000000670df28000
    Registers:
        X[00]:                   0000000000000000
        X[01]:                   0000000000000000
        X[02]:                   0000000000000000
        X[03]:                   0000000000000000
        X[04]:                   0000000000000000
        X[05]:                   0000000000000000
        X[06]:                   0000000000000000
        X[07]:                   0000000000000000
        X[08]:                   0000000000000000
        X[09]:                   0000000000000000
        X[10]:                   0000000000000000
        X[11]:                   0000000000000000
        X[12]:                   0000000000000000
        X[13]:                   0000000000000000
        X[14]:                   0000000000000000
        X[15]:                   0000000000000000
        X[16]:                   0000000000000000
        X[17]:                   0000000000000000
        X[18]:                   63780fb1fecb8433
        X[19]:                   0000000000000000
        X[20]:                   000000670df26f50
        X[21]:                   0000005e5d0ecf20
        X[22]:                   0000005e5d7f6ed0
        X[23]:                   0000005e5d7fa5e8
        X[24]:                   0000005e5d7ee328
        X[25]:                   0000000000000000
        X[26]:                   0000000000000000
        X[27]:                   0000000000000000
        X[28]:                   0000000000000000
        FP:                      000000670df26e90
        LR:                      0000005e5d5750bc
        SP:                      000000670df26e90
        PC:                      0000005e5d56e358
    Stack Trace:
        ReturnAddress[00]:       0000005e5d0ed220
        ReturnAddress[01]:       0000005e5d574a54
        ReturnAddress[02]:       0000005e5d577f68
        ReturnAddress[03]:       0000000000000000
    Stack Dump:                               00 01 02 03 04 05 06 07 08 09 0a 0b 0c 0d 0e 0f
                                 00670df26e90 b0 6e f2 0d 67 00 00 00 20 d2 0e 5d 5e 00 00 00
                                 00670df26ea0 00 00 00 00 00 00 00 00 08 d2 0e 5d 5e 00 00 00
                                 00670df26eb0 70 6f f2 0d 67 00 00 00 54 4a 57 5d 5e 00 00 00
                                 00670df26ec0 50 7e de 0f 67 00 00 00 80 25 b8 1a 50 00 00 00
                                 00670df26ed0 20 cf 0e 5d 5e 00 00 00 00 00 00 00 00 00 00 00
                                 00670df26ee0 00 00 00 00 00 00 00 00 00 00 00 00 00 00 00 00
                                 00670df26ef0 00 00 00 00 00 00 00 00 00 00 00 00 00 00 00 00
                                 00670df26f00 00 00 00 00 00 00 00 00 00 00 00 00 00 00 00 00
                                 00670df26f10 4d 37 3a 4d 37 3a 4d 37 3a 4d 37 3a 4d 37 3a 4d
                                 00670df26f20 00 00 00 00 00 00 00 00 00 65 cd 1d 00 00 00 00
                                 00670df26f30 3a 4d 37 3a 4d 37 3a 4d 37 3a 4d 37 3a 4d 37 3a
                                 00670df26f40 00 00 00 00 00 00 00 00 3a 4d 37 3a 4d 37 3a 4d
                                 00670df26f50 37 3a 4d 37 3a 4d 37 3a 4d 37 3a 4d 37 3a 4d 37
                                 00670df26f60 70 6f f2 0d 67 00 00 00 4c 4a 57 5d 5e 00 00 00
                                 00670df26f70 a0 6f f2 0d 67 00 00 00 68 7f 57 5d 5e 00 00 00
                                 00670df26f80 d0 6f f2 0d 67 00 00 00 80 25 b8 1a 50 00 00 00
    TLS Address:                 000000501ab82400
    TLS Dump:                                 00 01 02 03 04 05 06 07 08 09 0a 0b 0c 0d 0e 0f
                                 00501ab82400 00 00 00 00 00 00 00 00 00 00 00 00 00 00 00 00
                                 00501ab82410 00 00 00 00 00 00 00 00 00 00 00 00 00 00 00 00
                                 00501ab82420 00 00 00 00 00 00 00 00 00 00 00 00 00 00 00 00
                                 00501ab82430 00 00 00 00 00 00 00 00 00 00 00 00 00 00 00 00
                                 00501ab82440 00 00 00 00 00 00 00 00 00 00 00 00 00 00 00 00
                                 00501ab82450 00 00 00 00 00 00 00 00 00 00 00 00 00 00 00 00
                                 00501ab82460 00 00 00 00 00 00 00 00 00 00 00 00 00 00 00 00
                                 00501ab82470 00 00 00 00 00 00 00 00 00 00 00 00 00 00 00 00
                                 00501ab82480 00 00 00 00 00 00 00 00 00 00 00 00 00 00 00 00
                                 00501ab82490 00 00 00 00 00 00 00 00 00 00 00 00 00 00 00 00
                                 00501ab824a0 00 00 00 00 00 00 00 00 00 00 00 00 00 00 00 00
                                 00501ab824b0 00 00 00 00 00 00 00 00 00 00 00 00 00 00 00 00
                                 00501ab824c0 00 00 00 00 00 00 00 00 00 00 00 00 00 00 00 00
                                 00501ab824d0 00 00 00 00 00 00 00 00 00 00 00 00 00 00 00 00
                                 00501ab824e0 00 00 00 00 00 00 00 00 00 00 00 00 00 00 00 00
                                 00501ab824f0 00 00 00 00 00 00 00 00 00 00 00 00 00 00 00 00
Module Info:
    Number of Modules:           01
    Module 00:
        Address:                 0000006ba22f2000-0000006ba24a2000
        Name:                    nx-hbmenu
        Module Id:               D9CBE9217B0F61043FCDC695A397E1CBB1F3DF69000000000000000000000000
Thread Report:
Number of Threads:               02
Threads[00]:
    Thread ID:                   0000000000000251
    Stack Region:                000000670fce8000-000000670fde8000
    Registers:
        X[00]:                   00000000003f01ef
        X[01]:                   00000000003f01ef
        X[02]:                   000000000301b180
        X[03]:                   000000501ab82200
        X[04]:                   0000006ba25505d0
        X[05]:                   0000000003010180
        X[06]:                   0000000000000000
        X[07]:                   00000000003f01ef
        X[08]:                   0000000000000000
        X[09]:                   0000000000000000
        X[10]:                   0000000000000000
        X[11]:                   0000000000000000
        X[12]:                   0000000000000000
        X[13]:                   0000000000000000
        X[14]:                   0000000000000000
        X[15]:                   0000000000000000
        X[16]:                   0000000000000000
        X[17]:                   0000000000000000
        X[18]:                   0000000000000000
        X[19]:                   0000000000000000
        X[20]:                   0000000000000000
        X[21]:                   0000000000000000
        X[22]:                   0000000000000000
        X[23]:                   0000000000000000
        X[24]:                   0000000000000000
        X[25]:                   0000000000000000
        X[26]:                   0000000000000000
        X[27]:                   0000000000000000
        X[28]:                   0000000000000000
        FP:                      000000670fde77d0
        LR:                      0000006ba231a13c (nx-hbmenu + 0x2813c)
        SP:                      000000670fde77d0
        PC:                      0000006ba2315c20 (nx-hbmenu + 0x23c20)
    Stack Trace:
        ReturnAddress[00]:       0000006ba231f30c (nx-hbmenu + 0x2d30c)
        ReturnAddress[01]:       0000006ba22f6e10 (nx-hbmenu + 0x4e10)
        ReturnAddress[02]:       0000006ba22f2364 (nx-hbmenu + 0x364)
        ReturnAddress[03]:       0000006ba22f2140 (nx-hbmenu + 0x140)
        ReturnAddress[04]:       0000000000000000
    Stack Dump:                               00 01 02 03 04 05 06 07 08 09 0a 0b 0c 0d 0e 0f
                                 00670fde77d0 10 78 de 0f 67 00 00 00 0c f3 31 a2 6b 00 00 00
                                 00670fde77e0 d0 05 55 a2 6b 00 00 00 38 79 de 0f 67 00 00 00
                                 00670fde77f0 88 b1 54 a2 6b 00 00 00 00 20 2f a2 6b 00 00 00
                                 00670fde7800 d0 05 55 a2 6b 00 00 00 88 b1 54 a2 6b 00 00 00
                                 00670fde7810 f0 78 de 0f 67 00 00 00 10 6e 2f a2 6b 00 00 00
                                 00670fde7820 38 79 de 0f 67 00 00 00 d0 9f 53 a2 6b 00 00 00
                                 00670fde7830 00 90 53 a2 6b 00 00 00 d0 9f 53 a2 6b 00 00 00
                                 00670fde7840 00 00 00 00 00 00 00 00 00 00 00 00 00 00 00 00
                                 00670fde7850 00 00 00 00 00 00 00 00 00 00 00 00 00 00 00 00
                                 00670fde7860 c0 78 de 0f 67 00 00 00 60 0e 4a a2 6b 00 00 00
                                 00670fde7870 80 b0 54 a2 6b 00 00 00 a0 79 de 0f 67 00 00 00
                                 00670fde7880 00 90 53 a2 6b 00 00 00 d0 9f 53 a2 6b 00 00 00
                                 00670fde7890 00 00 00 00 00 00 00 00 00 00 00 00 00 00 00 00
                                 00670fde78a0 00 00 00 00 00 00 00 00 00 00 00 00 00 00 00 00
                                 00670fde78b0 18 0d 00 23 05 00 00 00 00 00 00 00 00 00 00 00
                                 00670fde78c0 f0 78 de 0f 67 00 00 00 10 6e 2f a2 6b 00 00 00
    TLS Address:                 000000501ab82200
    TLS Dump:                                 00 01 02 03 04 05 06 07 08 09 0a 0b 0c 0d 0e 0f
                                 00501ab82200 00 00 00 00 0d 00 00 00 00 00 00 00 00 00 00 00
                                 00501ab82210 00 00 00 00 00 00 00 00 00 00 00 00 00 00 00 00
                                 00501ab82220 53 46 43 4f 00 00 00 00 00 00 00 00 e7 59 ea d4
                                 00501ab82230 00 00 00 00 00 00 00 00 00 00 00 00 00 00 00 00
                                 00501ab82240 00 00 00 00 0a 00 00 00 00 00 00 00 00 00 00 00
                                 00501ab82250 00 00 00 00 00 00 00 00 00 00 00 00 00 00 00 00
                                 00501ab82260 00 00 00 00 00 00 00 00 00 00 00 00 00 00 00 00
                                 00501ab82270 12 00 00 00 00 00 00 00 8b 00 00 00 00 00 00 00
                                 00501ab82280 00 00 00 00 00 00 00 00 00 00 00 00 00 00 00 00
                                 00501ab82290 00 00 00 00 00 00 00 00 00 00 00 00 00 00 00 00
                                 00501ab822a0 00 00 00 00 00 00 00 00 00 00 00 00 00 00 00 00
                                 00501ab822b0 00 00 00 00 00 00 00 00 00 00 00 00 00 00 00 00
                                 00501ab822c0 00 00 00 00 00 00 00 00 00 00 00 00 00 00 00 00
                                 00501ab822d0 00 00 00 00 00 00 00 00 00 00 00 00 00 00 00 00
                                 00501ab822e0 00 00 00 00 00 00 00 00 00 00 00 00 00 00 00 00
                                 00501ab822f0 00 00 00 00 00 00 00 00 00 00 00 00 00 00 00 00
Threads[01]:
    Thread ID:                   0000000000000259
    Stack Region:                000000670df07000-000000670df28000
    Registers:
        X[00]:                   0000000000000000
        X[01]:                   0000000000000000
        X[02]:                   0000000000000000
        X[03]:                   0000000000000000
        X[04]:                   0000000000000000
        X[05]:                   0000000000000000
        X[06]:                   0000000000000000
        X[07]:                   0000000000000000
        X[08]:                   0000000000000000
        X[09]:                   0000000000000000
        X[10]:                   0000000000000000
        X[11]:                   0000000000000000
        X[12]:                   0000000000000000
        X[13]:                   0000000000000000
        X[14]:                   0000000000000000
        X[15]:                   0000000000000000
        X[16]:                   0000000000000000
        X[17]:                   0000000000000000
        X[18]:                   63780fb1fecb8433
        X[19]:                   0000000000000000
        X[20]:                   000000670df26f50
        X[21]:                   0000005e5d0ecf20
        X[22]:                   0000005e5d7f6ed0
        X[23]:                   0000005e5d7fa5e8
        X[24]:                   0000005e5d7ee328
        X[25]:                   0000000000000000
        X[26]:                   0000000000000000
        X[27]:                   0000000000000000
        X[28]:                   0000000000000000
        FP:                      000000670df26e90
        LR:                      0000005e5d5750bc
        SP:                      000000670df26e90
        PC:                      0000005e5d56e358
    Stack Trace:
        ReturnAddress[00]:       0000005e5d0ed220
        ReturnAddress[01]:       0000005e5d574a54
        ReturnAddress[02]:       0000005e5d577f68
        ReturnAddress[03]:       0000000000000000
    Stack Dump:                               00 01 02 03 04 05 06 07 08 09 0a 0b 0c 0d 0e 0f
                                 00670df26e90 b0 6e f2 0d 67 00 00 00 20 d2 0e 5d 5e 00 00 00
                                 00670df26ea0 00 00 00 00 00 00 00 00 08 d2 0e 5d 5e 00 00 00
                                 00670df26eb0 70 6f f2 0d 67 00 00 00 54 4a 57 5d 5e 00 00 00
                                 00670df26ec0 50 7e de 0f 67 00 00 00 80 25 b8 1a 50 00 00 00
                                 00670df26ed0 20 cf 0e 5d 5e 00 00 00 00 00 00 00 00 00 00 00
                                 00670df26ee0 00 00 00 00 00 00 00 00 00 00 00 00 00 00 00 00
                                 00670df26ef0 00 00 00 00 00 00 00 00 00 00 00 00 00 00 00 00
                                 00670df26f00 00 00 00 00 00 00 00 00 00 00 00 00 00 00 00 00
                                 00670df26f10 4d 37 3a 4d 37 3a 4d 37 3a 4d 37 3a 4d 37 3a 4d
                                 00670df26f20 00 00 00 00 00 00 00 00 00 65 cd 1d 00 00 00 00
                                 00670df26f30 3a 4d 37 3a 4d 37 3a 4d 37 3a 4d 37 3a 4d 37 3a
                                 00670df26f40 00 00 00 00 00 00 00 00 3a 4d 37 3a 4d 37 3a 4d
                                 00670df26f50 37 3a 4d 37 3a 4d 37 3a 4d 37 3a 4d 37 3a 4d 37
                                 00670df26f60 70 6f f2 0d 67 00 00 00 4c 4a 57 5d 5e 00 00 00
                                 00670df26f70 a0 6f f2 0d 67 00 00 00 68 7f 57 5d 5e 00 00 00
                                 00670df26f80 d0 6f f2 0d 67 00 00 00 80 25 b8 1a 50 00 00 00
    TLS Address:                 000000501ab82400
    TLS Dump:                                 00 01 02 03 04 05 06 07 08 09 0a 0b 0c 0d 0e 0f
                                 00501ab82400 00 00 00 00 00 00 00 00 00 00 00 00 00 00 00 00
                                 00501ab82410 00 00 00 00 00 00 00 00 00 00 00 00 00 00 00 00
                                 00501ab82420 00 00 00 00 00 00 00 00 00 00 00 00 00 00 00 00
                                 00501ab82430 00 00 00 00 00 00 00 00 00 00 00 00 00 00 00 00
                                 00501ab82440 00 00 00 00 00 00 00 00 00 00 00 00 00 00 00 00
                                 00501ab82450 00 00 00 00 00 00 00 00 00 00 00 00 00 00 00 00
                                 00501ab82460 00 00 00 00 00 00 00 00 00 00 00 00 00 00 00 00
                                 00501ab82470 00 00 00 00 00 00 00 00 00 00 00 00 00 00 00 00
                                 00501ab82480 00 00 00 00 00 00 00 00 00 00 00 00 00 00 00 00
                                 00501ab82490 00 00 00 00 00 00 00 00 00 00 00 00 00 00 00 00
                                 00501ab824a0 00 00 00 00 00 00 00 00 00 00 00 00 00 00 00 00
                                 00501ab824b0 00 00 00 00 00 00 00 00 00 00 00 00 00 00 00 00
                                 00501ab824c0 00 00 00 00 00 00 00 00 00 00 00 00 00 00 00 00
                                 00501ab824d0 00 00 00 00 00 00 00 00 00 00 00 00 00 00 00 00
                                 00501ab824e0 00 00 00 00 00 00 00 00 00 00 00 00 00 00 00 00
                                 00501ab824f0 00 00 00 00 00 00 00 00 00 00 00 00 00 00 00 00
